[ 2016-05-19T15:22:16+08:00 ] 127.0.0.1 /Home/Write/ajaxclass.html
INFO: [ app_begin ] --START--
INFO: Run Behavior\ReadHtmlCacheBehavior [ RunTime:0.000000s ]
INFO: [ app_begin ] --END-- [ RunTime:0.000000s ]
SQL: SHOW COLUMNS FROM `sc_class` [ RunTime:0.000000s ]
SQL: SELECT * FROM `sc_class` WHERE ( Class_Pid=9 )  [ RunTime:0.000000s ]
INFO: [ app_end ] --START--
INFO: Run Behavior\ShowPageTraceBehavior [ RunTime:0.000000s ]
INFO: [ app_end ] --END-- [ RunTime:0.000000s ]

[ 2016-05-19T15:25:06+08:00 ] 127.0.0.1 /Home/Write/ajaxclass.html
INFO: [ app_begin ] --START--
INFO: Run Behavior\ReadHtmlCacheBehavior [ RunTime:0.000000s ]
INFO: [ app_begin ] --END-- [ RunTime:0.000000s ]
SQL: SHOW COLUMNS FROM `sc_class` [ RunTime:0.000000s ]
SQL: SELECT * FROM `sc_class` WHERE ( Class_Pid=8 )  [ RunTime:0.000000s ]
INFO: [ app_end ] --START--
INFO: Run Behavior\ShowPageTraceBehavior [ RunTime:0.000000s ]
INFO: [ app_end ] --END-- [ RunTime:0.000000s ]

[ 2016-05-19T15:25:08+08:00 ] 127.0.0.1 /Home/Write/ajaxclass.html
INFO: [ app_begin ] --START--
INFO: Run Behavior\ReadHtmlCacheBehavior [ RunTime:0.000000s ]
INFO: [ app_begin ] --END-- [ RunTime:0.000000s ]
SQL: SHOW COLUMNS FROM `sc_class` [ RunTime:0.000000s ]
SQL: SELECT * FROM `sc_class` WHERE ( Class_Pid=7 )  [ RunTime:0.000000s ]
INFO: [ app_end ] --START--
INFO: Run Behavior\ShowPageTraceBehavior [ RunTime:0.000000s ]
INFO: [ app_end ] --END-- [ RunTime:0.000000s ]

[ 2016-05-19T15:25:10+08:00 ] 127.0.0.1 /Home/Write/ajaxclass.html
INFO: [ app_begin ] --START--
INFO: Run Behavior\ReadHtmlCacheBehavior [ RunTime:0.015625s ]
INFO: [ app_begin ] --END-- [ RunTime:0.015625s ]
SQL: SHOW COLUMNS FROM `sc_class` [ RunTime:0.000000s ]
SQL: SELECT * FROM `sc_class` WHERE ( Class_Pid=9 )  [ RunTime:0.000000s ]
INFO: [ app_end ] --START--
INFO: Run Behavior\ShowPageTraceBehavior [ RunTime:0.000000s ]
INFO: [ app_end ] --END-- [ RunTime:0.015625s ]

[ 2016-05-19T15:25:19+08:00 ] 127.0.0.1 /Home/Write/ajaxclass.html
INFO: [ app_begin ] --START--
INFO: Run Behavior\ReadHtmlCacheBehavior [ RunTime:0.000000s ]
INFO: [ app_begin ] --END-- [ RunTime:0.000000s ]
SQL: SHOW COLUMNS FROM `sc_class` [ RunTime:0.015625s ]
SQL: SELECT * FROM `sc_class` WHERE ( Class_Pid=6 )  [ RunTime:0.000000s ]
INFO: [ app_end ] --START--
INFO: Run Behavior\ShowPageTraceBehavior [ RunTime:0.000000s ]
INFO: [ app_end ] --END-- [ RunTime:0.000000s ]

[ 2016-05-19T15:25:27+08:00 ] 127.0.0.1 /Home/Write/ajaxclass.html
INFO: [ app_begin ] --START--
INFO: Run Behavior\ReadHtmlCacheBehavior [ RunTime:0.000000s ]
INFO: [ app_begin ] --END-- [ RunTime:0.000000s ]
SQL: SHOW COLUMNS FROM `sc_class` [ RunTime:0.015625s ]
SQL: SELECT * FROM `sc_class` WHERE ( Class_Pid=9 )  [ RunTime:0.000000s ]
INFO: [ app_end ] --START--
INFO: Run Behavior\ShowPageTraceBehavior [ RunTime:0.000000s ]
INFO: [ app_end ] --END-- [ RunTime:0.000000s ]

[ 2016-05-19T15:27:18+08:00 ] 127.0.0.1 /Home/Write/ajaxclass.html
INFO: [ app_begin ] --START--
INFO: Run Behavior\ReadHtmlCacheBehavior [ RunTime:0.000000s ]
INFO: [ app_begin ] --END-- [ RunTime:0.000000s ]
SQL: SHOW COLUMNS FROM `sc_class` [ RunTime:0.000000s ]
SQL: SELECT * FROM `sc_class` WHERE ( Class_Pid=8 )  [ RunTime:0.000000s ]
INFO: [ app_end ] --START--
INFO: Run Behavior\ShowPageTraceBehavior [ RunTime:0.015625s ]
INFO: [ app_end ] --END-- [ RunTime:0.015625s ]

[ 2016-05-19T15:27:22+08:00 ] 127.0.0.1 /Home/Write/ajaxclass.html
INFO: [ app_begin ] --START--
INFO: Run Behavior\ReadHtmlCacheBehavior [ RunTime:0.000000s ]
INFO: [ app_begin ] --END-- [ RunTime:0.000000s ]
SQL: SHOW COLUMNS FROM `sc_class` [ RunTime:0.015625s ]
SQL: SELECT * FROM `sc_class` WHERE ( Class_Pid=6 )  [ RunTime:0.000000s ]
INFO: [ app_end ] --START--
INFO: Run Behavior\ShowPageTraceBehavior [ RunTime:0.000000s ]
INFO: [ app_end ] --END-- [ RunTime:0.000000s ]

[ 2016-05-19T15:27:38+08:00 ] 127.0.0.1 /Home/Write/ajaxclass.html
INFO: [ app_begin ] --START--
INFO: Run Behavior\ReadHtmlCacheBehavior [ RunTime:0.015625s ]
INFO: [ app_begin ] --END-- [ RunTime:0.015625s ]
SQL: SHOW COLUMNS FROM `sc_class` [ RunTime:0.031250s ]
SQL: SELECT * FROM `sc_class` WHERE ( Class_Pid=7 )  [ RunTime:0.000000s ]
INFO: [ app_end ] --START--
INFO: Run Behavior\ShowPageTraceBehavior [ RunTime:0.000000s ]
INFO: [ app_end ] --END-- [ RunTime:0.000000s ]

[ 2016-05-19T15:27:41+08:00 ] 127.0.0.1 /Home/Write/ajaxclass.html
INFO: [ app_begin ] --START--
INFO: Run Behavior\ReadHtmlCacheBehavior [ RunTime:0.000000s ]
INFO: [ app_begin ] --END-- [ RunTime:0.000000s ]
SQL: SHOW COLUMNS FROM `sc_class` [ RunTime:0.015625s ]
SQL: SELECT * FROM `sc_class` WHERE ( Class_Pid=5 )  [ RunTime:0.000000s ]
INFO: [ app_end ] --START--
INFO: Run Behavior\ShowPageTraceBehavior [ RunTime:0.000000s ]
INFO: [ app_end ] --END-- [ RunTime:0.000000s ]

[ 2016-05-19T15:27:43+08:00 ] 127.0.0.1 /Home/Write/ajaxclass.html
INFO: [ app_begin ] --START--
INFO: Run Behavior\ReadHtmlCacheBehavior [ RunTime:0.000000s ]
INFO: [ app_begin ] --END-- [ RunTime:0.000000s ]
SQL: SHOW COLUMNS FROM `sc_class` [ RunTime:0.000000s ]
SQL: SELECT * FROM `sc_class` WHERE ( Class_Pid=8 )  [ RunTime:0.000000s ]
INFO: [ app_end ] --START--
INFO: Run Behavior\ShowPageTraceBehavior [ RunTime:0.000000s ]
INFO: [ app_end ] --END-- [ RunTime:0.000000s ]

[ 2016-05-19T15:27:46+08:00 ] 127.0.0.1 /Home/Write/ajaxclass.html
INFO: [ app_begin ] --START--
INFO: Run Behavior\ReadHtmlCacheBehavior [ RunTime:0.000000s ]
INFO: [ app_begin ] --END-- [ RunTime:0.000000s ]
SQL: SHOW COLUMNS FROM `sc_class` [ RunTime:0.015625s ]
SQL: SELECT * FROM `sc_class` WHERE ( Class_Pid=9 )  [ RunTime:0.000000s ]
INFO: [ app_end ] --START--
INFO: Run Behavior\ShowPageTraceBehavior [ RunTime:0.000000s ]
INFO: [ app_end ] --END-- [ RunTime:0.000000s ]

[ 2016-05-19T15:27:48+08:00 ] 127.0.0.1 /Home/Write/ajaxclass.html
INFO: [ app_begin ] --START--
INFO: Run Behavior\ReadHtmlCacheBehavior [ RunTime:0.000000s ]
INFO: [ app_begin ] --END-- [ RunTime:0.000000s ]
SQL: SHOW COLUMNS FROM `sc_class` [ RunTime:0.000000s ]
SQL: SELECT * FROM `sc_class` WHERE ( Class_Pid=4 )  [ RunTime:0.000000s ]
INFO: [ app_end ] --START--
INFO: Run Behavior\ShowPageTraceBehavior [ RunTime:0.000000s ]
INFO: [ app_end ] --END-- [ RunTime:0.000000s ]

[ 2016-05-19T15:31:44+08:00 ] 127.0.0.1 /Home/Write/ajaxclass.html
INFO: [ app_begin ] --START--
INFO: Run Behavior\ReadHtmlCacheBehavior [ RunTime:0.015625s ]
INFO: [ app_begin ] --END-- [ RunTime:0.015625s ]
SQL: SHOW COLUMNS FROM `sc_class` [ RunTime:0.015625s ]
SQL: SELECT * FROM `sc_class` WHERE ( Class_Pid=6 )  [ RunTime:0.000000s ]
INFO: [ app_end ] --START--
INFO: Run Behavior\ShowPageTraceBehavior [ RunTime:0.000000s ]
INFO: [ app_end ] --END-- [ RunTime:0.000000s ]

[ 2016-05-19T15:31:46+08:00 ] 127.0.0.1 /Home/Write/ajaxclass.html
INFO: [ app_begin ] --START--
INFO: Run Behavior\ReadHtmlCacheBehavior [ RunTime:0.000000s ]
INFO: [ app_begin ] --END-- [ RunTime:0.000000s ]
SQL: SHOW COLUMNS FROM `sc_class` [ RunTime:0.015625s ]
SQL: SELECT * FROM `sc_class` WHERE ( Class_Pid=8 )  [ RunTime:0.000000s ]
INFO: [ app_end ] --START--
INFO: Run Behavior\ShowPageTraceBehavior [ RunTime:0.000000s ]
INFO: [ app_end ] --END-- [ RunTime:0.000000s ]

[ 2016-05-19T15:31:54+08:00 ] 127.0.0.1 /Home/Write/ajaxclass.html
INFO: [ app_begin ] --START--
INFO: Run Behavior\ReadHtmlCacheBehavior [ RunTime:0.000000s ]
INFO: [ app_begin ] --END-- [ RunTime:0.000000s ]
SQL: SHOW COLUMNS FROM `sc_class` [ RunTime:0.000000s ]
SQL: SELECT * FROM `sc_class` WHERE ( Class_Pid=20 )  [ RunTime:0.000000s ]
INFO: [ app_end ] --START--
INFO: Run Behavior\ShowPageTraceBehavior [ RunTime:0.000000s ]
INFO: [ app_end ] --END-- [ RunTime:0.000000s ]

[ 2016-05-19T15:31:56+08:00 ] 127.0.0.1 /Home/Write/ajaxclass.html
INFO: [ app_begin ] --START--
INFO: Run Behavior\ReadHtmlCacheBehavior [ RunTime:0.000000s ]
INFO: [ app_begin ] --END-- [ RunTime:0.000000s ]
SQL: SHOW COLUMNS FROM `sc_class` [ RunTime:0.000000s ]
SQL: SELECT * FROM `sc_class` WHERE ( Class_Pid=9 )  [ RunTime:0.000000s ]
INFO: [ app_end ] --START--
INFO: Run Behavior\ShowPageTraceBehavior [ RunTime:0.000000s ]
INFO: [ app_end ] --END-- [ RunTime:0.000000s ]

[ 2016-05-19T15:32:00+08:00 ] 127.0.0.1 /Home/Write/ajaxclass.html
INFO: [ app_begin ] --START--
INFO: Run Behavior\ReadHtmlCacheBehavior [ RunTime:0.000000s ]
INFO: [ app_begin ] --END-- [ RunTime:0.000000s ]
SQL: SHOW COLUMNS FROM `sc_class` [ RunTime:0.000000s ]
SQL: SELECT * FROM `sc_class` WHERE ( Class_Pid=7 )  [ RunTime:0.000000s ]
INFO: [ app_end ] --START--
INFO: Run Behavior\ShowPageTraceBehavior [ RunTime:0.000000s ]
INFO: [ app_end ] --END-- [ RunTime:0.000000s ]

[ 2016-05-19T15:36:55+08:00 ] 127.0.0.1 /Home/Write/ajaxclass.html
INFO: [ app_begin ] --START--
INFO: Run Behavior\ReadHtmlCacheBehavior [ RunTime:0.000000s ]
INFO: [ app_begin ] --END-- [ RunTime:0.000000s ]
SQL: SHOW COLUMNS FROM `sc_class` [ RunTime:0.015625s ]
SQL: SELECT * FROM `sc_class` WHERE ( Class_Pid=4 )  [ RunTime:0.000000s ]
INFO: [ app_end ] --START--
INFO: Run Behavior\ShowPageTraceBehavior [ RunTime:0.000000s ]
INFO: [ app_end ] --END-- [ RunTime:0.000000s ]

[ 2016-05-19T15:36:57+08:00 ] 127.0.0.1 /Home/Write/ajaxclass.html
INFO: [ app_begin ] --START--
INFO: Run Behavior\ReadHtmlCacheBehavior [ RunTime:0.000000s ]
INFO: [ app_begin ] --END-- [ RunTime:0.000000s ]
SQL: SHOW COLUMNS FROM `sc_class` [ RunTime:0.000000s ]
SQL: SELECT * FROM `sc_class` WHERE ( Class_Pid=9 )  [ RunTime:0.000000s ]
INFO: [ app_end ] --START--
INFO: Run Behavior\ShowPageTraceBehavior [ RunTime:0.000000s ]
INFO: [ app_end ] --END-- [ RunTime:0.000000s ]

[ 2016-05-19T15:36:59+08:00 ] 127.0.0.1 /Home/Write/ajaxclass.html
INFO: [ app_begin ] --START--
INFO: Run Behavior\ReadHtmlCacheBehavior [ RunTime:0.000000s ]
INFO: [ app_begin ] --END-- [ RunTime:0.000000s ]
SQL: SHOW COLUMNS FROM `sc_class` [ RunTime:0.000000s ]
SQL: SELECT * FROM `sc_class` WHERE ( Class_Pid=7 )  [ RunTime:0.000000s ]
INFO: [ app_end ] --START--
INFO: Run Behavior\ShowPageTraceBehavior [ RunTime:0.000000s ]
INFO: [ app_end ] --END-- [ RunTime:0.000000s ]

[ 2016-05-19T15:37:02+08:00 ] 127.0.0.1 /Home/Write/ajaxclass.html
INFO: [ app_begin ] --START--
INFO: Run Behavior\ReadHtmlCacheBehavior [ RunTime:0.000000s ]
INFO: [ app_begin ] --END-- [ RunTime:0.000000s ]
SQL: SHOW COLUMNS FROM `sc_class` [ RunTime:0.000000s ]
SQL: SELECT * FROM `sc_class` WHERE ( Class_Pid=4 )  [ RunTime:0.000000s ]
INFO: [ app_end ] --START--
INFO: Run Behavior\ShowPageTraceBehavior [ RunTime:0.000000s ]
INFO: [ app_end ] --END-- [ RunTime:0.000000s ]

[ 2016-05-19T15:37:04+08:00 ] 127.0.0.1 /Home/Write/ajaxclass.html
INFO: [ app_begin ] --START--
INFO: Run Behavior\ReadHtmlCacheBehavior [ RunTime:0.000000s ]
INFO: [ app_begin ] --END-- [ RunTime:0.000000s ]
SQL: SHOW COLUMNS FROM `sc_class` [ RunTime:0.000000s ]
SQL: SELECT * FROM `sc_class` WHERE ( Class_Pid=9 )  [ RunTime:0.000000s ]
INFO: [ app_end ] --START--
INFO: Run Behavior\ShowPageTraceBehavior [ RunTime:0.000000s ]
INFO: [ app_end ] --END-- [ RunTime:0.000000s ]

[ 2016-05-19T15:37:27+08:00 ] 127.0.0.1 /Home/Write/ajaxclass.html
INFO: [ app_begin ] --START--
INFO: Run Behavior\ReadHtmlCacheBehavior [ RunTime:0.000000s ]
INFO: [ app_begin ] --END-- [ RunTime:0.000000s ]
SQL: SHOW COLUMNS FROM `sc_class` [ RunTime:0.000000s ]
SQL: SELECT * FROM `sc_class` WHERE ( Class_Pid=5 )  [ RunTime:0.000000s ]
INFO: [ app_end ] --START--
INFO: Run Behavior\ShowPageTraceBehavior [ RunTime:0.000000s ]
INFO: [ app_end ] --END-- [ RunTime:0.000000s ]

[ 2016-05-19T15:37:29+08:00 ] 127.0.0.1 /Home/Write/ajaxclass.html
INFO: [ app_begin ] --START--
INFO: Run Behavior\ReadHtmlCacheBehavior [ RunTime:0.000000s ]
INFO: [ app_begin ] --END-- [ RunTime:0.000000s ]
SQL: SHOW COLUMNS FROM `sc_class` [ RunTime:0.000000s ]
SQL: SELECT * FROM `sc_class` WHERE ( Class_Pid=6 )  [ RunTime:0.000000s ]
INFO: [ app_end ] --START--
INFO: Run Behavior\ShowPageTraceBehavior [ RunTime:0.000000s ]
INFO: [ app_end ] --END-- [ RunTime:0.000000s ]

[ 2016-05-19T15:37:31+08:00 ] 127.0.0.1 /Home/Write/ajaxclass.html
INFO: [ app_begin ] --START--
INFO: Run Behavior\ReadHtmlCacheBehavior [ RunTime:0.000000s ]
INFO: [ app_begin ] --END-- [ RunTime:0.015625s ]
SQL: SHOW COLUMNS FROM `sc_class` [ RunTime:0.000000s ]
SQL: SELECT * FROM `sc_class` WHERE ( Class_Pid=4 )  [ RunTime:0.000000s ]
INFO: [ app_end ] --START--
INFO: Run Behavior\ShowPageTraceBehavior [ RunTime:0.000000s ]
INFO: [ app_end ] --END-- [ RunTime:0.015625s ]

[ 2016-05-19T15:37:43+08:00 ] 127.0.0.1 /Home/Write/ajaxclass.html
INFO: [ app_begin ] --START--
INFO: Run Behavior\ReadHtmlCacheBehavior [ RunTime:0.000000s ]
INFO: [ app_begin ] --END-- [ RunTime:0.000000s ]
SQL: SHOW COLUMNS FROM `sc_class` [ RunTime:0.000000s ]
SQL: SELECT * FROM `sc_class` WHERE ( Class_Pid=8 )  [ RunTime:0.000000s ]
INFO: [ app_end ] --START--
INFO: Run Behavior\ShowPageTraceBehavior [ RunTime:0.000000s ]
INFO: [ app_end ] --END-- [ RunTime:0.000000s ]

[ 2016-05-19T15:37:44+08:00 ] 127.0.0.1 /Home/Write/ajaxclass.html
INFO: [ app_begin ] --START--
INFO: Run Behavior\ReadHtmlCacheBehavior [ RunTime:0.000000s ]
INFO: [ app_begin ] --END-- [ RunTime:0.015625s ]
SQL: SHOW COLUMNS FROM `sc_class` [ RunTime:0.000000s ]
SQL: SELECT * FROM `sc_class` WHERE ( Class_Pid=1 )  [ RunTime:0.000000s ]
INFO: [ app_end ] --START--
INFO: Run Behavior\ShowPageTraceBehavior [ RunTime:0.015625s ]
INFO: [ app_end ] --END-- [ RunTime:0.015625s ]

[ 2016-05-19T15:37:48+08:00 ] 127.0.0.1 /Home/Write/ajaxclass.html
INFO: [ app_begin ] --START--
INFO: Run Behavior\ReadHtmlCacheBehavior [ RunTime:0.000000s ]
INFO: [ app_begin ] --END-- [ RunTime:0.000000s ]
SQL: SHOW COLUMNS FROM `sc_class` [ RunTime:0.015625s ]
SQL: SELECT * FROM `sc_class` WHERE ( Class_Pid=8 )  [ RunTime:0.000000s ]
INFO: [ app_end ] --START--
INFO: Run Behavior\ShowPageTraceBehavior [ RunTime:0.000000s ]
INFO: [ app_end ] --END-- [ RunTime:0.000000s ]

[ 2016-05-19T15:37:51+08:00 ] 127.0.0.1 /Home/Write/ajaxclass.html
INFO: [ app_begin ] --START--
INFO: Run Behavior\ReadHtmlCacheBehavior [ RunTime:0.000000s ]
INFO: [ app_begin ] --END-- [ RunTime:0.000000s ]
SQL: SHOW COLUMNS FROM `sc_class` [ RunTime:0.000000s ]
SQL: SELECT * FROM `sc_class` WHERE ( Class_Pid=2 )  [ RunTime:0.000000s ]
INFO: [ app_end ] --START--
INFO: Run Behavior\ShowPageTraceBehavior [ RunTime:0.000000s ]
INFO: [ app_end ] --END-- [ RunTime:0.000000s ]

[ 2016-05-19T15:37:54+08:00 ] 127.0.0.1 /Home/Write/ajaxclass.html
INFO: [ app_begin ] --START--
INFO: Run Behavior\ReadHtmlCacheBehavior [ RunTime:0.000000s ]
INFO: [ app_begin ] --END-- [ RunTime:0.000000s ]
SQL: SHOW COLUMNS FROM `sc_class` [ RunTime:0.015625s ]
SQL: SELECT * FROM `sc_class` WHERE ( Class_Pid=6 )  [ RunTime:0.000000s ]
INFO: [ app_end ] --START--
INFO: Run Behavior\ShowPageTraceBehavior [ RunTime:0.000000s ]
INFO: [ app_end ] --END-- [ RunTime:0.000000s ]

[ 2016-05-19T15:37:56+08:00 ] 127.0.0.1 /Home/Write/ajaxclass.html
INFO: [ app_begin ] --START--
INFO: Run Behavior\ReadHtmlCacheBehavior [ RunTime:0.000000s ]
INFO: [ app_begin ] --END-- [ RunTime:0.000000s ]
SQL: SHOW COLUMNS FROM `sc_class` [ RunTime:0.000000s ]
SQL: SELECT * FROM `sc_class` WHERE ( Class_Pid=5 )  [ RunTime:0.000000s ]
INFO: [ app_end ] --START--
INFO: Run Behavior\ShowPageTraceBehavior [ RunTime:0.000000s ]
INFO: [ app_end ] --END-- [ RunTime:0.000000s ]

[ 2016-05-19T15:38:09+08:00 ] 127.0.0.1 /Home/Write/ajaxclass.html
INFO: [ app_begin ] --START--
INFO: Run Behavior\ReadHtmlCacheBehavior [ RunTime:0.015625s ]
INFO: [ app_begin ] --END-- [ RunTime:0.015625s ]
SQL: SHOW COLUMNS FROM `sc_class` [ RunTime:0.000000s ]
SQL: SELECT * FROM `sc_class` WHERE ( Class_Pid=6 )  [ RunTime:0.000000s ]
INFO: [ app_end ] --START--
INFO: Run Behavior\ShowPageTraceBehavior [ RunTime:0.000000s ]
INFO: [ app_end ] --END-- [ RunTime:0.015625s ]

[ 2016-05-19T15:38:13+08:00 ] 127.0.0.1 /Home/Write/ajaxclass.html
INFO: [ app_begin ] --START--
INFO: Run Behavior\ReadHtmlCacheBehavior [ RunTime:0.000000s ]
INFO: [ app_begin ] --END-- [ RunTime:0.000000s ]
SQL: SHOW COLUMNS FROM `sc_class` [ RunTime:0.015625s ]
SQL: SELECT * FROM `sc_class` WHERE ( Class_Pid=5 )  [ RunTime:0.000000s ]
INFO: [ app_end ] --START--
INFO: Run Behavior\ShowPageTraceBehavior [ RunTime:0.000000s ]
INFO: [ app_end ] --END-- [ RunTime:0.000000s ]

[ 2016-05-19T15:38:15+08:00 ] 127.0.0.1 /Home/Write/ajaxclass.html
INFO: [ app_begin ] --START--
INFO: Run Behavior\ReadHtmlCacheBehavior [ RunTime:0.000000s ]
INFO: [ app_begin ] --END-- [ RunTime:0.000000s ]
SQL: SHOW COLUMNS FROM `sc_class` [ RunTime:0.000000s ]
SQL: SELECT * FROM `sc_class` WHERE ( Class_Pid=7 )  [ RunTime:0.000000s ]
INFO: [ app_end ] --START--
INFO: Run Behavior\ShowPageTraceBehavior [ RunTime:0.000000s ]
INFO: [ app_end ] --END-- [ RunTime:0.000000s ]

[ 2016-05-19T15:38:18+08:00 ] 127.0.0.1 /Home/Write/ajaxclass.html
INFO: [ app_begin ] --START--
INFO: Run Behavior\ReadHtmlCacheBehavior [ RunTime:0.000000s ]
INFO: [ app_begin ] --END-- [ RunTime:0.000000s ]
SQL: SHOW COLUMNS FROM `sc_class` [ RunTime:0.000000s ]
SQL: SELECT * FROM `sc_class` WHERE ( Class_Pid=9 )  [ RunTime:0.000000s ]
INFO: [ app_end ] --START--
INFO: Run Behavior\ShowPageTraceBehavior [ RunTime:0.000000s ]
INFO: [ app_end ] --END-- [ RunTime:0.000000s ]

[ 2016-05-19T15:38:34+08:00 ] 127.0.0.1 /Home/Write/ajaxclass.html
INFO: [ app_begin ] --START--
INFO: Run Behavior\ReadHtmlCacheBehavior [ RunTime:0.015625s ]
INFO: [ app_begin ] --END-- [ RunTime:0.015625s ]
SQL: SHOW COLUMNS FROM `sc_class` [ RunTime:0.000000s ]
SQL: SELECT * FROM `sc_class` WHERE ( Class_Pid=5 )  [ RunTime:0.000000s ]
INFO: [ app_end ] --START--
INFO: Run Behavior\ShowPageTraceBehavior [ RunTime:0.000000s ]
INFO: [ app_end ] --END-- [ RunTime:0.000000s ]

[ 2016-05-19T15:38:49+08:00 ] 127.0.0.1 /Home/Write/ajaxclass.html
INFO: [ app_begin ] --START--
INFO: Run Behavior\ReadHtmlCacheBehavior [ RunTime:0.000000s ]
INFO: [ app_begin ] --END-- [ RunTime:0.000000s ]
SQL: SHOW COLUMNS FROM `sc_class` [ RunTime:0.000000s ]
SQL: SELECT * FROM `sc_class` WHERE ( Class_Pid=2 )  [ RunTime:0.000000s ]
INFO: [ app_end ] --START--
INFO: Run Behavior\ShowPageTraceBehavior [ RunTime:0.000000s ]
INFO: [ app_end ] --END-- [ RunTime:0.000000s ]

[ 2016-05-19T15:38:52+08:00 ] 127.0.0.1 /Home/Write/ajaxclass.html
INFO: [ app_begin ] --START--
INFO: Run Behavior\ReadHtmlCacheBehavior [ RunTime:0.000000s ]
INFO: [ app_begin ] --END-- [ RunTime:0.000000s ]
SQL: SHOW COLUMNS FROM `sc_class` [ RunTime:0.000000s ]
SQL: SELECT * FROM `sc_class` WHERE ( Class_Pid=8 )  [ RunTime:0.000000s ]
INFO: [ app_end ] --START--
INFO: Run Behavior\ShowPageTraceBehavior [ RunTime:0.000000s ]
INFO: [ app_end ] --END-- [ RunTime:0.000000s ]

[ 2016-05-19T15:39:11+08:00 ] 127.0.0.1 /Home/Write/ajaxclass.html
INFO: [ app_begin ] --START--
INFO: Run Behavior\ReadHtmlCacheBehavior [ RunTime:0.000000s ]
INFO: [ app_begin ] --END-- [ RunTime:0.000000s ]
SQL: SHOW COLUMNS FROM `sc_class` [ RunTime:0.031250s ]
SQL: SELECT * FROM `sc_class` WHERE ( Class_Pid=5 )  [ RunTime:0.000000s ]
INFO: [ app_end ] --START--
INFO: Run Behavior\ShowPageTraceBehavior [ RunTime:0.000000s ]
INFO: [ app_end ] --END-- [ RunTime:0.000000s ]

[ 2016-05-19T15:39:31+08:00 ] 127.0.0.1 /Home/Write/ajaxclass.html
INFO: [ app_begin ] --START--
INFO: Run Behavior\ReadHtmlCacheBehavior [ RunTime:0.000000s ]
INFO: [ app_begin ] --END-- [ RunTime:0.000000s ]
SQL: SHOW COLUMNS FROM `sc_class` [ RunTime:0.000000s ]
SQL: SELECT * FROM `sc_class` WHERE ( Class_Pid=8 )  [ RunTime:0.000000s ]
INFO: [ app_end ] --START--
INFO: Run Behavior\ShowPageTraceBehavior [ RunTime:0.000000s ]
INFO: [ app_end ] --END-- [ RunTime:0.000000s ]

[ 2016-05-19T15:43:38+08:00 ] 127.0.0.1 /Home/Write/ajaxclass.html
INFO: [ app_begin ] --START--
INFO: Run Behavior\ReadHtmlCacheBehavior [ RunTime:0.000000s ]
INFO: [ app_begin ] --END-- [ RunTime:0.000000s ]
SQL: SHOW COLUMNS FROM `sc_class` [ RunTime:0.015625s ]
SQL: SELECT * FROM `sc_class` WHERE ( Class_Pid=9 )  [ RunTime:0.000000s ]
INFO: [ app_end ] --START--
INFO: Run Behavior\ShowPageTraceBehavior [ RunTime:0.000000s ]
INFO: [ app_end ] --END-- [ RunTime:0.000000s ]

[ 2016-05-19T15:44:01+08:00 ] 127.0.0.1 /Home/Write/ajaxclass.html
INFO: [ app_begin ] --START--
INFO: Run Behavior\ReadHtmlCacheBehavior [ RunTime:0.000000s ]
INFO: [ app_begin ] --END-- [ RunTime:0.000000s ]
SQL: SHOW COLUMNS FROM `sc_class` [ RunTime:0.062500s ]
SQL: SELECT * FROM `sc_class` WHERE ( Class_Pid=7 )  [ RunTime:0.000000s ]
INFO: [ app_end ] --START--
INFO: Run Behavior\ShowPageTraceBehavior [ RunTime:0.000000s ]
INFO: [ app_end ] --END-- [ RunTime:0.000000s ]

[ 2016-05-19T15:44:03+08:00 ] 127.0.0.1 /Home/Write/ajaxclass.html
INFO: [ app_begin ] --START--
INFO: Run Behavior\ReadHtmlCacheBehavior [ RunTime:0.000000s ]
INFO: [ app_begin ] --END-- [ RunTime:0.000000s ]
SQL: SHOW COLUMNS FROM `sc_class` [ RunTime:0.000000s ]
SQL: SELECT * FROM `sc_class` WHERE ( Class_Pid=4 )  [ RunTime:0.000000s ]
INFO: [ app_end ] --START--
INFO: Run Behavior\ShowPageTraceBehavior [ RunTime:0.000000s ]
INFO: [ app_end ] --END-- [ RunTime:0.000000s ]

[ 2016-05-19T15:44:05+08:00 ] 127.0.0.1 /Home/Write/ajaxclass.html
INFO: [ app_begin ] --START--
INFO: Run Behavior\ReadHtmlCacheBehavior [ RunTime:0.000000s ]
INFO: [ app_begin ] --END-- [ RunTime:0.000000s ]
SQL: SHOW COLUMNS FROM `sc_class` [ RunTime:0.015625s ]
SQL: SELECT * FROM `sc_class` WHERE ( Class_Pid=8 )  [ RunTime:0.000000s ]
INFO: [ app_end ] --START--
INFO: Run Behavior\ShowPageTraceBehavior [ RunTime:0.000000s ]
INFO: [ app_end ] --END-- [ RunTime:0.000000s ]

[ 2016-05-19T15:44:13+08:00 ] 127.0.0.1 /Home/Write/ajaxclass.html
INFO: [ app_begin ] --START--
INFO: Run Behavior\ReadHtmlCacheBehavior [ RunTime:0.000000s ]
INFO: [ app_begin ] --END-- [ RunTime:0.000000s ]
SQL: SHOW COLUMNS FROM `sc_class` [ RunTime:0.000000s ]
SQL: SELECT * FROM `sc_class` WHERE ( Class_Pid=7 )  [ RunTime:0.000000s ]
INFO: [ app_end ] --START--
INFO: Run Behavior\ShowPageTraceBehavior [ RunTime:0.000000s ]
INFO: [ app_end ] --END-- [ RunTime:0.000000s ]

[ 2016-05-19T15:44:15+08:00 ] 127.0.0.1 /Home/Write/ajaxclass.html
INFO: [ app_begin ] --START--
INFO: Run Behavior\ReadHtmlCacheBehavior [ RunTime:0.000000s ]
INFO: [ app_begin ] --END-- [ RunTime:0.000000s ]
SQL: SHOW COLUMNS FROM `sc_class` [ RunTime:0.015625s ]
SQL: SELECT * FROM `sc_class` WHERE ( Class_Pid=9 )  [ RunTime:0.000000s ]
INFO: [ app_end ] --START--
INFO: Run Behavior\ShowPageTraceBehavior [ RunTime:0.000000s ]
INFO: [ app_end ] --END-- [ RunTime:0.000000s ]

[ 2016-05-19T15:44:17+08:00 ] 127.0.0.1 /Home/Write/ajaxclass.html
INFO: [ app_begin ] --START--
INFO: Run Behavior\ReadHtmlCacheBehavior [ RunTime:0.000000s ]
INFO: [ app_begin ] --END-- [ RunTime:0.000000s ]
SQL: SHOW COLUMNS FROM `sc_class` [ RunTime:0.046875s ]
SQL: SELECT * FROM `sc_class` WHERE ( Class_Pid=8 )  [ RunTime:0.000000s ]
INFO: [ app_end ] --START--
INFO: Run Behavior\ShowPageTraceBehavior [ RunTime:0.000000s ]
INFO: [ app_end ] --END-- [ RunTime:0.000000s ]

[ 2016-05-19T15:44:19+08:00 ] 127.0.0.1 /Home/Write/ajaxclass.html
INFO: [ app_begin ] --START--
INFO: Run Behavior\ReadHtmlCacheBehavior [ RunTime:0.000000s ]
INFO: [ app_begin ] --END-- [ RunTime:0.000000s ]
SQL: SHOW COLUMNS FROM `sc_class` [ RunTime:0.000000s ]
SQL: SELECT * FROM `sc_class` WHERE ( Class_Pid=5 )  [ RunTime:0.000000s ]
INFO: [ app_end ] --START--
INFO: Run Behavior\ShowPageTraceBehavior [ RunTime:0.000000s ]
INFO: [ app_end ] --END-- [ RunTime:0.000000s ]

[ 2016-05-19T15:44:22+08:00 ] 127.0.0.1 /Home/Write/ajaxclass.html
INFO: [ app_begin ] --START--
INFO: Run Behavior\ReadHtmlCacheBehavior [ RunTime:0.000000s ]
INFO: [ app_begin ] --END-- [ RunTime:0.000000s ]
SQL: SHOW COLUMNS FROM `sc_class` [ RunTime:0.000000s ]
SQL: SELECT * FROM `sc_class` WHERE ( Class_Pid=20 )  [ RunTime:0.000000s ]
INFO: [ app_end ] --START--
INFO: Run Behavior\ShowPageTraceBehavior [ RunTime:0.000000s ]
INFO: [ app_end ] --END-- [ RunTime:0.000000s ]

[ 2016-05-19T15:44:24+08:00 ] 127.0.0.1 /Home/Write/ajaxclass.html
INFO: [ app_begin ] --START--
INFO: Run Behavior\ReadHtmlCacheBehavior [ RunTime:0.000000s ]
INFO: [ app_begin ] --END-- [ RunTime:0.000000s ]
SQL: SHOW COLUMNS FROM `sc_class` [ RunTime:0.000000s ]
SQL: SELECT * FROM `sc_class` WHERE ( Class_Pid=8 )  [ RunTime:0.000000s ]
INFO: [ app_end ] --START--
INFO: Run Behavior\ShowPageTraceBehavior [ RunTime:0.000000s ]
INFO: [ app_end ] --END-- [ RunTime:0.000000s ]

[ 2016-05-19T15:45:19+08:00 ] 127.0.0.1 /Home/Write/ajaxclass.html
INFO: [ app_begin ] --START--
INFO: Run Behavior\ReadHtmlCacheBehavior [ RunTime:0.000000s ]
INFO: [ app_begin ] --END-- [ RunTime:0.000000s ]
SQL: SHOW COLUMNS FROM `sc_class` [ RunTime:0.015625s ]
SQL: SELECT * FROM `sc_class` WHERE ( Class_Pid=5 )  [ RunTime:0.000000s ]
INFO: [ app_end ] --START--
INFO: Run Behavior\ShowPageTraceBehavior [ RunTime:0.000000s ]
INFO: [ app_end ] --END-- [ RunTime:0.000000s ]

[ 2016-05-19T15:45:23+08:00 ] 127.0.0.1 /Home/Write/ajaxclass.html
INFO: [ app_begin ] --START--
INFO: Run Behavior\ReadHtmlCacheBehavior [ RunTime:0.000000s ]
INFO: [ app_begin ] --END-- [ RunTime:0.000000s ]
SQL: SHOW COLUMNS FROM `sc_class` [ RunTime:0.000000s ]
SQL: SELECT * FROM `sc_class` WHERE ( Class_Pid=7 )  [ RunTime:0.000000s ]
INFO: [ app_end ] --START--
INFO: Run Behavior\ShowPageTraceBehavior [ RunTime:0.000000s ]
INFO: [ app_end ] --END-- [ RunTime:0.000000s ]

[ 2016-05-19T15:45:26+08:00 ] 127.0.0.1 /Home/Write/ajaxclass.html
INFO: [ app_begin ] --START--
INFO: Run Behavior\ReadHtmlCacheBehavior [ RunTime:0.000000s ]
INFO: [ app_begin ] --END-- [ RunTime:0.000000s ]
SQL: SHOW COLUMNS FROM `sc_class` [ RunTime:0.000000s ]
SQL: SELECT * FROM `sc_class` WHERE ( Class_Pid=8 )  [ RunTime:0.000000s ]
INFO: [ app_end ] --START--
INFO: Run Behavior\ShowPageTraceBehavior [ RunTime:0.000000s ]
INFO: [ app_end ] --END-- [ RunTime:0.000000s ]

[ 2016-05-19T15:45:31+08:00 ] 127.0.0.1 /Home/Write/ajaxclass.html
INFO: [ app_begin ] --START--
INFO: Run Behavior\ReadHtmlCacheBehavior [ RunTime:0.000000s ]
INFO: [ app_begin ] --END-- [ RunTime:0.000000s ]
SQL: SHOW COLUMNS FROM `sc_class` [ RunTime:0.000000s ]
SQL: SELECT * FROM `sc_class` WHERE ( Class_Pid=3 )  [ RunTime:0.000000s ]
INFO: [ app_end ] --START--
INFO: Run Behavior\ShowPageTraceBehavior [ RunTime:0.000000s ]
INFO: [ app_end ] --END-- [ RunTime:0.000000s ]

[ 2016-05-19T15:46:28+08:00 ] 127.0.0.1 /Home/Write/ajaxclass.html
INFO: [ app_begin ] --START--
INFO: Run Behavior\ReadHtmlCacheBehavior [ RunTime:0.000000s ]
INFO: [ app_begin ] --END-- [ RunTime:0.000000s ]
SQL: SHOW COLUMNS FROM `sc_class` [ RunTime:0.015625s ]
SQL: SELECT * FROM `sc_class` WHERE ( Class_Pid=5 )  [ RunTime:0.000000s ]
INFO: [ app_end ] --START--
INFO: Run Behavior\ShowPageTraceBehavior [ RunTime:0.000000s ]
INFO: [ app_end ] --END-- [ RunTime:0.000000s ]

[ 2016-05-19T15:46:31+08:00 ] 127.0.0.1 /Home/Write/ajaxclass.html
INFO: [ app_begin ] --START--
INFO: Run Behavior\ReadHtmlCacheBehavior [ RunTime:0.000000s ]
INFO: [ app_begin ] --END-- [ RunTime:0.000000s ]
SQL: SHOW COLUMNS FROM `sc_class` [ RunTime:0.000000s ]
SQL: SELECT * FROM `sc_class` WHERE ( Class_Pid=8 )  [ RunTime:0.015625s ]
INFO: [ app_end ] --START--
INFO: Run Behavior\ShowPageTraceBehavior [ RunTime:0.000000s ]
INFO: [ app_end ] --END-- [ RunTime:0.000000s ]

[ 2016-05-19T15:46:47+08:00 ] 127.0.0.1 /Home/Write/ajaxclass.html
INFO: [ app_begin ] --START--
INFO: Run Behavior\ReadHtmlCacheBehavior [ RunTime:0.000000s ]
INFO: [ app_begin ] --END-- [ RunTime:0.000000s ]
SQL: SHOW COLUMNS FROM `sc_class` [ RunTime:0.015625s ]
SQL: SELECT * FROM `sc_class` WHERE ( Class_Pid=9 )  [ RunTime:0.000000s ]
INFO: [ app_end ] --START--
INFO: Run Behavior\ShowPageTraceBehavior [ RunTime:0.000000s ]
INFO: [ app_end ] --END-- [ RunTime:0.000000s ]

[ 2016-05-19T15:47:31+08:00 ] 127.0.0.1 /Home/Write/ajaxclass.html
INFO: [ app_begin ] --START--
INFO: Run Behavior\ReadHtmlCacheBehavior [ RunTime:0.000000s ]
INFO: [ app_begin ] --END-- [ RunTime:0.000000s ]
SQL: SHOW COLUMNS FROM `sc_class` [ RunTime:0.000000s ]
SQL: SELECT * FROM `sc_class` WHERE ( Class_Pid=8 )  [ RunTime:0.000000s ]
INFO: [ app_end ] --START--
INFO: Run Behavior\ShowPageTraceBehavior [ RunTime:0.000000s ]
INFO: [ app_end ] --END-- [ RunTime:0.000000s ]

[ 2016-05-19T15:47:33+08:00 ] 127.0.0.1 /Home/Write/ajaxclass.html
INFO: [ app_begin ] --START--
INFO: Run Behavior\ReadHtmlCacheBehavior [ RunTime:0.000000s ]
INFO: [ app_begin ] --END-- [ RunTime:0.000000s ]
SQL: SHOW COLUMNS FROM `sc_class` [ RunTime:0.000000s ]
SQL: SELECT * FROM `sc_class` WHERE ( Class_Pid=6 )  [ RunTime:0.000000s ]
INFO: [ app_end ] --START--
INFO: Run Behavior\ShowPageTraceBehavior [ RunTime:0.000000s ]
INFO: [ app_end ] --END-- [ RunTime:0.000000s ]

[ 2016-05-19T15:47:36+08:00 ] 127.0.0.1 /Home/Write/ajaxclass.html
INFO: [ app_begin ] --START--
INFO: Run Behavior\ReadHtmlCacheBehavior [ RunTime:0.000000s ]
INFO: [ app_begin ] --END-- [ RunTime:0.000000s ]
SQL: SHOW COLUMNS FROM `sc_class` [ RunTime:0.000000s ]
SQL: SELECT * FROM `sc_class` WHERE ( Class_Pid=3 )  [ RunTime:0.000000s ]
INFO: [ app_end ] --START--
INFO: Run Behavior\ShowPageTraceBehavior [ RunTime:0.000000s ]
INFO: [ app_end ] --END-- [ RunTime:0.000000s ]

[ 2016-05-19T15:47:39+08:00 ] 127.0.0.1 /Home/Write/ajaxclass.html
INFO: [ app_begin ] --START--
INFO: Run Behavior\ReadHtmlCacheBehavior [ RunTime:0.000000s ]
INFO: [ app_begin ] --END-- [ RunTime:0.000000s ]
SQL: SHOW COLUMNS FROM `sc_class` [ RunTime:0.015625s ]
SQL: SELECT * FROM `sc_class` WHERE ( Class_Pid=8 )  [ RunTime:0.000000s ]
INFO: [ app_end ] --START--
INFO: Run Behavior\ShowPageTraceBehavior [ RunTime:0.015625s ]
INFO: [ app_end ] --END-- [ RunTime:0.015625s ]

[ 2016-05-19T15:47:40+08:00 ] 127.0.0.1 /Home/Write/ajaxclass.html
INFO: [ app_begin ] --START--
INFO: Run Behavior\ReadHtmlCacheBehavior [ RunTime:0.000000s ]
INFO: [ app_begin ] --END-- [ RunTime:0.015625s ]
SQL: SHOW COLUMNS FROM `sc_class` [ RunTime:0.000000s ]
SQL: SELECT * FROM `sc_class` WHERE ( Class_Pid=7 )  [ RunTime:0.000000s ]
INFO: [ app_end ] --START--
INFO: Run Behavior\ShowPageTraceBehavior [ RunTime:0.000000s ]
INFO: [ app_end ] --END-- [ RunTime:0.000000s ]

[ 2016-05-19T15:47:42+08:00 ] 127.0.0.1 /Home/Write/ajaxclass.html
INFO: [ app_begin ] --START--
INFO: Run Behavior\ReadHtmlCacheBehavior [ RunTime:0.015625s ]
INFO: [ app_begin ] --END-- [ RunTime:0.015625s ]
SQL: SHOW COLUMNS FROM `sc_class` [ RunTime:0.000000s ]
SQL: SELECT * FROM `sc_class` WHERE ( Class_Pid=4 )  [ RunTime:0.000000s ]
INFO: [ app_end ] --START--
INFO: Run Behavior\ShowPageTraceBehavior [ RunTime:0.015625s ]
INFO: [ app_end ] --END-- [ RunTime:0.015625s ]

[ 2016-05-19T15:47:44+08:00 ] 127.0.0.1 /Home/Write/ajaxclass.html
INFO: [ app_begin ] --START--
INFO: Run Behavior\ReadHtmlCacheBehavior [ RunTime:0.000000s ]
INFO: [ app_begin ] --END-- [ RunTime:0.000000s ]
SQL: SHOW COLUMNS FROM `sc_class` [ RunTime:0.046875s ]
SQL: SELECT * FROM `sc_class` WHERE ( Class_Pid=7 )  [ RunTime:0.000000s ]
INFO: [ app_end ] --START--
INFO: Run Behavior\ShowPageTraceBehavior [ RunTime:0.000000s ]
INFO: [ app_end ] --END-- [ RunTime:0.000000s ]

[ 2016-05-19T15:47:46+08:00 ] 127.0.0.1 /Home/Write/ajaxclass.html
INFO: [ app_begin ] --START--
INFO: Run Behavior\ReadHtmlCacheBehavior [ RunTime:0.000000s ]
INFO: [ app_begin ] --END-- [ RunTime:0.000000s ]
SQL: SHOW COLUMNS FROM `sc_class` [ RunTime:0.046875s ]
SQL: SELECT * FROM `sc_class` WHERE ( Class_Pid=8 )  [ RunTime:0.000000s ]
INFO: [ app_end ] --START--
INFO: Run Behavior\ShowPageTraceBehavior [ RunTime:0.000000s ]
INFO: [ app_end ] --END-- [ RunTime:0.000000s ]

[ 2016-05-19T15:47:51+08:00 ] 127.0.0.1 /Home/Write/ajaxclass.html
INFO: [ app_begin ] --START--
INFO: Run Behavior\ReadHtmlCacheBehavior [ RunTime:0.000000s ]
INFO: [ app_begin ] --END-- [ RunTime:0.000000s ]
SQL: SHOW COLUMNS FROM `sc_class` [ RunTime:0.000000s ]
SQL: SELECT * FROM `sc_class` WHERE ( Class_Pid=4 )  [ RunTime:0.000000s ]
INFO: [ app_end ] --START--
INFO: Run Behavior\ShowPageTraceBehavior [ RunTime:0.000000s ]
INFO: [ app_end ] --END-- [ RunTime:0.000000s ]

[ 2016-05-19T15:47:55+08:00 ] 127.0.0.1 /Home/Write/ajaxclass.html
INFO: [ app_begin ] --START--
INFO: Run Behavior\ReadHtmlCacheBehavior [ RunTime:0.000000s ]
INFO: [ app_begin ] --END-- [ RunTime:0.000000s ]
SQL: SHOW COLUMNS FROM `sc_class` [ RunTime:0.046875s ]
SQL: SELECT * FROM `sc_class` WHERE ( Class_Pid=8 )  [ RunTime:0.000000s ]
INFO: [ app_end ] --START--
INFO: Run Behavior\ShowPageTraceBehavior [ RunTime:0.000000s ]
INFO: [ app_end ] --END-- [ RunTime:0.000000s ]

[ 2016-05-19T15:49:15+08:00 ] 127.0.0.1 /Home/Write/ajaxclass.html
INFO: [ app_begin ] --START--
INFO: Run Behavior\ReadHtmlCacheBehavior [ RunTime:0.000000s ]
INFO: [ app_begin ] --END-- [ RunTime:0.000000s ]
SQL: SHOW COLUMNS FROM `sc_class` [ RunTime:0.062500s ]
SQL: SELECT * FROM `sc_class` WHERE ( Class_Pid=9 )  [ RunTime:0.000000s ]
INFO: [ app_end ] --START--
INFO: Run Behavior\ShowPageTraceBehavior [ RunTime:0.000000s ]
INFO: [ app_end ] --END-- [ RunTime:0.000000s ]

[ 2016-05-19T15:50:27+08:00 ] 127.0.0.1 /Home/Write/ajaxclass.html
INFO: [ app_begin ] --START--
INFO: Run Behavior\ReadHtmlCacheBehavior [ RunTime:0.000000s ]
INFO: [ app_begin ] --END-- [ RunTime:0.000000s ]
SQL: SHOW COLUMNS FROM `sc_class` [ RunTime:0.000000s ]
SQL: SELECT * FROM `sc_class` WHERE ( Class_Pid=5 )  [ RunTime:0.000000s ]
INFO: [ app_end ] --START--
INFO: Run Behavior\ShowPageTraceBehavior [ RunTime:0.000000s ]
INFO: [ app_end ] --END-- [ RunTime:0.000000s ]

[ 2016-05-19T15:50:28+08:00 ] 127.0.0.1 /Home/Write/ajaxclass.html
INFO: [ app_begin ] --START--
INFO: Run Behavior\ReadHtmlCacheBehavior [ RunTime:0.000000s ]
INFO: [ app_begin ] --END-- [ RunTime:0.000000s ]
SQL: SHOW COLUMNS FROM `sc_class` [ RunTime:0.015625s ]
SQL: SELECT * FROM `sc_class` WHERE ( Class_Pid=8 )  [ RunTime:0.000000s ]
INFO: [ app_end ] --START--
INFO: Run Behavior\ShowPageTraceBehavior [ RunTime:0.000000s ]
INFO: [ app_end ] --END-- [ RunTime:0.000000s ]

[ 2016-05-19T15:50:30+08:00 ] 127.0.0.1 /Home/Write/ajaxclass.html
INFO: [ app_begin ] --START--
INFO: Run Behavior\ReadHtmlCacheBehavior [ RunTime:0.000000s ]
INFO: [ app_begin ] --END-- [ RunTime:0.000000s ]
SQL: SHOW COLUMNS FROM `sc_class` [ RunTime:0.000000s ]
SQL: SELECT * FROM `sc_class` WHERE ( Class_Pid=6 )  [ RunTime:0.000000s ]
INFO: [ app_end ] --START--
INFO: Run Behavior\ShowPageTraceBehavior [ RunTime:0.015625s ]
INFO: [ app_end ] --END-- [ RunTime:0.015625s ]

[ 2016-05-19T15:50:32+08:00 ] 127.0.0.1 /Home/Write/ajaxclass.html
INFO: [ app_begin ] --START--
INFO: Run Behavior\ReadHtmlCacheBehavior [ RunTime:0.000000s ]
INFO: [ app_begin ] --END-- [ RunTime:0.000000s ]
SQL: SHOW COLUMNS FROM `sc_class` [ RunTime:0.015625s ]
SQL: SELECT * FROM `sc_class` WHERE ( Class_Pid=20 )  [ RunTime:0.000000s ]
INFO: [ app_end ] --START--
INFO: Run Behavior\ShowPageTraceBehavior [ RunTime:0.000000s ]
INFO: [ app_end ] --END-- [ RunTime:0.000000s ]

[ 2016-05-19T15:50:33+08:00 ] 127.0.0.1 /Home/Write/ajaxclass.html
INFO: [ app_begin ] --START--
INFO: Run Behavior\ReadHtmlCacheBehavior [ RunTime:0.000000s ]
INFO: [ app_begin ] --END-- [ RunTime:0.000000s ]
SQL: SHOW COLUMNS FROM `sc_class` [ RunTime:0.000000s ]
SQL: SELECT * FROM `sc_class` WHERE ( Class_Pid=7 )  [ RunTime:0.000000s ]
INFO: [ app_end ] --START--
INFO: Run Behavior\ShowPageTraceBehavior [ RunTime:0.000000s ]
INFO: [ app_end ] --END-- [ RunTime:0.000000s ]

[ 2016-05-19T15:50:37+08:00 ] 127.0.0.1 /Home/Write/ajaxclass.html
INFO: [ app_begin ] --START--
INFO: Run Behavior\ReadHtmlCacheBehavior [ RunTime:0.000000s ]
INFO: [ app_begin ] --END-- [ RunTime:0.000000s ]
SQL: SHOW COLUMNS FROM `sc_class` [ RunTime:0.000000s ]
SQL: SELECT * FROM `sc_class` WHERE ( Class_Pid=8 )  [ RunTime:0.000000s ]
INFO: [ app_end ] --START--
INFO: Run Behavior\ShowPageTraceBehavior [ RunTime:0.000000s ]
INFO: [ app_end ] --END-- [ RunTime:0.000000s ]

[ 2016-05-19T15:53:49+08:00 ] 127.0.0.1 /Home/Write/ajaxclass.html
INFO: [ app_begin ] --START--
INFO: Run Behavior\ReadHtmlCacheBehavior [ RunTime:0.000000s ]
INFO: [ app_begin ] --END-- [ RunTime:0.000000s ]
SQL: SHOW COLUMNS FROM `sc_class` [ RunTime:0.000000s ]
SQL: SELECT * FROM `sc_class` WHERE ( Class_Pid=5 )  [ RunTime:0.000000s ]
INFO: [ app_end ] --START--
INFO: Run Behavior\ShowPageTraceBehavior [ RunTime:0.000000s ]
INFO: [ app_end ] --END-- [ RunTime:0.000000s ]

[ 2016-05-19T15:53:50+08:00 ] 127.0.0.1 /Home/Write/ajaxclass.html
INFO: [ app_begin ] --START--
INFO: Run Behavior\ReadHtmlCacheBehavior [ RunTime:0.000000s ]
INFO: [ app_begin ] --END-- [ RunTime:0.000000s ]
SQL: SHOW COLUMNS FROM `sc_class` [ RunTime:0.000000s ]
SQL: SELECT * FROM `sc_class` WHERE ( Class_Pid=8 )  [ RunTime:0.000000s ]
INFO: [ app_end ] --START--
INFO: Run Behavior\ShowPageTraceBehavior [ RunTime:0.000000s ]
INFO: [ app_end ] --END-- [ RunTime:0.000000s ]

[ 2016-05-19T16:16:08+08:00 ] 127.0.0.1 /Home/Write/ajaxclass.html
INFO: [ app_begin ] --START--
INFO: Run Behavior\ReadHtmlCacheBehavior [ RunTime:0.000000s ]
INFO: [ app_begin ] --END-- [ RunTime:0.000000s ]
SQL: SHOW COLUMNS FROM `sc_class` [ RunTime:0.015625s ]
SQL: SELECT * FROM `sc_class` WHERE ( Class_Pid=5 )  [ RunTime:0.000000s ]
INFO: [ app_end ] --START--
INFO: Run Behavior\ShowPageTraceBehavior [ RunTime:0.000000s ]
INFO: [ app_end ] --END-- [ RunTime:0.000000s ]

[ 2016-05-19T16:16:10+08:00 ] 127.0.0.1 /Home/Write/ajaxclass.html
INFO: [ app_begin ] --START--
INFO: Run Behavior\ReadHtmlCacheBehavior [ RunTime:0.000000s ]
INFO: [ app_begin ] --END-- [ RunTime:0.000000s ]
SQL: SHOW COLUMNS FROM `sc_class` [ RunTime:0.015625s ]
SQL: SELECT * FROM `sc_class` WHERE ( Class_Pid=8 )  [ RunTime:0.000000s ]
INFO: [ app_end ] --START--
INFO: Run Behavior\ShowPageTraceBehavior [ RunTime:0.000000s ]
INFO: [ app_end ] --END-- [ RunTime:0.000000s ]

[ 2016-05-19T16:37:35+08:00 ] 127.0.0.1 /Home/Write/ajaxclass.html
INFO: [ app_begin ] --START--
INFO: Run Behavior\ReadHtmlCacheBehavior [ RunTime:0.000000s ]
INFO: [ app_begin ] --END-- [ RunTime:0.000000s ]
SQL: SHOW COLUMNS FROM `sc_class` [ RunTime:0.015625s ]
SQL: SELECT * FROM `sc_class` WHERE ( Class_Pid=7 )  [ RunTime:0.000000s ]
INFO: [ app_end ] --START--
INFO: Run Behavior\ShowPageTraceBehavior [ RunTime:0.000000s ]
INFO: [ app_end ] --END-- [ RunTime:0.000000s ]

[ 2016-05-19T16:37:37+08:00 ] 127.0.0.1 /Home/Write/ajaxclass.html
INFO: [ app_begin ] --START--
INFO: Run Behavior\ReadHtmlCacheBehavior [ RunTime:0.000000s ]
INFO: [ app_begin ] --END-- [ RunTime:0.000000s ]
SQL: SHOW COLUMNS FROM `sc_class` [ RunTime:0.000000s ]
SQL: SELECT * FROM `sc_class` WHERE ( Class_Pid=9 )  [ RunTime:0.000000s ]
INFO: [ app_end ] --START--
INFO: Run Behavior\ShowPageTraceBehavior [ RunTime:0.000000s ]
INFO: [ app_end ] --END-- [ RunTime:0.000000s ]

[ 2016-05-19T16:59:53+08:00 ] 127.0.0.1 /Home/Write/ajaxclass.html
INFO: [ app_begin ] --START--
INFO: Run Behavior\ReadHtmlCacheBehavior [ RunTime:0.000000s ]
INFO: [ app_begin ] --END-- [ RunTime:0.000000s ]
SQL: SHOW COLUMNS FROM `sc_class` [ RunTime:0.000000s ]
SQL: SELECT * FROM `sc_class` WHERE ( Class_Pid=6 )  [ RunTime:0.000000s ]
INFO: [ app_end ] --START--
INFO: Run Behavior\ShowPageTraceBehavior [ RunTime:0.000000s ]
INFO: [ app_end ] --END-- [ RunTime:0.000000s ]

[ 2016-05-19T16:59:55+08:00 ] 127.0.0.1 /Home/Write/ajaxclass.html
INFO: [ app_begin ] --START--
INFO: Run Behavior\ReadHtmlCacheBehavior [ RunTime:0.000000s ]
INFO: [ app_begin ] --END-- [ RunTime:0.000000s ]
SQL: SHOW COLUMNS FROM `sc_class` [ RunTime:0.000000s ]
SQL: SELECT * FROM `sc_class` WHERE ( Class_Pid=19 )  [ RunTime:0.000000s ]
INFO: [ app_end ] --START--
INFO: Run Behavior\ShowPageTraceBehavior [ RunTime:0.000000s ]
INFO: [ app_end ] --END-- [ RunTime:0.000000s ]

[ 2016-05-19T17:00:04+08:00 ] 127.0.0.1 /Home/Write/ajaxclass.html
INFO: [ app_begin ] --START--
INFO: Run Behavior\ReadHtmlCacheBehavior [ RunTime:0.000000s ]
INFO: [ app_begin ] --END-- [ RunTime:0.000000s ]
SQL: SHOW COLUMNS FROM `sc_class` [ RunTime:0.000000s ]
SQL: SELECT * FROM `sc_class` WHERE ( Class_Pid=8 )  [ RunTime:0.000000s ]
INFO: [ app_end ] --START--
INFO: Run Behavior\ShowPageTraceBehavior [ RunTime:0.000000s ]
INFO: [ app_end ] --END-- [ RunTime:0.000000s ]

[ 2016-05-19T17:00:08+08:00 ] 127.0.0.1 /Home/Write/ajaxclass.html
INFO: [ app_begin ] --START--
INFO: Run Behavior\ReadHtmlCacheBehavior [ RunTime:0.000000s ]
INFO: [ app_begin ] --END-- [ RunTime:0.000000s ]
SQL: SHOW COLUMNS FROM `sc_class` [ RunTime:0.015625s ]
SQL: SELECT * FROM `sc_class` WHERE ( Class_Pid=2 )  [ RunTime:0.000000s ]
INFO: [ app_end ] --START--
INFO: Run Behavior\ShowPageTraceBehavior [ RunTime:0.000000s ]
INFO: [ app_end ] --END-- [ RunTime:0.000000s ]

[ 2016-05-19T18:13:56+08:00 ] 127.0.0.1 /Home/Write/ajaxclass.html
INFO: [ app_begin ] --START--
INFO: Run Behavior\ReadHtmlCacheBehavior [ RunTime:0.000000s ]
INFO: [ app_begin ] --END-- [ RunTime:0.000000s ]
SQL: SHOW COLUMNS FROM `sc_class` [ RunTime:0.000000s ]
SQL: SELECT * FROM `sc_class` WHERE ( Class_Pid=9 )  [ RunTime:0.000000s ]
INFO: [ app_end ] --START--
INFO: Run Behavior\ShowPageTraceBehavior [ RunTime:0.000000s ]
INFO: [ app_end ] --END-- [ RunTime:0.000000s ]

[ 2016-05-19T18:14:19+08:00 ] 127.0.0.1 /Home/Write/ajaxclass.html
INFO: [ app_begin ] --START--
INFO: Run Behavior\ReadHtmlCacheBehavior [ RunTime:0.000000s ]
INFO: [ app_begin ] --END-- [ RunTime:0.000000s ]
SQL: SHOW COLUMNS FROM `sc_class` [ RunTime:0.000000s ]
SQL: SELECT * FROM `sc_class` WHERE ( Class_Pid=8 )  [ RunTime:0.000000s ]
INFO: [ app_end ] --START--
INFO: Run Behavior\ShowPageTraceBehavior [ RunTime:0.000000s ]
INFO: [ app_end ] --END-- [ RunTime:0.000000s ]

[ 2016-05-19T18:33:38+08:00 ] 127.0.0.1 /Home/Write/ajaxclass.html
INFO: [ app_begin ] --START--
INFO: Run Behavior\ReadHtmlCacheBehavior [ RunTime:0.000000s ]
INFO: [ app_begin ] --END-- [ RunTime:0.000000s ]
SQL: SHOW COLUMNS FROM `sc_class` [ RunTime:0.000000s ]
SQL: SELECT * FROM `sc_class` WHERE ( Class_Pid=9 )  [ RunTime:0.000000s ]
INFO: [ app_end ] --START--
INFO: Run Behavior\ShowPageTraceBehavior [ RunTime:0.000000s ]
INFO: [ app_end ] --END-- [ RunTime:0.000000s ]

[ 2016-05-19T18:35:06+08:00 ] 127.0.0.1 /Home/Write/ajaxclass.html
INFO: [ app_begin ] --START--
INFO: Run Behavior\ReadHtmlCacheBehavior [ RunTime:0.000000s ]
INFO: [ app_begin ] --END-- [ RunTime:0.000000s ]
SQL: SHOW COLUMNS FROM `sc_class` [ RunTime:0.015625s ]
SQL: SELECT * FROM `sc_class` WHERE ( Class_Pid=9 )  [ RunTime:0.000000s ]
INFO: [ app_end ] --START--
INFO: Run Behavior\ShowPageTraceBehavior [ RunTime:0.000000s ]
INFO: [ app_end ] --END-- [ RunTime:0.000000s ]

[ 2016-05-19T18:37:19+08:00 ] 127.0.0.1 /Home/Write/ajaxclass.html
INFO: [ app_begin ] --START--
INFO: Run Behavior\ReadHtmlCacheBehavior [ RunTime:0.000000s ]
INFO: [ app_begin ] --END-- [ RunTime:0.000000s ]
SQL: SHOW COLUMNS FROM `sc_class` [ RunTime:0.000000s ]
SQL: SELECT * FROM `sc_class` WHERE ( Class_Pid=9 )  [ RunTime:0.000000s ]
INFO: [ app_end ] --START--
INFO: Run Behavior\ShowPageTraceBehavior [ RunTime:0.015625s ]
INFO: [ app_end ] --END-- [ RunTime:0.015625s ]

[ 2016-05-19T18:43:10+08:00 ] 127.0.0.1 /Home/Write/ajaxclass.html
INFO: [ app_begin ] --START--
INFO: Run Behavior\ReadHtmlCacheBehavior [ RunTime:0.000000s ]
INFO: [ app_begin ] --END-- [ RunTime:0.000000s ]
SQL: SHOW COLUMNS FROM `sc_class` [ RunTime:0.000000s ]
SQL: SELECT * FROM `sc_class` WHERE ( Class_Pid=26 )  [ RunTime:0.000000s ]
INFO: [ app_end ] --START--
INFO: Run Behavior\ShowPageTraceBehavior [ RunTime:0.000000s ]
INFO: [ app_end ] --END-- [ RunTime:0.000000s ]

[ 2016-05-19T18:43:22+08:00 ] 127.0.0.1 /Home/Write/ajaxclass.html
INFO: [ app_begin ] --START--
INFO: Run Behavior\ReadHtmlCacheBehavior [ RunTime:0.000000s ]
INFO: [ app_begin ] --END-- [ RunTime:0.000000s ]
SQL: SHOW COLUMNS FROM `sc_class` [ RunTime:0.000000s ]
SQL: SELECT * FROM `sc_class` WHERE ( Class_Pid=9 )  [ RunTime:0.000000s ]
INFO: [ app_end ] --START--
INFO: Run Behavior\ShowPageTraceBehavior [ RunTime:0.000000s ]
INFO: [ app_end ] --END-- [ RunTime:0.000000s ]

[ 2016-05-19T18:47:32+08:00 ] 127.0.0.1 /Home/Write/ajaxclass.html
INFO: [ app_begin ] --START--
INFO: Run Behavior\ReadHtmlCacheBehavior [ RunTime:0.000000s ]
INFO: [ app_begin ] --END-- [ RunTime:0.000000s ]
SQL: SHOW COLUMNS FROM `sc_class` [ RunTime:0.015625s ]
SQL: SELECT * FROM `sc_class` WHERE ( Class_Pid=9 )  [ RunTime:0.000000s ]
INFO: [ app_end ] --START--
INFO: Run Behavior\ShowPageTraceBehavior [ RunTime:0.000000s ]
INFO: [ app_end ] --END-- [ RunTime:0.000000s ]

[ 2016-05-19T19:14:53+08:00 ] 127.0.0.1 /Home/Write/ajaxclass.html
INFO: [ app_begin ] --START--
INFO: Run Behavior\ReadHtmlCacheBehavior [ RunTime:0.000000s ]
INFO: [ app_begin ] --END-- [ RunTime:0.000000s ]
SQL: SHOW COLUMNS FROM `sc_class` [ RunTime:0.000000s ]
SQL: SELECT * FROM `sc_class` WHERE ( Class_Pid=4 )  [ RunTime:0.000000s ]
INFO: [ app_end ] --START--
INFO: Run Behavior\ShowPageTraceBehavior [ RunTime:0.000000s ]
INFO: [ app_end ] --END-- [ RunTime:0.000000s ]

[ 2016-05-19T19:15:57+08:00 ] 127.0.0.1 /Home/Write/ajaxclass.html
INFO: [ app_begin ] --START--
INFO: Run Behavior\ReadHtmlCacheBehavior [ RunTime:0.000000s ]
INFO: [ app_begin ] --END-- [ RunTime:0.000000s ]
SQL: SHOW COLUMNS FROM `sc_class` [ RunTime:0.000000s ]
SQL: SELECT * FROM `sc_class` WHERE ( Class_Pid=8 )  [ RunTime:0.000000s ]
INFO: [ app_end ] --START--
INFO: Run Behavior\ShowPageTraceBehavior [ RunTime:0.000000s ]
INFO: [ app_end ] --END-- [ RunTime:0.000000s ]

[ 2016-05-19T19:16:09+08:00 ] 127.0.0.1 /Home/Write/ajaxclass.html
INFO: [ app_begin ] --START--
INFO: Run Behavior\ReadHtmlCacheBehavior [ RunTime:0.000000s ]
INFO: [ app_begin ] --END-- [ RunTime:0.000000s ]
SQL: SHOW COLUMNS FROM `sc_class` [ RunTime:0.000000s ]
SQL: SELECT * FROM `sc_class` WHERE ( Class_Pid=5 )  [ RunTime:0.000000s ]
INFO: [ app_end ] --START--
INFO: Run Behavior\ShowPageTraceBehavior [ RunTime:0.000000s ]
INFO: [ app_end ] --END-- [ RunTime:0.000000s ]

[ 2016-05-19T19:16:20+08:00 ] 127.0.0.1 /Home/Write/ajaxclass.html
INFO: [ app_begin ] --START--
INFO: Run Behavior\ReadHtmlCacheBehavior [ RunTime:0.000000s ]
INFO: [ app_begin ] --END-- [ RunTime:0.000000s ]
SQL: SHOW COLUMNS FROM `sc_class` [ RunTime:0.015625s ]
SQL: SELECT * FROM `sc_class` WHERE ( Class_Pid=9 )  [ RunTime:0.000000s ]
INFO: [ app_end ] --START--
INFO: Run Behavior\ShowPageTraceBehavior [ RunTime:0.000000s ]
INFO: [ app_end ] --END-- [ RunTime:0.000000s ]

[ 2016-05-19T19:16:37+08:00 ] 127.0.0.1 /Home/Write/ajaxclass.html
INFO: [ app_begin ] --START--
INFO: Run Behavior\ReadHtmlCacheBehavior [ RunTime:0.000000s ]
INFO: [ app_begin ] --END-- [ RunTime:0.000000s ]
SQL: SHOW COLUMNS FROM `sc_class` [ RunTime:0.000000s ]
SQL: SELECT * FROM `sc_class` WHERE ( Class_Pid=6 )  [ RunTime:0.000000s ]
INFO: [ app_end ] --START--
INFO: Run Behavior\ShowPageTraceBehavior [ RunTime:0.000000s ]
INFO: [ app_end ] --END-- [ RunTime:0.000000s ]

[ 2016-05-19T19:16:47+08:00 ] 127.0.0.1 /Home/Write/ajaxclass.html
INFO: [ app_begin ] --START--
INFO: Run Behavior\ReadHtmlCacheBehavior [ RunTime:0.000000s ]
INFO: [ app_begin ] --END-- [ RunTime:0.015625s ]
SQL: SHOW COLUMNS FROM `sc_class` [ RunTime:0.000000s ]
SQL: SELECT * FROM `sc_class` WHERE ( Class_Pid=4 )  [ RunTime:0.000000s ]
INFO: [ app_end ] --START--
INFO: Run Behavior\ShowPageTraceBehavior [ RunTime:0.000000s ]
INFO: [ app_end ] --END-- [ RunTime:0.000000s ]

[ 2016-05-19T19:17:05+08:00 ] 127.0.0.1 /Home/Write/ajaxclass.html
INFO: [ app_begin ] --START--
INFO: Run Behavior\ReadHtmlCacheBehavior [ RunTime:0.000000s ]
INFO: [ app_begin ] --END-- [ RunTime:0.000000s ]
SQL: SHOW COLUMNS FROM `sc_class` [ RunTime:0.000000s ]
SQL: SELECT * FROM `sc_class` WHERE ( Class_Pid=19 )  [ RunTime:0.000000s ]
INFO: [ app_end ] --START--
INFO: Run Behavior\ShowPageTraceBehavior [ RunTime:0.000000s ]
INFO: [ app_end ] --END-- [ RunTime:0.000000s ]

[ 2016-05-19T19:17:08+08:00 ] 127.0.0.1 /Home/Write/ajaxclass.html
INFO: [ app_begin ] --START--
INFO: Run Behavior\ReadHtmlCacheBehavior [ RunTime:0.000000s ]
INFO: [ app_begin ] --END-- [ RunTime:0.000000s ]
SQL: SHOW COLUMNS FROM `sc_class` [ RunTime:0.000000s ]
SQL: SELECT * FROM `sc_class` WHERE ( Class_Pid=6 )  [ RunTime:0.000000s ]
INFO: [ app_end ] --START--
INFO: Run Behavior\ShowPageTraceBehavior [ RunTime:0.000000s ]
INFO: [ app_end ] --END-- [ RunTime:0.000000s ]

[ 2016-05-19T19:18:28+08:00 ] 127.0.0.1 /Home/Artice
ERR: 无法加载控制器:Artice

[ 2016-05-19T22:50:47+08:00 ] 127.0.0.1 /Home/Science/ajaxwaterfall.html
INFO: [ app_begin ] --START--
INFO: Run Behavior\ReadHtmlCacheBehavior [ RunTime:0.000000s ]
INFO: [ app_begin ] --END-- [ RunTime:0.000000s ]
SQL: SHOW COLUMNS FROM `sc_article` [ RunTime:0.000000s ]
NOTIC: [8] Undefined variable: where C:\wamp\www\Project\guoke\Home\Controller\ScienceController.class.php 第 42 行.
SQL: SELECT COUNT(*) AS tp_count FROM `sc_article` LIMIT 1   [ RunTime:0.000000s ]
NOTIC: [8] Undefined variable: where C:\wamp\www\Project\guoke\Home\Controller\ScienceController.class.php 第 49 行.
SQL: SELECT `Img`,sc_article.id,`User_Email`,`Time`,`Title`,`Class_Title` FROM `sc_article` left join user_verify on sc_article.User_Id = user_verify.U_id left join sc_class on sc_article.Fid = sc_class.id  LIMIT 0,3   [ RunTime:0.000000s ]
ERR: 模板不存在:./guoke/Home/View/Science/ajaxwaterfall.html

[ 2016-05-19T22:50:55+08:00 ] 127.0.0.1 /Home/Science/ajaxwaterfall.html
INFO: [ app_begin ] --START--
INFO: Run Behavior\ReadHtmlCacheBehavior [ RunTime:0.000000s ]
INFO: [ app_begin ] --END-- [ RunTime:0.000000s ]
SQL: SHOW COLUMNS FROM `sc_article` [ RunTime:0.000000s ]
NOTIC: [8] Undefined variable: where C:\wamp\www\Project\guoke\Home\Controller\ScienceController.class.php 第 42 行.
SQL: SELECT COUNT(*) AS tp_count FROM `sc_article` LIMIT 1   [ RunTime:0.000000s ]
NOTIC: [8] Undefined variable: where C:\wamp\www\Project\guoke\Home\Controller\ScienceController.class.php 第 49 行.
SQL: SELECT `Img`,sc_article.id,`User_Email`,`Time`,`Title`,`Class_Title` FROM `sc_article` left join user_verify on sc_article.User_Id = user_verify.U_id left join sc_class on sc_article.Fid = sc_class.id  LIMIT 0,3   [ RunTime:0.000000s ]
ERR: 模板不存在:./guoke/Home/View/Science/ajaxwaterfall.html

[ 2016-05-19T22:50:57+08:00 ] 127.0.0.1 /Home/Science/ajaxwaterfall.html
INFO: [ app_begin ] --START--
INFO: Run Behavior\ReadHtmlCacheBehavior [ RunTime:0.000000s ]
INFO: [ app_begin ] --END-- [ RunTime:0.000000s ]
SQL: SHOW COLUMNS FROM `sc_article` [ RunTime:0.015625s ]
NOTIC: [8] Undefined variable: where C:\wamp\www\Project\guoke\Home\Controller\ScienceController.class.php 第 42 行.
SQL: SELECT COUNT(*) AS tp_count FROM `sc_article` LIMIT 1   [ RunTime:0.000000s ]
NOTIC: [8] Undefined variable: where C:\wamp\www\Project\guoke\Home\Controller\ScienceController.class.php 第 49 行.
SQL: SELECT `Img`,sc_article.id,`User_Email`,`Time`,`Title`,`Class_Title` FROM `sc_article` left join user_verify on sc_article.User_Id = user_verify.U_id left join sc_class on sc_article.Fid = sc_class.id  LIMIT 0,3   [ RunTime:0.000000s ]
ERR: 模板不存在:./guoke/Home/View/Science/ajaxwaterfall.html

[ 2016-05-19T22:51:02+08:00 ] 127.0.0.1 /Home/Science/ajaxwaterfall.html
INFO: [ app_begin ] --START--
INFO: Run Behavior\ReadHtmlCacheBehavior [ RunTime:0.000000s ]
INFO: [ app_begin ] --END-- [ RunTime:0.000000s ]
SQL: SHOW COLUMNS FROM `sc_article` [ RunTime:0.015625s ]
NOTIC: [8] Undefined variable: where C:\wamp\www\Project\guoke\Home\Controller\ScienceController.class.php 第 42 行.
SQL: SELECT COUNT(*) AS tp_count FROM `sc_article` LIMIT 1   [ RunTime:0.000000s ]
NOTIC: [8] Undefined variable: where C:\wamp\www\Project\guoke\Home\Controller\ScienceController.class.php 第 49 行.
SQL: SELECT `Img`,sc_article.id,`User_Email`,`Time`,`Title`,`Class_Title` FROM `sc_article` left join user_verify on sc_article.User_Id = user_verify.U_id left join sc_class on sc_article.Fid = sc_class.id  LIMIT 0,3   [ RunTime:0.000000s ]
ERR: 模板不存在:./guoke/Home/View/Science/ajaxwaterfall.html

[ 2016-05-19T22:51:19+08:00 ] 127.0.0.1 /Home/Science/ajaxwaterfall.html
INFO: [ app_begin ] --START--
INFO: Run Behavior\ReadHtmlCacheBehavior [ RunTime:0.000000s ]
INFO: [ app_begin ] --END-- [ RunTime:0.000000s ]
SQL: SHOW COLUMNS FROM `sc_article` [ RunTime:0.031250s ]
NOTIC: [8] Undefined variable: where C:\wamp\www\Project\guoke\Home\Controller\ScienceController.class.php 第 42 行.
SQL: SELECT COUNT(*) AS tp_count FROM `sc_article` LIMIT 1   [ RunTime:0.000000s ]
NOTIC: [8] Undefined variable: where C:\wamp\www\Project\guoke\Home\Controller\ScienceController.class.php 第 49 行.
SQL: SELECT `Img`,sc_article.id,`User_Email`,`Time`,`Title`,`Class_Title` FROM `sc_article` left join user_verify on sc_article.User_Id = user_verify.U_id left join sc_class on sc_article.Fid = sc_class.id  LIMIT 0,3   [ RunTime:0.000000s ]
ERR: 模板不存在:./guoke/Home/View/Science/ajaxwaterfall.html

[ 2016-05-19T22:54:33+08:00 ] 127.0.0.1 /Home/U?p=1
INFO: [ app_begin ] --START--
INFO: Run Behavior\ReadHtmlCacheBehavior [ RunTime:0.015625s ]
INFO: [ app_begin ] --END-- [ RunTime:0.015625s ]
ERR: 无法加载控制器:U

