[ 2016-05-24T09:00:56+08:00 ] 127.0.0.1 /Home/Question/addtag.html
INFO: [ app_begin ] --START--
INFO: Run Behavior\ReadHtmlCacheBehavior [ RunTime:0.000653s ]
INFO: [ app_begin ] --END-- [ RunTime:0.001078s ]
SQL: SHOW COLUMNS FROM `qac_tag` [ RunTime:0.002922s ]
SQL: SELECT * FROM `qac_tag` WHERE `tag_name` = 'w'  [ RunTime:0.000398s ]
SQL: INSERT INTO `qac_tag` (`tag_name`) VALUES ('w') [ RunTime:0.090353s ]
INFO: [ app_end ] --START--
INFO: Run Behavior\ShowPageTraceBehavior [ RunTime:0.001481s ]
INFO: [ app_end ] --END-- [ RunTime:0.001668s ]

[ 2016-05-24T09:00:59+08:00 ] 127.0.0.1 /Home/Question/addtag.html
INFO: [ app_begin ] --START--
INFO: Run Behavior\ReadHtmlCacheBehavior [ RunTime:0.000554s ]
INFO: [ app_begin ] --END-- [ RunTime:0.000983s ]
SQL: SHOW COLUMNS FROM `qac_tag` [ RunTime:0.002777s ]
SQL: SELECT * FROM `qac_tag` WHERE `tag_name` = 'qw'  [ RunTime:0.000362s ]
SQL: INSERT INTO `qac_tag` (`tag_name`) VALUES ('qw') [ RunTime:0.027147s ]
INFO: [ app_end ] --START--
INFO: Run Behavior\ShowPageTraceBehavior [ RunTime:0.000731s ]
INFO: [ app_end ] --END-- [ RunTime:0.000829s ]

[ 2016-05-24T09:01:25+08:00 ] 127.0.0.1 /Home/Question/addtag.html
INFO: [ app_begin ] --START--
INFO: Run Behavior\ReadHtmlCacheBehavior [ RunTime:0.000627s ]
INFO: [ app_begin ] --END-- [ RunTime:0.001148s ]
SQL: SHOW COLUMNS FROM `qac_tag` [ RunTime:0.003741s ]
SQL: SELECT * FROM `qac_tag` WHERE `tag_name` = 'wqe'  [ RunTime:0.000344s ]
SQL: INSERT INTO `qac_tag` (`tag_name`) VALUES ('wqe') [ RunTime:0.049792s ]
INFO: [ app_end ] --START--
INFO: Run Behavior\ShowPageTraceBehavior [ RunTime:0.001389s ]
INFO: [ app_end ] --END-- [ RunTime:0.001605s ]

[ 2016-05-24T09:01:31+08:00 ] 127.0.0.1 /Home/Question/addtag.html
INFO: [ app_begin ] --START--
INFO: Run Behavior\ReadHtmlCacheBehavior [ RunTime:0.000608s ]
INFO: [ app_begin ] --END-- [ RunTime:0.001092s ]
SQL: SHOW COLUMNS FROM `qac_tag` [ RunTime:0.002665s ]
SQL: SELECT * FROM `qac_tag` WHERE `tag_name` = 'wqe'  [ RunTime:0.000298s ]
INFO: [ app_end ] --START--
INFO: Run Behavior\ShowPageTraceBehavior [ RunTime:0.000725s ]
INFO: [ app_end ] --END-- [ RunTime:0.000825s ]

[ 2016-05-24T09:01:32+08:00 ] 127.0.0.1 /Home/Question/addtag.html
INFO: [ app_begin ] --START--
INFO: Run Behavior\ReadHtmlCacheBehavior [ RunTime:0.000716s ]
INFO: [ app_begin ] --END-- [ RunTime:0.001328s ]
SQL: SHOW COLUMNS FROM `qac_tag` [ RunTime:0.002560s ]
SQL: SELECT * FROM `qac_tag` WHERE `tag_name` = 'wqe'  [ RunTime:0.000296s ]
INFO: [ app_end ] --START--
INFO: Run Behavior\ShowPageTraceBehavior [ RunTime:0.000688s ]
INFO: [ app_end ] --END-- [ RunTime:0.000782s ]

[ 2016-05-24T13:51:27+08:00 ] 127.0.0.1 /Home/Question/addtag.html
INFO: [ app_begin ] --START--
INFO: Run Behavior\ReadHtmlCacheBehavior [ RunTime:0.000637s ]
INFO: [ app_begin ] --END-- [ RunTime:0.001216s ]

[ 2016-05-24T13:51:34+08:00 ] 127.0.0.1 /Home/Question/addtag.html
INFO: [ app_begin ] --START--
INFO: Run Behavior\ReadHtmlCacheBehavior [ RunTime:0.000539s ]
INFO: [ app_begin ] --END-- [ RunTime:0.000955s ]

[ 2016-05-24T13:51:35+08:00 ] 127.0.0.1 /Home/Question/addtag.html
INFO: [ app_begin ] --START--
INFO: Run Behavior\ReadHtmlCacheBehavior [ RunTime:0.001480s ]
INFO: [ app_begin ] --END-- [ RunTime:0.002745s ]

[ 2016-05-24T13:51:39+08:00 ] 127.0.0.1 /Home/Question/addtag.html
INFO: [ app_begin ] --START--
INFO: Run Behavior\ReadHtmlCacheBehavior [ RunTime:0.000626s ]
INFO: [ app_begin ] --END-- [ RunTime:0.001207s ]

[ 2016-05-24T16:00:37+08:00 ] 127.0.0.1 /Home/Question/addtag.html
INFO: [ app_begin ] --START--
INFO: Run Behavior\ReadHtmlCacheBehavior [ RunTime:0.000753s ]
INFO: [ app_begin ] --END-- [ RunTime:0.001321s ]

[ 2016-05-24T16:00:45+08:00 ] 127.0.0.1 /Home/Question/addtag.html
INFO: [ app_begin ] --START--
INFO: Run Behavior\ReadHtmlCacheBehavior [ RunTime:0.000649s ]
INFO: [ app_begin ] --END-- [ RunTime:0.001148s ]
SQL: SHOW COLUMNS FROM `qac_tag` [ RunTime:0.006212s ]
SQL: SELECT * FROM `qac_tag` WHERE `tag_name` = '物理学'  [ RunTime:0.000812s ]
INFO: [ app_end ] --START--
INFO: Run Behavior\ShowPageTraceBehavior [ RunTime:0.001904s ]
INFO: [ app_end ] --END-- [ RunTime:0.002086s ]

[ 2016-05-24T16:00:49+08:00 ] 127.0.0.1 /Home/Question/addtag.html
INFO: [ app_begin ] --START--
INFO: Run Behavior\ReadHtmlCacheBehavior [ RunTime:0.000843s ]
INFO: [ app_begin ] --END-- [ RunTime:0.001483s ]
SQL: SHOW COLUMNS FROM `qac_tag` [ RunTime:0.014568s ]
SQL: SELECT * FROM `qac_tag` WHERE `tag_name` = '物理学'  [ RunTime:0.000396s ]
INFO: [ app_end ] --START--
INFO: Run Behavior\ShowPageTraceBehavior [ RunTime:0.000985s ]
INFO: [ app_end ] --END-- [ RunTime:0.001080s ]

[ 2016-05-24T16:00:51+08:00 ] 127.0.0.1 /Home/Question/addtag.html
INFO: [ app_begin ] --START--
INFO: Run Behavior\ReadHtmlCacheBehavior [ RunTime:0.000772s ]
INFO: [ app_begin ] --END-- [ RunTime:0.001604s ]
SQL: SHOW COLUMNS FROM `qac_tag` [ RunTime:0.003811s ]
SQL: SELECT * FROM `qac_tag` WHERE `tag_name` = '物理学'  [ RunTime:0.000471s ]
INFO: [ app_end ] --START--
INFO: Run Behavior\ShowPageTraceBehavior [ RunTime:0.000912s ]
INFO: [ app_end ] --END-- [ RunTime:0.001020s ]

[ 2016-05-24T16:00:53+08:00 ] 127.0.0.1 /Home/Question/addtag.html
INFO: [ app_begin ] --START--
INFO: Run Behavior\ReadHtmlCacheBehavior [ RunTime:0.000794s ]
INFO: [ app_begin ] --END-- [ RunTime:0.001920s ]
SQL: SHOW COLUMNS FROM `qac_tag` [ RunTime:0.003057s ]
SQL: SELECT * FROM `qac_tag` WHERE `tag_name` = '物理学'  [ RunTime:0.000407s ]
INFO: [ app_end ] --START--
INFO: Run Behavior\ShowPageTraceBehavior [ RunTime:0.000914s ]
INFO: [ app_end ] --END-- [ RunTime:0.001026s ]

[ 2016-05-24T16:18:23+08:00 ] 127.0.0.1 /Home/Question/addtag.html
INFO: [ app_begin ] --START--
INFO: Run Behavior\ReadHtmlCacheBehavior [ RunTime:0.000929s ]
INFO: [ app_begin ] --END-- [ RunTime:0.001617s ]
SQL: SHOW COLUMNS FROM `qac_tag` [ RunTime:0.004067s ]
SQL: SELECT * FROM `qac_tag` WHERE `tag_name` = '物理学'  [ RunTime:0.000451s ]
INFO: [ app_end ] --START--
INFO: Run Behavior\ShowPageTraceBehavior [ RunTime:0.001144s ]
INFO: [ app_end ] --END-- [ RunTime:0.001245s ]

[ 2016-05-24T16:18:25+08:00 ] 127.0.0.1 /Home/Question/addtag.html
INFO: [ app_begin ] --START--
INFO: Run Behavior\ReadHtmlCacheBehavior [ RunTime:0.000663s ]
INFO: [ app_begin ] --END-- [ RunTime:0.001155s ]
SQL: SHOW COLUMNS FROM `qac_tag` [ RunTime:0.003658s ]
SQL: SELECT * FROM `qac_tag` WHERE `tag_name` = '物理学'  [ RunTime:0.000371s ]
INFO: [ app_end ] --START--
INFO: Run Behavior\ShowPageTraceBehavior [ RunTime:0.000839s ]
INFO: [ app_end ] --END-- [ RunTime:0.000928s ]

[ 2016-05-24T16:18:26+08:00 ] 127.0.0.1 /Home/Question/addtag.html
INFO: [ app_begin ] --START--
INFO: Run Behavior\ReadHtmlCacheBehavior [ RunTime:0.000770s ]
INFO: [ app_begin ] --END-- [ RunTime:0.001297s ]
SQL: SHOW COLUMNS FROM `qac_tag` [ RunTime:0.007084s ]
SQL: SELECT * FROM `qac_tag` WHERE `tag_name` = '物理学'  [ RunTime:0.000814s ]
INFO: [ app_end ] --START--
INFO: Run Behavior\ShowPageTraceBehavior [ RunTime:0.001894s ]
INFO: [ app_end ] --END-- [ RunTime:0.002080s ]

[ 2016-05-24T16:46:48+08:00 ] 127.0.0.1 /Home/Question/addtag.html
INFO: [ app_begin ] --START--
INFO: Run Behavior\ReadHtmlCacheBehavior [ RunTime:0.000682s ]
INFO: [ app_begin ] --END-- [ RunTime:0.001262s ]
SQL: SHOW COLUMNS FROM `qac_tag` [ RunTime:0.008905s ]
SQL: SELECT * FROM `qac_tag` WHERE `tag_name` = '物理学'  [ RunTime:0.000746s ]
INFO: [ app_end ] --START--
INFO: Run Behavior\ShowPageTraceBehavior [ RunTime:0.001589s ]
INFO: [ app_end ] --END-- [ RunTime:0.001774s ]

[ 2016-05-24T16:46:58+08:00 ] 127.0.0.1 /Home/Question/addtag.html
INFO: [ app_begin ] --START--
INFO: Run Behavior\ReadHtmlCacheBehavior [ RunTime:0.001992s ]
INFO: [ app_begin ] --END-- [ RunTime:0.002584s ]
SQL: SHOW COLUMNS FROM `qac_tag` [ RunTime:0.003248s ]
SQL: SELECT * FROM `qac_tag` WHERE `tag_name` = '物理学'  [ RunTime:0.000384s ]
INFO: [ app_end ] --START--
INFO: Run Behavior\ShowPageTraceBehavior [ RunTime:0.000840s ]
INFO: [ app_end ] --END-- [ RunTime:0.000930s ]

[ 2016-05-24T16:47:18+08:00 ] 127.0.0.1 /Home/Question/addtag.html
INFO: [ app_begin ] --START--
INFO: Run Behavior\ReadHtmlCacheBehavior [ RunTime:0.000933s ]
INFO: [ app_begin ] --END-- [ RunTime:0.001727s ]
SQL: SHOW COLUMNS FROM `qac_tag` [ RunTime:0.017233s ]
SQL: SELECT * FROM `qac_tag` WHERE `tag_name` = '物理学'  [ RunTime:0.000836s ]
INFO: [ app_end ] --START--
INFO: Run Behavior\ShowPageTraceBehavior [ RunTime:0.001631s ]
INFO: [ app_end ] --END-- [ RunTime:0.001817s ]

[ 2016-05-24T16:47:22+08:00 ] 127.0.0.1 /Home/Question/addtag.html
INFO: [ app_begin ] --START--
INFO: Run Behavior\ReadHtmlCacheBehavior [ RunTime:0.000786s ]
INFO: [ app_begin ] --END-- [ RunTime:0.001419s ]
SQL: SHOW COLUMNS FROM `qac_tag` [ RunTime:0.003526s ]
SQL: SELECT * FROM `qac_tag` WHERE `tag_name` = '文学'  [ RunTime:0.000398s ]
INFO: [ app_end ] --START--
INFO: Run Behavior\ShowPageTraceBehavior [ RunTime:0.000795s ]
INFO: [ app_end ] --END-- [ RunTime:0.000885s ]

[ 2016-05-24T16:47:37+08:00 ] 127.0.0.1 /Home/Question/addtag.html
INFO: [ app_begin ] --START--
INFO: Run Behavior\ReadHtmlCacheBehavior [ RunTime:0.000859s ]
INFO: [ app_begin ] --END-- [ RunTime:0.001678s ]
SQL: SHOW COLUMNS FROM `qac_tag` [ RunTime:0.004246s ]
SQL: SELECT * FROM `qac_tag` WHERE `tag_name` = '物理学'  [ RunTime:0.000474s ]
INFO: [ app_end ] --START--
INFO: Run Behavior\ShowPageTraceBehavior [ RunTime:0.000860s ]
INFO: [ app_end ] --END-- [ RunTime:0.000954s ]

[ 2016-05-24T16:47:41+08:00 ] 127.0.0.1 /Home/Question/addtag.html
INFO: [ app_begin ] --START--
INFO: Run Behavior\ReadHtmlCacheBehavior [ RunTime:0.000685s ]
INFO: [ app_begin ] --END-- [ RunTime:0.001263s ]
SQL: SHOW COLUMNS FROM `qac_tag` [ RunTime:0.003482s ]
SQL: SELECT * FROM `qac_tag` WHERE `tag_name` = '物理学'  [ RunTime:0.000630s ]
INFO: [ app_end ] --START--
INFO: Run Behavior\ShowPageTraceBehavior [ RunTime:0.001153s ]
INFO: [ app_end ] --END-- [ RunTime:0.001304s ]

[ 2016-05-24T16:47:49+08:00 ] 127.0.0.1 /Home/Question/addtag.html
INFO: [ app_begin ] --START--
INFO: Run Behavior\ReadHtmlCacheBehavior [ RunTime:0.000655s ]
INFO: [ app_begin ] --END-- [ RunTime:0.001204s ]
SQL: SHOW COLUMNS FROM `qac_tag` [ RunTime:0.004162s ]
SQL: SELECT * FROM `qac_tag` WHERE `tag_name` = '物理学'  [ RunTime:0.000485s ]
INFO: [ app_end ] --START--
INFO: Run Behavior\ShowPageTraceBehavior [ RunTime:0.000934s ]
INFO: [ app_end ] --END-- [ RunTime:0.001031s ]

[ 2016-05-24T16:47:51+08:00 ] 127.0.0.1 /Home/Question/addtag.html
INFO: [ app_begin ] --START--
INFO: Run Behavior\ReadHtmlCacheBehavior [ RunTime:0.000902s ]
INFO: [ app_begin ] --END-- [ RunTime:0.001701s ]
SQL: SHOW COLUMNS FROM `qac_tag` [ RunTime:0.003324s ]
SQL: SELECT * FROM `qac_tag` WHERE `tag_name` = '物理学'  [ RunTime:0.000412s ]
INFO: [ app_end ] --START--
INFO: Run Behavior\ShowPageTraceBehavior [ RunTime:0.000856s ]
INFO: [ app_end ] --END-- [ RunTime:0.000947s ]

[ 2016-05-24T16:47:52+08:00 ] 127.0.0.1 /Home/Question/addtag.html
INFO: [ app_begin ] --START--
INFO: Run Behavior\ReadHtmlCacheBehavior [ RunTime:0.000782s ]
INFO: [ app_begin ] --END-- [ RunTime:0.001379s ]
SQL: SHOW COLUMNS FROM `qac_tag` [ RunTime:0.005402s ]
SQL: SELECT * FROM `qac_tag` WHERE `tag_name` = '物理学'  [ RunTime:0.000714s ]
INFO: [ app_end ] --START--
INFO: Run Behavior\ShowPageTraceBehavior [ RunTime:0.001588s ]
INFO: [ app_end ] --END-- [ RunTime:0.001780s ]

[ 2016-05-24T16:48:53+08:00 ] 127.0.0.1 /Home/Question/addtag.html
INFO: [ app_begin ] --START--
INFO: Run Behavior\ReadHtmlCacheBehavior [ RunTime:0.000982s ]
INFO: [ app_begin ] --END-- [ RunTime:0.001561s ]
SQL: SHOW COLUMNS FROM `qac_tag` [ RunTime:0.003336s ]
SQL: SELECT * FROM `qac_tag` WHERE `tag_name` = '物理学'  [ RunTime:0.000449s ]
INFO: [ app_end ] --START--
INFO: Run Behavior\ShowPageTraceBehavior [ RunTime:0.000912s ]
INFO: [ app_end ] --END-- [ RunTime:0.001003s ]

[ 2016-05-24T16:48:56+08:00 ] 127.0.0.1 /Home/Question/addtag.html
INFO: [ app_begin ] --START--
INFO: Run Behavior\ReadHtmlCacheBehavior [ RunTime:0.000786s ]
INFO: [ app_begin ] --END-- [ RunTime:0.001383s ]
SQL: SHOW COLUMNS FROM `qac_tag` [ RunTime:0.003629s ]
SQL: SELECT * FROM `qac_tag` WHERE `tag_name` = '物理学'  [ RunTime:0.000352s ]
INFO: [ app_end ] --START--
INFO: Run Behavior\ShowPageTraceBehavior [ RunTime:0.000783s ]
INFO: [ app_end ] --END-- [ RunTime:0.000874s ]

[ 2016-05-24T16:49:07+08:00 ] 127.0.0.1 /Home/Question/addtag.html
INFO: [ app_begin ] --START--
INFO: Run Behavior\ReadHtmlCacheBehavior [ RunTime:0.000757s ]
INFO: [ app_begin ] --END-- [ RunTime:0.001345s ]
SQL: SHOW COLUMNS FROM `qac_tag` [ RunTime:0.003467s ]
SQL: SELECT * FROM `qac_tag` WHERE `tag_name` = '物理学'  [ RunTime:0.000354s ]
INFO: [ app_end ] --START--
INFO: Run Behavior\ShowPageTraceBehavior [ RunTime:0.000782s ]
INFO: [ app_end ] --END-- [ RunTime:0.000871s ]

[ 2016-05-24T16:49:11+08:00 ] 127.0.0.1 /Home/Question/addtag.html
INFO: [ app_begin ] --START--
INFO: Run Behavior\ReadHtmlCacheBehavior [ RunTime:0.000900s ]
INFO: [ app_begin ] --END-- [ RunTime:0.001509s ]
SQL: SHOW COLUMNS FROM `qac_tag` [ RunTime:0.003209s ]
SQL: SELECT * FROM `qac_tag` WHERE `tag_name` = '文学'  [ RunTime:0.000363s ]
INFO: [ app_end ] --START--
INFO: Run Behavior\ShowPageTraceBehavior [ RunTime:0.000825s ]
INFO: [ app_end ] --END-- [ RunTime:0.000915s ]

[ 2016-05-24T16:54:17+08:00 ] 127.0.0.1 /Home/Question/addtag.html
INFO: [ app_begin ] --START--
INFO: Run Behavior\ReadHtmlCacheBehavior [ RunTime:0.001234s ]
INFO: [ app_begin ] --END-- [ RunTime:0.002016s ]
SQL: SHOW COLUMNS FROM `qac_tag` [ RunTime:0.003687s ]
SQL: SELECT * FROM `qac_tag` WHERE `tag_name` = '物理学'  [ RunTime:0.000416s ]
INFO: [ app_end ] --START--
INFO: Run Behavior\ShowPageTraceBehavior [ RunTime:0.000938s ]
INFO: [ app_end ] --END-- [ RunTime:0.001027s ]

[ 2016-05-24T16:54:31+08:00 ] 127.0.0.1 /Home/Question/addtag.html
INFO: [ app_begin ] --START--
INFO: Run Behavior\ReadHtmlCacheBehavior [ RunTime:0.000962s ]
INFO: [ app_begin ] --END-- [ RunTime:0.001498s ]
SQL: SHOW COLUMNS FROM `qac_tag` [ RunTime:0.004013s ]
SQL: SELECT * FROM `qac_tag` WHERE `tag_name` = '物理学'  [ RunTime:0.000400s ]
INFO: [ app_end ] --START--
INFO: Run Behavior\ShowPageTraceBehavior [ RunTime:0.001405s ]
INFO: [ app_end ] --END-- [ RunTime:0.001504s ]

[ 2016-05-24T16:54:39+08:00 ] 127.0.0.1 /Home/Question/addtag.html
INFO: [ app_begin ] --START--
INFO: Run Behavior\ReadHtmlCacheBehavior [ RunTime:0.000679s ]
INFO: [ app_begin ] --END-- [ RunTime:0.001215s ]
SQL: SHOW COLUMNS FROM `qac_tag` [ RunTime:0.003146s ]
SQL: SELECT * FROM `qac_tag` WHERE `tag_name` = '物理学'  [ RunTime:0.000367s ]
INFO: [ app_end ] --START--
INFO: Run Behavior\ShowPageTraceBehavior [ RunTime:0.000824s ]
INFO: [ app_end ] --END-- [ RunTime:0.000933s ]

[ 2016-05-24T16:54:41+08:00 ] 127.0.0.1 /Home/Question/addtag.html
INFO: [ app_begin ] --START--
INFO: Run Behavior\ReadHtmlCacheBehavior [ RunTime:0.000695s ]
INFO: [ app_begin ] --END-- [ RunTime:0.001288s ]
SQL: SHOW COLUMNS FROM `qac_tag` [ RunTime:0.003139s ]
SQL: SELECT * FROM `qac_tag` WHERE `tag_name` = '物理学'  [ RunTime:0.000380s ]
INFO: [ app_end ] --START--
INFO: Run Behavior\ShowPageTraceBehavior [ RunTime:0.000863s ]
INFO: [ app_end ] --END-- [ RunTime:0.000963s ]

[ 2016-05-24T16:54:49+08:00 ] 127.0.0.1 /Home/Question/addtag.html
INFO: [ app_begin ] --START--
INFO: Run Behavior\ReadHtmlCacheBehavior [ RunTime:0.000924s ]
INFO: [ app_begin ] --END-- [ RunTime:0.001705s ]
SQL: SHOW COLUMNS FROM `qac_tag` [ RunTime:0.003421s ]
SQL: SELECT * FROM `qac_tag` WHERE `tag_name` = '物理学'  [ RunTime:0.000533s ]
INFO: [ app_end ] --START--
INFO: Run Behavior\ShowPageTraceBehavior [ RunTime:0.001099s ]
INFO: [ app_end ] --END-- [ RunTime:0.001292s ]

[ 2016-05-24T16:54:54+08:00 ] 127.0.0.1 /Home/Question/addtag.html
INFO: [ app_begin ] --START--
INFO: Run Behavior\ReadHtmlCacheBehavior [ RunTime:0.000680s ]
INFO: [ app_begin ] --END-- [ RunTime:0.001197s ]
SQL: SHOW COLUMNS FROM `qac_tag` [ RunTime:0.004198s ]
SQL: SELECT * FROM `qac_tag` WHERE `tag_name` = '文学'  [ RunTime:0.000354s ]
INFO: [ app_end ] --START--
INFO: Run Behavior\ShowPageTraceBehavior [ RunTime:0.000813s ]
INFO: [ app_end ] --END-- [ RunTime:0.000917s ]

[ 2016-05-24T16:55:09+08:00 ] 127.0.0.1 /Home/Question/addtag.html
INFO: [ app_begin ] --START--
INFO: Run Behavior\ReadHtmlCacheBehavior [ RunTime:0.002344s ]
INFO: [ app_begin ] --END-- [ RunTime:0.002985s ]
SQL: SHOW COLUMNS FROM `qac_tag` [ RunTime:0.004124s ]
SQL: SELECT * FROM `qac_tag` WHERE `tag_name` = '物理学'  [ RunTime:0.000367s ]
INFO: [ app_end ] --START--
INFO: Run Behavior\ShowPageTraceBehavior [ RunTime:0.000914s ]
INFO: [ app_end ] --END-- [ RunTime:0.001011s ]

[ 2016-05-24T16:55:12+08:00 ] 127.0.0.1 /Home/Question/addtag.html
INFO: [ app_begin ] --START--
INFO: Run Behavior\ReadHtmlCacheBehavior [ RunTime:0.000679s ]
INFO: [ app_begin ] --END-- [ RunTime:0.001227s ]
SQL: SHOW COLUMNS FROM `qac_tag` [ RunTime:0.003309s ]
SQL: SELECT * FROM `qac_tag` WHERE `tag_name` = '物理学'  [ RunTime:0.000354s ]
INFO: [ app_end ] --START--
INFO: Run Behavior\ShowPageTraceBehavior [ RunTime:0.000784s ]
INFO: [ app_end ] --END-- [ RunTime:0.000886s ]

[ 2016-05-24T16:55:38+08:00 ] 127.0.0.1 /Home/Question/addtag.html
INFO: [ app_begin ] --START--
INFO: Run Behavior\ReadHtmlCacheBehavior [ RunTime:0.000635s ]
INFO: [ app_begin ] --END-- [ RunTime:0.001110s ]
SQL: SHOW COLUMNS FROM `qac_tag` [ RunTime:0.003297s ]
SQL: SELECT * FROM `qac_tag` WHERE `tag_name` = '物理学'  [ RunTime:0.000364s ]
INFO: [ app_end ] --START--
INFO: Run Behavior\ShowPageTraceBehavior [ RunTime:0.000779s ]
INFO: [ app_end ] --END-- [ RunTime:0.000868s ]

[ 2016-05-24T16:55:43+08:00 ] 127.0.0.1 /Home/Question/addtag.html
INFO: [ app_begin ] --START--
INFO: Run Behavior\ReadHtmlCacheBehavior [ RunTime:0.000702s ]
INFO: [ app_begin ] --END-- [ RunTime:0.001255s ]
SQL: SHOW COLUMNS FROM `qac_tag` [ RunTime:0.003407s ]
SQL: SELECT * FROM `qac_tag` WHERE `tag_name` = '文学'  [ RunTime:0.000374s ]
INFO: [ app_end ] --START--
INFO: Run Behavior\ShowPageTraceBehavior [ RunTime:0.000881s ]
INFO: [ app_end ] --END-- [ RunTime:0.000975s ]

[ 2016-05-24T17:57:01+08:00 ] 127.0.0.1 /Home/Question/addtag.html
INFO: [ app_begin ] --START--
INFO: Run Behavior\ReadHtmlCacheBehavior [ RunTime:0.000802s ]
INFO: [ app_begin ] --END-- [ RunTime:0.001396s ]
SQL: SHOW COLUMNS FROM `qac_tag` [ RunTime:0.004331s ]
SQL: SELECT * FROM `qac_tag` WHERE `tag_name` = '物理'  [ RunTime:0.000391s ]
SQL: INSERT INTO `qac_tag` (`tag_name`) VALUES ('物理') [ RunTime:0.057894s ]
INFO: [ app_end ] --START--
INFO: Run Behavior\ShowPageTraceBehavior [ RunTime:0.000935s ]
INFO: [ app_end ] --END-- [ RunTime:0.001059s ]

[ 2016-05-24T17:57:09+08:00 ] 127.0.0.1 /Home/Question/addtag.html
INFO: [ app_begin ] --START--
INFO: Run Behavior\ReadHtmlCacheBehavior [ RunTime:0.000736s ]
INFO: [ app_begin ] --END-- [ RunTime:0.001317s ]
SQL: SHOW COLUMNS FROM `qac_tag` [ RunTime:0.003241s ]
SQL: SELECT * FROM `qac_tag` WHERE `tag_name` = '文学'  [ RunTime:0.000395s ]
INFO: [ app_end ] --START--
INFO: Run Behavior\ShowPageTraceBehavior [ RunTime:0.000800s ]
INFO: [ app_end ] --END-- [ RunTime:0.000890s ]

[ 2016-05-24T17:57:29+08:00 ] 127.0.0.1 /Home/Question/addtag.html
INFO: [ app_begin ] --START--
INFO: Run Behavior\ReadHtmlCacheBehavior [ RunTime:0.000777s ]
INFO: [ app_begin ] --END-- [ RunTime:0.001332s ]
SQL: SHOW COLUMNS FROM `qac_tag` [ RunTime:0.003435s ]
SQL: SELECT * FROM `qac_tag` WHERE `tag_name` = '物理'  [ RunTime:0.000398s ]
INFO: [ app_end ] --START--
INFO: Run Behavior\ShowPageTraceBehavior [ RunTime:0.000925s ]
INFO: [ app_end ] --END-- [ RunTime:0.001019s ]

[ 2016-05-24T17:57:34+08:00 ] 127.0.0.1 /Home/Question/addtag.html
INFO: [ app_begin ] --START--
INFO: Run Behavior\ReadHtmlCacheBehavior [ RunTime:0.001101s ]
INFO: [ app_begin ] --END-- [ RunTime:0.001579s ]
SQL: SHOW COLUMNS FROM `qac_tag` [ RunTime:0.003216s ]
SQL: SELECT * FROM `qac_tag` WHERE `tag_name` = '文学'  [ RunTime:0.000334s ]
INFO: [ app_end ] --START--
INFO: Run Behavior\ShowPageTraceBehavior [ RunTime:0.000846s ]
INFO: [ app_end ] --END-- [ RunTime:0.000939s ]

[ 2016-05-24T17:57:41+08:00 ] 127.0.0.1 /Home/Question/addtag.html
INFO: [ app_begin ] --START--
INFO: Run Behavior\ReadHtmlCacheBehavior [ RunTime:0.000709s ]
INFO: [ app_begin ] --END-- [ RunTime:0.001438s ]
SQL: SHOW COLUMNS FROM `qac_tag` [ RunTime:0.004685s ]
SQL: SELECT * FROM `qac_tag` WHERE `tag_name` = '测试1'  [ RunTime:0.000497s ]
SQL: INSERT INTO `qac_tag` (`tag_name`) VALUES ('测试1') [ RunTime:0.074990s ]
INFO: [ app_end ] --START--
INFO: Run Behavior\ShowPageTraceBehavior [ RunTime:0.001387s ]
INFO: [ app_end ] --END-- [ RunTime:0.001663s ]

[ 2016-05-24T17:57:56+08:00 ] 127.0.0.1 /Home/Question/addtag.html
INFO: [ app_begin ] --START--
INFO: Run Behavior\ReadHtmlCacheBehavior [ RunTime:0.000759s ]
INFO: [ app_begin ] --END-- [ RunTime:0.001510s ]
SQL: SHOW COLUMNS FROM `qac_tag` [ RunTime:0.004217s ]
SQL: SELECT * FROM `qac_tag` WHERE `tag_name` = '测试1'  [ RunTime:0.000380s ]
INFO: [ app_end ] --START--
INFO: Run Behavior\ShowPageTraceBehavior [ RunTime:0.000786s ]
INFO: [ app_end ] --END-- [ RunTime:0.000877s ]

[ 2016-05-24T17:58:02+08:00 ] 127.0.0.1 /Home/Question/addtag.html
INFO: [ app_begin ] --START--
INFO: Run Behavior\ReadHtmlCacheBehavior [ RunTime:0.001067s ]
INFO: [ app_begin ] --END-- [ RunTime:0.001838s ]
SQL: SHOW COLUMNS FROM `qac_tag` [ RunTime:0.004745s ]
SQL: SELECT * FROM `qac_tag` WHERE `tag_name` = '测试1'  [ RunTime:0.000484s ]
INFO: [ app_end ] --START--
INFO: Run Behavior\ShowPageTraceBehavior [ RunTime:0.001260s ]
INFO: [ app_end ] --END-- [ RunTime:0.001429s ]

[ 2016-05-24T17:58:03+08:00 ] 127.0.0.1 /Home/Question/addtag.html
INFO: [ app_begin ] --START--
INFO: Run Behavior\ReadHtmlCacheBehavior [ RunTime:0.000719s ]
INFO: [ app_begin ] --END-- [ RunTime:0.001728s ]
SQL: SHOW COLUMNS FROM `qac_tag` [ RunTime:0.003684s ]
SQL: SELECT * FROM `qac_tag` WHERE `tag_name` = '测试1'  [ RunTime:0.000453s ]
INFO: [ app_end ] --START--
INFO: Run Behavior\ShowPageTraceBehavior [ RunTime:0.000826s ]
INFO: [ app_end ] --END-- [ RunTime:0.000924s ]

[ 2016-05-24T17:58:10+08:00 ] 127.0.0.1 /Home/Question/addtag.html
INFO: [ app_begin ] --START--
INFO: Run Behavior\ReadHtmlCacheBehavior [ RunTime:0.001232s ]
INFO: [ app_begin ] --END-- [ RunTime:0.002133s ]

[ 2016-05-24T17:58:31+08:00 ] 127.0.0.1 /Home/Question/addtag.html
INFO: [ app_begin ] --START--
INFO: Run Behavior\ReadHtmlCacheBehavior [ RunTime:0.000823s ]
INFO: [ app_begin ] --END-- [ RunTime:0.001471s ]
SQL: SHOW COLUMNS FROM `qac_tag` [ RunTime:0.003662s ]
SQL: SELECT * FROM `qac_tag` WHERE `tag_name` = '科学'  [ RunTime:0.000419s ]
INFO: [ app_end ] --START--
INFO: Run Behavior\ShowPageTraceBehavior [ RunTime:0.000884s ]
INFO: [ app_end ] --END-- [ RunTime:0.000978s ]

[ 2016-05-24T17:58:39+08:00 ] 127.0.0.1 /Home/Question/addtag.html
INFO: [ app_begin ] --START--
INFO: Run Behavior\ReadHtmlCacheBehavior [ RunTime:0.000646s ]
INFO: [ app_begin ] --END-- [ RunTime:0.001170s ]
SQL: SHOW COLUMNS FROM `qac_tag` [ RunTime:0.003162s ]
SQL: SELECT * FROM `qac_tag` WHERE `tag_name` = '物理学'  [ RunTime:0.000339s ]
INFO: [ app_end ] --START--
INFO: Run Behavior\ShowPageTraceBehavior [ RunTime:0.001182s ]
INFO: [ app_end ] --END-- [ RunTime:0.001330s ]

[ 2016-05-24T17:58:45+08:00 ] 127.0.0.1 /Home/Question/addtag.html
INFO: [ app_begin ] --START--
INFO: Run Behavior\ReadHtmlCacheBehavior [ RunTime:0.000793s ]
INFO: [ app_begin ] --END-- [ RunTime:0.001526s ]
SQL: SHOW COLUMNS FROM `qac_tag` [ RunTime:0.005558s ]
SQL: SELECT * FROM `qac_tag` WHERE `tag_name` = '文学'  [ RunTime:0.000452s ]
INFO: [ app_end ] --START--
INFO: Run Behavior\ShowPageTraceBehavior [ RunTime:0.000815s ]
INFO: [ app_end ] --END-- [ RunTime:0.000913s ]

[ 2016-05-24T17:59:29+08:00 ] 127.0.0.1 /Home/Question/addtag.html
INFO: [ app_begin ] --START--
INFO: Run Behavior\ReadHtmlCacheBehavior [ RunTime:0.000664s ]
INFO: [ app_begin ] --END-- [ RunTime:0.001637s ]
SQL: SHOW COLUMNS FROM `qac_tag` [ RunTime:0.003479s ]
SQL: SELECT * FROM `qac_tag` WHERE `tag_name` = '文学'  [ RunTime:0.000404s ]
INFO: [ app_end ] --START--
INFO: Run Behavior\ShowPageTraceBehavior [ RunTime:0.000798s ]
INFO: [ app_end ] --END-- [ RunTime:0.000889s ]

[ 2016-05-24T17:59:33+08:00 ] 127.0.0.1 /Home/Question/addtag.html
INFO: [ app_begin ] --START--
INFO: Run Behavior\ReadHtmlCacheBehavior [ RunTime:0.000797s ]
INFO: [ app_begin ] --END-- [ RunTime:0.001357s ]
SQL: SHOW COLUMNS FROM `qac_tag` [ RunTime:0.003879s ]
SQL: SELECT * FROM `qac_tag` WHERE `tag_name` = '物理学'  [ RunTime:0.000436s ]
INFO: [ app_end ] --START--
INFO: Run Behavior\ShowPageTraceBehavior [ RunTime:0.000904s ]
INFO: [ app_end ] --END-- [ RunTime:0.000994s ]

[ 2016-05-24T17:59:43+08:00 ] 127.0.0.1 /Home/Question/addtag.html
INFO: [ app_begin ] --START--
INFO: Run Behavior\ReadHtmlCacheBehavior [ RunTime:0.000917s ]
INFO: [ app_begin ] --END-- [ RunTime:0.001633s ]
SQL: SHOW COLUMNS FROM `qac_tag` [ RunTime:0.003501s ]
SQL: SELECT * FROM `qac_tag` WHERE `tag_name` = '科学'  [ RunTime:0.000377s ]
INFO: [ app_end ] --START--
INFO: Run Behavior\ShowPageTraceBehavior [ RunTime:0.000834s ]
INFO: [ app_end ] --END-- [ RunTime:0.000924s ]

[ 2016-05-24T18:00:01+08:00 ] 127.0.0.1 /Home/Question/addtag.html
INFO: [ app_begin ] --START--
INFO: Run Behavior\ReadHtmlCacheBehavior [ RunTime:0.000859s ]
INFO: [ app_begin ] --END-- [ RunTime:0.001466s ]

[ 2016-05-24T18:00:19+08:00 ] 127.0.0.1 /Home/Question/addtag.html
INFO: [ app_begin ] --START--
INFO: Run Behavior\ReadHtmlCacheBehavior [ RunTime:0.000801s ]
INFO: [ app_begin ] --END-- [ RunTime:0.001578s ]
SQL: SHOW COLUMNS FROM `qac_tag` [ RunTime:0.007771s ]
SQL: SELECT * FROM `qac_tag` WHERE `tag_name` = '文学'  [ RunTime:0.000735s ]
INFO: [ app_end ] --START--
INFO: Run Behavior\ShowPageTraceBehavior [ RunTime:0.001750s ]
INFO: [ app_end ] --END-- [ RunTime:0.001965s ]

[ 2016-05-24T18:00:25+08:00 ] 127.0.0.1 /Home/Question/addtag.html
INFO: [ app_begin ] --START--
INFO: Run Behavior\ReadHtmlCacheBehavior [ RunTime:0.000793s ]
INFO: [ app_begin ] --END-- [ RunTime:0.002180s ]
SQL: SHOW COLUMNS FROM `qac_tag` [ RunTime:0.073905s ]
SQL: SELECT * FROM `qac_tag` WHERE `tag_name` = '物理学'  [ RunTime:0.000797s ]
INFO: [ app_end ] --START--
INFO: Run Behavior\ShowPageTraceBehavior [ RunTime:0.001766s ]
INFO: [ app_end ] --END-- [ RunTime:0.001957s ]

[ 2016-05-24T18:00:48+08:00 ] 127.0.0.1 /Home/Question/addtag.html
INFO: [ app_begin ] --START--
INFO: Run Behavior\ReadHtmlCacheBehavior [ RunTime:0.000710s ]
INFO: [ app_begin ] --END-- [ RunTime:0.001251s ]
SQL: SHOW COLUMNS FROM `qac_tag` [ RunTime:0.004289s ]
SQL: SELECT * FROM `qac_tag` WHERE `tag_name` = '物理学'  [ RunTime:0.000391s ]
INFO: [ app_end ] --START--
INFO: Run Behavior\ShowPageTraceBehavior [ RunTime:0.000808s ]
INFO: [ app_end ] --END-- [ RunTime:0.000897s ]

[ 2016-05-24T18:00:52+08:00 ] 127.0.0.1 /Home/Question/addtag.html
INFO: [ app_begin ] --START--
INFO: Run Behavior\ReadHtmlCacheBehavior [ RunTime:0.000650s ]
INFO: [ app_begin ] --END-- [ RunTime:0.001297s ]
SQL: SHOW COLUMNS FROM `qac_tag` [ RunTime:0.003822s ]
SQL: SELECT * FROM `qac_tag` WHERE `tag_name` = '文学'  [ RunTime:0.000436s ]
INFO: [ app_end ] --START--
INFO: Run Behavior\ShowPageTraceBehavior [ RunTime:0.000792s ]
INFO: [ app_end ] --END-- [ RunTime:0.000881s ]

[ 2016-05-24T18:24:47+08:00 ] 127.0.0.1 /Home/Quetag/index.html
ERR: 无法加载控制器:Quetag

[ 2016-05-24T18:26:17+08:00 ] 127.0.0.1 /Home/Question/addtag.html
INFO: [ app_begin ] --START--
INFO: Run Behavior\ReadHtmlCacheBehavior [ RunTime:0.001005s ]
INFO: [ app_begin ] --END-- [ RunTime:0.001984s ]

[ 2016-05-24T19:20:04+08:00 ] 127.0.0.1 /home/admin
ERR: 无法加载控制器:Admin

[ 2016-05-24T19:32:38+08:00 ] 127.0.0.1 /Home/Sign/signdo.html?email=976513843%40qq.com
INFO: [ app_begin ] --START--
INFO: Run Behavior\ReadHtmlCacheBehavior [ RunTime:0.000000s ]
INFO: [ app_begin ] --END-- [ RunTime:0.000000s ]
SQL: SHOW COLUMNS FROM `user_verify` [ RunTime:0.015625s ]
SQL: SELECT * FROM `user_verify` WHERE ( `User_Email`='976513843@qq.com' ) LIMIT 1   [ RunTime:0.000000s ]
INFO: [ app_end ] --START--
INFO: Run Behavior\ShowPageTraceBehavior [ RunTime:0.000000s ]
INFO: [ app_end ] --END-- [ RunTime:0.000000s ]

[ 2016-05-24T19:32:49+08:00 ] 127.0.0.1 /Home/Sign/signdo.html?email=976513843%40qq.com
INFO: [ app_begin ] --START--
INFO: Run Behavior\ReadHtmlCacheBehavior [ RunTime:0.000000s ]
INFO: [ app_begin ] --END-- [ RunTime:0.000000s ]
SQL: SHOW COLUMNS FROM `user_verify` [ RunTime:0.000000s ]
SQL: SELECT * FROM `user_verify` WHERE ( `User_Email`='976513843@qq.com' ) LIMIT 1   [ RunTime:0.000000s ]
INFO: [ app_end ] --START--
INFO: Run Behavior\ShowPageTraceBehavior [ RunTime:0.000000s ]
INFO: [ app_end ] --END-- [ RunTime:0.000000s ]

[ 2016-05-24T19:32:56+08:00 ] 127.0.0.1 /Home/Sign/signdo.html?email=976513843%40qq.com
INFO: [ app_begin ] --START--
INFO: Run Behavior\ReadHtmlCacheBehavior [ RunTime:0.000000s ]
INFO: [ app_begin ] --END-- [ RunTime:0.000000s ]
SQL: SHOW COLUMNS FROM `user_verify` [ RunTime:0.000000s ]
SQL: SELECT * FROM `user_verify` WHERE ( `User_Email`='976513843@qq.com' ) LIMIT 1   [ RunTime:0.000000s ]
INFO: [ app_end ] --START--
INFO: Run Behavior\ShowPageTraceBehavior [ RunTime:0.000000s ]
INFO: [ app_end ] --END-- [ RunTime:0.000000s ]

[ 2016-05-24T19:33:01+08:00 ] 127.0.0.1 /Home/Sign/signdo.html?email=15757940034%40163.com
INFO: [ app_begin ] --START--
INFO: Run Behavior\ReadHtmlCacheBehavior [ RunTime:0.000000s ]
INFO: [ app_begin ] --END-- [ RunTime:0.000000s ]
SQL: SHOW COLUMNS FROM `user_verify` [ RunTime:0.015625s ]
SQL: SELECT * FROM `user_verify` WHERE ( `User_Email`='15757940034@163.com' ) LIMIT 1   [ RunTime:0.000000s ]

[ 2016-05-24T19:33:01+08:00 ] 127.0.0.1 /Home/Sign/signdo.html?email=15757940034%40163.com
INFO: [ app_begin ] --START--
INFO: Run Behavior\ReadHtmlCacheBehavior [ RunTime:0.000000s ]
INFO: [ app_begin ] --END-- [ RunTime:0.000000s ]
SQL: SHOW COLUMNS FROM `user_verify` [ RunTime:0.000000s ]
SQL: SELECT * FROM `user_verify` WHERE ( `User_Email`='15757940034@163.com' ) LIMIT 1   [ RunTime:0.000000s ]

[ 2016-05-24T19:33:03+08:00 ] 127.0.0.1 /Home/Sign/Email.html
INFO: [ app_begin ] --START--
INFO: Run Behavior\ReadHtmlCacheBehavior [ RunTime:0.000000s ]
INFO: [ app_begin ] --END-- [ RunTime:0.000000s ]
NOTIC: [8] Undefined index: email C:\wamp\www\Project\guoke\Home\Controller\SignController.class.php 第 24 行.
SQL: SHOW COLUMNS FROM `user_verify` [ RunTime:0.015625s ]
SQL: UPDATE `user_verify` SET `token`='26811b6cc75f83638c2e8c4658b2b78c' WHERE ( `User_Email`='' ) [ RunTime:0.000000s ]
NOTIC: [8] Undefined variable: name C:\wamp\www\Project\guoke\Common\Common\function.php 第 28 行.
INFO: [ view_parse ] --START--
INFO: [ template_filter ] --START--
INFO: Run Behavior\ContentReplaceBehavior [ RunTime:0.000000s ]
INFO: [ template_filter ] --END-- [ RunTime:0.000000s ]
INFO: Run Behavior\ParseTemplateBehavior [ RunTime:0.015625s ]
INFO: [ view_parse ] --END-- [ RunTime:0.015625s ]
INFO: [ view_filter ] --START--
INFO: Run Behavior\WriteHtmlCacheBehavior [ RunTime:0.000000s ]
INFO: [ view_filter ] --END-- [ RunTime:0.000000s ]
INFO: [ app_end ] --START--
INFO: Run Behavior\ShowPageTraceBehavior [ RunTime:0.000000s ]
INFO: [ app_end ] --END-- [ RunTime:0.000000s ]

[ 2016-05-24T19:33:45+08:00 ] 127.0.0.1 /Home/Sign/Verify.html?email=%E6%B2%88%E6%B3%95
INFO: [ app_begin ] --START--
INFO: Run Behavior\ReadHtmlCacheBehavior [ RunTime:0.031250s ]
INFO: [ app_begin ] --END-- [ RunTime:0.046875s ]
SQL: SHOW COLUMNS FROM `user_info` [ RunTime:0.000000s ]
SQL: SELECT * FROM `user_info` WHERE ( `User_Nickname`='沈法' ) LIMIT 1   [ RunTime:0.000000s ]

[ 2016-05-24T19:33:52+08:00 ] 127.0.0.1 /Home/Sign/Verify.html?email=%E6%B2%88%E6%B3%95
INFO: [ app_begin ] --START--
INFO: Run Behavior\ReadHtmlCacheBehavior [ RunTime:0.000000s ]
INFO: [ app_begin ] --END-- [ RunTime:0.000000s ]
SQL: SHOW COLUMNS FROM `user_info` [ RunTime:0.000000s ]
SQL: SELECT * FROM `user_info` WHERE ( `User_Nickname`='沈法' ) LIMIT 1   [ RunTime:0.000000s ]

[ 2016-05-24T19:33:52+08:00 ] 127.0.0.1 /Home/Sign/CreateAdd.html
INFO: [ app_begin ] --START--
INFO: Run Behavior\ReadHtmlCacheBehavior [ RunTime:0.000000s ]
INFO: [ app_begin ] --END-- [ RunTime:0.000000s ]
SQL: SHOW COLUMNS FROM `user_info` [ RunTime:0.000000s ]
SQL: UPDATE `user_info` SET `User_Nickname`='沈法' WHERE ( `U_PID`='2' ) [ RunTime:0.015625s ]
SQL: SHOW COLUMNS FROM `user_verify` [ RunTime:0.015625s ]
SQL: UPDATE `user_verify` SET `User_Pwd`='e10adc3949ba59abbe56e057f20f883e' WHERE ( `U_id`='2' ) [ RunTime:0.000000s ]

[ 2016-05-24T19:39:42+08:00 ] 127.0.0.1 /Home/public/index
ERR: 模板不存在:./guoke/Home/View/Public/index.html

[ 2016-05-24T20:37:39+08:00 ] 127.0.0.1 /Home/Sign/signdo.html?email=976513843%40qq.com
INFO: [ app_begin ] --START--
INFO: Run Behavior\ReadHtmlCacheBehavior [ RunTime:0.000000s ]
INFO: [ app_begin ] --END-- [ RunTime:0.000000s ]
SQL: SHOW COLUMNS FROM `user_verify` [ RunTime:0.031250s ]
SQL: SELECT * FROM `user_verify` WHERE ( `User_Email`='976513843@qq.com' ) LIMIT 1   [ RunTime:0.000000s ]

[ 2016-05-24T20:37:41+08:00 ] 127.0.0.1 /Home/Sign/signdo.html?email=976513843w%40qq.com
INFO: [ app_begin ] --START--
INFO: Run Behavior\ReadHtmlCacheBehavior [ RunTime:0.015625s ]
INFO: [ app_begin ] --END-- [ RunTime:0.015625s ]
SQL: SHOW COLUMNS FROM `user_verify` [ RunTime:0.000000s ]
SQL: SELECT * FROM `user_verify` WHERE ( `User_Email`='976513843w@qq.com' ) LIMIT 1   [ RunTime:0.000000s ]

[ 2016-05-24T20:37:44+08:00 ] 127.0.0.1 /Home/Sign/signdo.html?email=976513843%40qq.com
INFO: [ app_begin ] --START--
INFO: Run Behavior\ReadHtmlCacheBehavior [ RunTime:0.000000s ]
INFO: [ app_begin ] --END-- [ RunTime:0.000000s ]
SQL: SHOW COLUMNS FROM `user_verify` [ RunTime:0.015625s ]
SQL: SELECT * FROM `user_verify` WHERE ( `User_Email`='976513843@qq.com' ) LIMIT 1   [ RunTime:0.000000s ]

[ 2016-05-24T20:38:02+08:00 ] 127.0.0.1 /Home/Sign/signdo.html?email=15757940034%40163.com
INFO: [ app_begin ] --START--
INFO: Run Behavior\ReadHtmlCacheBehavior [ RunTime:0.000000s ]
INFO: [ app_begin ] --END-- [ RunTime:0.000000s ]
SQL: SHOW COLUMNS FROM `user_verify` [ RunTime:0.015625s ]
SQL: SELECT * FROM `user_verify` WHERE ( `User_Email`='15757940034@163.com' ) LIMIT 1   [ RunTime:0.000000s ]

[ 2016-05-24T20:38:02+08:00 ] 127.0.0.1 /Home/Sign/signdo.html?email=15757940034%40163.com
INFO: [ app_begin ] --START--
INFO: Run Behavior\ReadHtmlCacheBehavior [ RunTime:0.000000s ]
INFO: [ app_begin ] --END-- [ RunTime:0.000000s ]
SQL: SHOW COLUMNS FROM `user_verify` [ RunTime:0.015625s ]
SQL: SELECT * FROM `user_verify` WHERE ( `User_Email`='15757940034@163.com' ) LIMIT 1   [ RunTime:0.000000s ]

[ 2016-05-24T20:38:04+08:00 ] 127.0.0.1 /Home/Sign/Email.html
INFO: [ app_begin ] --START--
INFO: Run Behavior\ReadHtmlCacheBehavior [ RunTime:0.015625s ]
INFO: [ app_begin ] --END-- [ RunTime:0.015625s ]
NOTIC: [8] Undefined index: email C:\wamp\www\Project\guoke\Home\Controller\SignController.class.php 第 24 行.
SQL: SHOW COLUMNS FROM `user_verify` [ RunTime:0.015625s ]
SQL: UPDATE `user_verify` SET `token`='354f2ebcad14c5b27c759a8a7061fb68' WHERE ( `User_Email`='' ) [ RunTime:0.046875s ]
NOTIC: [8] Undefined variable: name C:\wamp\www\Project\guoke\Common\Common\function.php 第 28 行.
INFO: [ view_parse ] --START--
INFO: [ template_filter ] --START--
INFO: Run Behavior\ContentReplaceBehavior [ RunTime:0.000000s ]
INFO: [ template_filter ] --END-- [ RunTime:0.000000s ]
INFO: Run Behavior\ParseTemplateBehavior [ RunTime:0.015625s ]
INFO: [ view_parse ] --END-- [ RunTime:0.015625s ]
INFO: [ view_filter ] --START--
INFO: Run Behavior\WriteHtmlCacheBehavior [ RunTime:0.000000s ]
INFO: [ view_filter ] --END-- [ RunTime:0.000000s ]
INFO: [ app_end ] --START--
INFO: Run Behavior\ShowPageTraceBehavior [ RunTime:0.000000s ]
INFO: [ app_end ] --END-- [ RunTime:0.000000s ]

[ 2016-05-24T20:38:48+08:00 ] 127.0.0.1 /Home/Sign/Verify.html?email=%E6%9D%8E%E5%9B%BD%E6%B1%9F
INFO: [ app_begin ] --START--
INFO: Run Behavior\ReadHtmlCacheBehavior [ RunTime:0.000000s ]
INFO: [ app_begin ] --END-- [ RunTime:0.000000s ]
SQL: SHOW COLUMNS FROM `user_info` [ RunTime:0.015625s ]
SQL: SELECT * FROM `user_info` WHERE ( `User_Nickname`='李国江' ) LIMIT 1   [ RunTime:0.000000s ]

[ 2016-05-24T20:38:53+08:00 ] 127.0.0.1 /Home/Sign/Verify.html?email=%E6%9D%8E%E5%9B%BD%E6%B1%9F
INFO: [ app_begin ] --START--
INFO: Run Behavior\ReadHtmlCacheBehavior [ RunTime:0.000000s ]
INFO: [ app_begin ] --END-- [ RunTime:0.000000s ]
SQL: SHOW COLUMNS FROM `user_info` [ RunTime:0.015625s ]
SQL: SELECT * FROM `user_info` WHERE ( `User_Nickname`='李国江' ) LIMIT 1   [ RunTime:0.000000s ]

[ 2016-05-24T20:38:54+08:00 ] 127.0.0.1 /Home/Sign/CreateAdd.html
INFO: [ app_begin ] --START--
INFO: Run Behavior\ReadHtmlCacheBehavior [ RunTime:0.000000s ]
INFO: [ app_begin ] --END-- [ RunTime:0.000000s ]
SQL: SHOW COLUMNS FROM `user_info` [ RunTime:0.015625s ]
SQL: UPDATE `user_info` SET `User_Nickname`='李国江' WHERE ( `U_PID`='3' ) [ RunTime:0.015625s ]
SQL: SHOW COLUMNS FROM `user_verify` [ RunTime:0.015625s ]
SQL: UPDATE `user_verify` SET `User_Pwd`='25f9e794323b453885f5181f1b624d0b' WHERE ( `U_id`='3' ) [ RunTime:0.000000s ]

[ 2016-05-24T20:46:58+08:00 ] 127.0.0.1 /Home/Sign/Verify.html?email=%E6%9D%8E%E5%9B%BD%E6%B1%9F
INFO: [ app_begin ] --START--
INFO: Run Behavior\ReadHtmlCacheBehavior [ RunTime:0.000000s ]
INFO: [ app_begin ] --END-- [ RunTime:0.000000s ]
SQL: SHOW COLUMNS FROM `user_info` [ RunTime:0.015625s ]
SQL: SELECT * FROM `user_info` WHERE ( `User_Nickname`='李国江' ) LIMIT 1   [ RunTime:0.000000s ]

[ 2016-05-24T20:47:04+08:00 ] 127.0.0.1 /Home/Sign/Verify.html?email=%E6%9D%8E%E5%9B%BD%E6%B1%9F%E9%A2%9D
INFO: [ app_begin ] --START--
INFO: Run Behavior\ReadHtmlCacheBehavior [ RunTime:0.000000s ]
INFO: [ app_begin ] --END-- [ RunTime:0.000000s ]
SQL: SHOW COLUMNS FROM `user_info` [ RunTime:0.000000s ]
SQL: SELECT * FROM `user_info` WHERE ( `User_Nickname`='李国江额' ) LIMIT 1   [ RunTime:0.000000s ]

[ 2016-05-24T20:47:11+08:00 ] 127.0.0.1 /Home/Sign/Verify.html?email=%E6%9D%8E%E5%9B%BD%E6%B1%9F%E9%A2%9D
INFO: [ app_begin ] --START--
INFO: Run Behavior\ReadHtmlCacheBehavior [ RunTime:0.000000s ]
INFO: [ app_begin ] --END-- [ RunTime:0.000000s ]
SQL: SHOW COLUMNS FROM `user_info` [ RunTime:0.000000s ]
SQL: SELECT * FROM `user_info` WHERE ( `User_Nickname`='李国江额' ) LIMIT 1   [ RunTime:0.000000s ]

[ 2016-05-24T20:47:14+08:00 ] 127.0.0.1 /Home/Sign/Verify.html?email=%E6%9D%8E%E5%9B%BD%E6%B1%9F%E9%A2%9D
INFO: [ app_begin ] --START--
INFO: Run Behavior\ReadHtmlCacheBehavior [ RunTime:0.000000s ]
INFO: [ app_begin ] --END-- [ RunTime:0.000000s ]
SQL: SHOW COLUMNS FROM `user_info` [ RunTime:0.000000s ]
SQL: SELECT * FROM `user_info` WHERE ( `User_Nickname`='李国江额' ) LIMIT 1   [ RunTime:0.000000s ]

[ 2016-05-24T20:47:14+08:00 ] 127.0.0.1 /Home/Sign/CreateAdd.html
INFO: [ app_begin ] --START--
INFO: Run Behavior\ReadHtmlCacheBehavior [ RunTime:0.000000s ]
INFO: [ app_begin ] --END-- [ RunTime:0.000000s ]
SQL: SHOW COLUMNS FROM `user_info` [ RunTime:0.000000s ]
SQL: UPDATE `user_info` SET `User_Nickname`='李国江额' WHERE ( `U_PID`='3' ) [ RunTime:0.015625s ]
SQL: SHOW COLUMNS FROM `user_verify` [ RunTime:0.000000s ]
SQL: UPDATE `user_verify` SET `User_Pwd`='e10adc3949ba59abbe56e057f20f883e' WHERE ( `U_id`='3' ) [ RunTime:0.000000s ]

[ 2016-05-24T21:07:46+08:00 ] 127.0.0.1 /Home/yzm/CreateVcode.html
ERR: 无法加载控制器:Yzm

[ 2016-05-24T21:07:47+08:00 ] 127.0.0.1 /Home/yzm/CreateVcode.html
ERR: 无法加载控制器:Yzm

[ 2016-05-24T21:07:52+08:00 ] 127.0.0.1 /Home/yzm/CreateVcode.html
ERR: 无法加载控制器:Yzm

[ 2016-05-24T21:08:14+08:00 ] 127.0.0.1 /Home/yzm/CreateVcode.html
ERR: 无法加载控制器:Yzm

[ 2016-05-24T21:08:14+08:00 ] 127.0.0.1 /Home/yzm/CreateVcode.html
ERR: 无法加载控制器:Yzm

[ 2016-05-24T21:08:59+08:00 ] 127.0.0.1 /Home/yzm/CreateVcode.html
ERR: 无法加载控制器:Yzm

[ 2016-05-24T21:09:16+08:00 ] 127.0.0.1 /Home/yzm/CreateVcode.html
ERR: 无法加载控制器:Yzm

[ 2016-05-24T21:12:10+08:00 ] 127.0.0.1 /Home/Login/Emaildo.html?email=976513843%40qq.com
INFO: [ app_begin ] --START--
INFO: Run Behavior\ReadHtmlCacheBehavior [ RunTime:0.015625s ]
INFO: [ app_begin ] --END-- [ RunTime:0.015625s ]
SQL: SHOW COLUMNS FROM `user_verify` [ RunTime:0.015625s ]
SQL: SELECT * FROM `user_verify` WHERE ( `User_Email`='976513843@qq.com' ) LIMIT 1   [ RunTime:0.000000s ]

[ 2016-05-24T21:12:19+08:00 ] 127.0.0.1 /Home/Login/Emaildo.html?email=15757940034%40163.com
INFO: [ app_begin ] --START--
INFO: Run Behavior\ReadHtmlCacheBehavior [ RunTime:0.000000s ]
INFO: [ app_begin ] --END-- [ RunTime:0.000000s ]
SQL: SHOW COLUMNS FROM `user_verify` [ RunTime:0.000000s ]
SQL: SELECT * FROM `user_verify` WHERE ( `User_Email`='15757940034@163.com' ) LIMIT 1   [ RunTime:0.000000s ]
INFO: [ app_end ] --START--
INFO: Run Behavior\ShowPageTraceBehavior [ RunTime:0.000000s ]
INFO: [ app_end ] --END-- [ RunTime:0.000000s ]

[ 2016-05-24T21:12:22+08:00 ] 127.0.0.1 /Home/Login/yzm.html
INFO: [ app_begin ] --START--
INFO: Run Behavior\ReadHtmlCacheBehavior [ RunTime:0.000000s ]
INFO: [ app_begin ] --END-- [ RunTime:0.000000s ]

[ 2016-05-24T21:12:22+08:00 ] 127.0.0.1 /Home/Login/Emaildo.html?email=15757940034%40163.com
INFO: [ app_begin ] --START--
INFO: Run Behavior\ReadHtmlCacheBehavior [ RunTime:0.000000s ]
INFO: [ app_begin ] --END-- [ RunTime:0.000000s ]
SQL: SHOW COLUMNS FROM `user_verify` [ RunTime:0.015625s ]
SQL: SELECT * FROM `user_verify` WHERE ( `User_Email`='15757940034@163.com' ) LIMIT 1   [ RunTime:0.000000s ]
INFO: [ app_end ] --START--
INFO: Run Behavior\ShowPageTraceBehavior [ RunTime:0.000000s ]
INFO: [ app_end ] --END-- [ RunTime:0.000000s ]

[ 2016-05-24T21:12:22+08:00 ] 127.0.0.1 /Home/Login/yzm.html
INFO: [ app_begin ] --START--
INFO: Run Behavior\ReadHtmlCacheBehavior [ RunTime:0.000000s ]
INFO: [ app_begin ] --END-- [ RunTime:0.015625s ]

[ 2016-05-24T21:12:23+08:00 ] 127.0.0.1 /Home/Login/logindo.html
INFO: [ app_begin ] --START--
INFO: Run Behavior\ReadHtmlCacheBehavior [ RunTime:0.000000s ]
INFO: [ app_begin ] --END-- [ RunTime:0.000000s ]
SQL: SHOW COLUMNS FROM `user_verify` [ RunTime:0.000000s ]
SQL: SELECT * FROM `user_verify` WHERE ( `User_Email`='15757940034@163.com'AND `User_Pwd`='e10adc3949ba59abbe56e057f20f883e' ) LIMIT 1   [ RunTime:0.000000s ]
NOTIC: [8] A session had already been started - ignoring session_start() C:\wamp\www\Project\guoke\Home\Controller\LoginController.class.php 第 43 行.

[ 2016-05-24T21:12:39+08:00 ] 127.0.0.1 /Home/Login/Emaildo.html?email=15757940034%40163.com
INFO: [ app_begin ] --START--
INFO: Run Behavior\ReadHtmlCacheBehavior [ RunTime:0.000000s ]
INFO: [ app_begin ] --END-- [ RunTime:0.000000s ]
SQL: SHOW COLUMNS FROM `user_verify` [ RunTime:0.000000s ]
SQL: SELECT * FROM `user_verify` WHERE ( `User_Email`='15757940034@163.com' ) LIMIT 1   [ RunTime:0.000000s ]
INFO: [ app_end ] --START--
INFO: Run Behavior\ShowPageTraceBehavior [ RunTime:0.000000s ]
INFO: [ app_end ] --END-- [ RunTime:0.000000s ]

[ 2016-05-24T21:12:39+08:00 ] 127.0.0.1 /Home/Login/yzm.html
INFO: [ app_begin ] --START--
INFO: Run Behavior\ReadHtmlCacheBehavior [ RunTime:0.000000s ]
INFO: [ app_begin ] --END-- [ RunTime:0.000000s ]

[ 2016-05-24T21:18:32+08:00 ] 127.0.0.1 /Home/Login/Emaildo.html?email=15757940034%40163.com
INFO: [ app_begin ] --START--
INFO: Run Behavior\ReadHtmlCacheBehavior [ RunTime:0.000000s ]
INFO: [ app_begin ] --END-- [ RunTime:0.000000s ]
SQL: SHOW COLUMNS FROM `user_verify` [ RunTime:0.000000s ]
SQL: SELECT * FROM `user_verify` WHERE ( `User_Email`='15757940034@163.com' ) LIMIT 1   [ RunTime:0.000000s ]
INFO: [ app_end ] --START--
INFO: Run Behavior\ShowPageTraceBehavior [ RunTime:0.000000s ]
INFO: [ app_end ] --END-- [ RunTime:0.000000s ]

[ 2016-05-24T21:18:32+08:00 ] 127.0.0.1 /Home/Login/yzm.html
INFO: [ app_begin ] --START--
INFO: Run Behavior\ReadHtmlCacheBehavior [ RunTime:0.000000s ]
INFO: [ app_begin ] --END-- [ RunTime:0.000000s ]

[ 2016-05-24T21:18:32+08:00 ] 127.0.0.1 /Home/Login/logindo.html
INFO: [ app_begin ] --START--
INFO: Run Behavior\ReadHtmlCacheBehavior [ RunTime:0.000000s ]
INFO: [ app_begin ] --END-- [ RunTime:0.000000s ]
SQL: SHOW COLUMNS FROM `user_verify` [ RunTime:0.000000s ]
SQL: SELECT * FROM `user_verify` WHERE ( `User_Email`='15757940034@163.com'AND `User_Pwd`='e10adc3949ba59abbe56e057f20f883e' ) LIMIT 1   [ RunTime:0.000000s ]
NOTIC: [8] A session had already been started - ignoring session_start() C:\wamp\www\Project\guoke\Home\Controller\LoginController.class.php 第 43 行.

[ 2016-05-24T21:22:30+08:00 ] 127.0.0.1 /Home/Login/Emaildo.html?email=15757940034%40163.com
INFO: [ app_begin ] --START--
INFO: Run Behavior\ReadHtmlCacheBehavior [ RunTime:0.000000s ]
INFO: [ app_begin ] --END-- [ RunTime:0.015625s ]
SQL: SHOW COLUMNS FROM `user_verify` [ RunTime:0.000000s ]
SQL: SELECT * FROM `user_verify` WHERE ( `User_Email`='15757940034@163.com' ) LIMIT 1   [ RunTime:0.000000s ]
INFO: [ app_end ] --START--
INFO: Run Behavior\ShowPageTraceBehavior [ RunTime:0.000000s ]
INFO: [ app_end ] --END-- [ RunTime:0.000000s ]

[ 2016-05-24T21:22:33+08:00 ] 127.0.0.1 /Home/Login/yzm.html
INFO: [ app_begin ] --START--
INFO: Run Behavior\ReadHtmlCacheBehavior [ RunTime:0.015625s ]
INFO: [ app_begin ] --END-- [ RunTime:0.015625s ]

[ 2016-05-24T21:22:34+08:00 ] 127.0.0.1 /Home/Login/Emaildo.html?email=15757940034%40163.com
INFO: [ app_begin ] --START--
INFO: Run Behavior\ReadHtmlCacheBehavior [ RunTime:0.000000s ]
INFO: [ app_begin ] --END-- [ RunTime:0.000000s ]
SQL: SHOW COLUMNS FROM `user_verify` [ RunTime:0.015625s ]
SQL: SELECT * FROM `user_verify` WHERE ( `User_Email`='15757940034@163.com' ) LIMIT 1   [ RunTime:0.000000s ]
INFO: [ app_end ] --START--
INFO: Run Behavior\ShowPageTraceBehavior [ RunTime:0.000000s ]
INFO: [ app_end ] --END-- [ RunTime:0.000000s ]

[ 2016-05-24T21:22:34+08:00 ] 127.0.0.1 /Home/Login/yzm.html
INFO: [ app_begin ] --START--
INFO: Run Behavior\ReadHtmlCacheBehavior [ RunTime:0.000000s ]
INFO: [ app_begin ] --END-- [ RunTime:0.000000s ]

[ 2016-05-24T21:22:34+08:00 ] 127.0.0.1 /Home/Login/logindo.html
INFO: [ app_begin ] --START--
INFO: Run Behavior\ReadHtmlCacheBehavior [ RunTime:0.000000s ]
INFO: [ app_begin ] --END-- [ RunTime:0.000000s ]
SQL: SHOW COLUMNS FROM `user_verify` [ RunTime:0.000000s ]
SQL: SELECT * FROM `user_verify` WHERE ( `User_Email`='15757940034@163.com'AND `User_Pwd`='e10adc3949ba59abbe56e057f20f883e' ) LIMIT 1   [ RunTime:0.000000s ]
NOTIC: [8] A session had already been started - ignoring session_start() C:\wamp\www\Project\guoke\Home\Controller\LoginController.class.php 第 43 行.
SQL: SHOW COLUMNS FROM `user_info` [ RunTime:0.015625s ]
ERR: Think\Model:filed方法不存在！

[ 2016-05-24T21:22:38+08:00 ] 127.0.0.1 /Home/Login/Emaildo.html?email=15757940034%40163.com
INFO: [ app_begin ] --START--
INFO: Run Behavior\ReadHtmlCacheBehavior [ RunTime:0.000000s ]
INFO: [ app_begin ] --END-- [ RunTime:0.015625s ]
SQL: SHOW COLUMNS FROM `user_verify` [ RunTime:0.015625s ]
SQL: SELECT * FROM `user_verify` WHERE ( `User_Email`='15757940034@163.com' ) LIMIT 1   [ RunTime:0.000000s ]
INFO: [ app_end ] --START--
INFO: Run Behavior\ShowPageTraceBehavior [ RunTime:0.000000s ]
INFO: [ app_end ] --END-- [ RunTime:0.000000s ]

[ 2016-05-24T21:22:38+08:00 ] 127.0.0.1 /Home/Login/yzm.html
INFO: [ app_begin ] --START--
INFO: Run Behavior\ReadHtmlCacheBehavior [ RunTime:0.000000s ]
INFO: [ app_begin ] --END-- [ RunTime:0.000000s ]

[ 2016-05-24T21:22:38+08:00 ] 127.0.0.1 /Home/Login/logindo.html
INFO: [ app_begin ] --START--
INFO: Run Behavior\ReadHtmlCacheBehavior [ RunTime:0.000000s ]
INFO: [ app_begin ] --END-- [ RunTime:0.000000s ]
SQL: SHOW COLUMNS FROM `user_verify` [ RunTime:0.000000s ]
SQL: SELECT * FROM `user_verify` WHERE ( `User_Email`='15757940034@163.com'AND `User_Pwd`='e10adc3949ba59abbe56e057f20f883e' ) LIMIT 1   [ RunTime:0.000000s ]
NOTIC: [8] A session had already been started - ignoring session_start() C:\wamp\www\Project\guoke\Home\Controller\LoginController.class.php 第 43 行.
SQL: SHOW COLUMNS FROM `user_info` [ RunTime:0.015625s ]
ERR: Think\Model:filed方法不存在！

[ 2016-05-24T21:22:39+08:00 ] 127.0.0.1 /Home/Login/Emaildo.html?email=15757940034%40163.com
INFO: [ app_begin ] --START--
INFO: Run Behavior\ReadHtmlCacheBehavior [ RunTime:0.000000s ]
INFO: [ app_begin ] --END-- [ RunTime:0.000000s ]
SQL: SHOW COLUMNS FROM `user_verify` [ RunTime:0.000000s ]
SQL: SELECT * FROM `user_verify` WHERE ( `User_Email`='15757940034@163.com' ) LIMIT 1   [ RunTime:0.000000s ]
INFO: [ app_end ] --START--
INFO: Run Behavior\ShowPageTraceBehavior [ RunTime:0.000000s ]
INFO: [ app_end ] --END-- [ RunTime:0.000000s ]

[ 2016-05-24T21:22:39+08:00 ] 127.0.0.1 /Home/Login/yzm.html
INFO: [ app_begin ] --START--
INFO: Run Behavior\ReadHtmlCacheBehavior [ RunTime:0.000000s ]
INFO: [ app_begin ] --END-- [ RunTime:0.000000s ]

[ 2016-05-24T21:22:39+08:00 ] 127.0.0.1 /Home/Login/logindo.html
INFO: [ app_begin ] --START--
INFO: Run Behavior\ReadHtmlCacheBehavior [ RunTime:0.000000s ]
INFO: [ app_begin ] --END-- [ RunTime:0.000000s ]
SQL: SHOW COLUMNS FROM `user_verify` [ RunTime:0.000000s ]
SQL: SELECT * FROM `user_verify` WHERE ( `User_Email`='15757940034@163.com'AND `User_Pwd`='e10adc3949ba59abbe56e057f20f883e' ) LIMIT 1   [ RunTime:0.000000s ]
NOTIC: [8] A session had already been started - ignoring session_start() C:\wamp\www\Project\guoke\Home\Controller\LoginController.class.php 第 43 行.
SQL: SHOW COLUMNS FROM `user_info` [ RunTime:0.015625s ]
ERR: Think\Model:filed方法不存在！

[ 2016-05-24T21:22:39+08:00 ] 127.0.0.1 /Home/Login/Emaildo.html?email=15757940034%40163.com
INFO: [ app_begin ] --START--
INFO: Run Behavior\ReadHtmlCacheBehavior [ RunTime:0.000000s ]
INFO: [ app_begin ] --END-- [ RunTime:0.000000s ]
SQL: SHOW COLUMNS FROM `user_verify` [ RunTime:0.000000s ]
SQL: SELECT * FROM `user_verify` WHERE ( `User_Email`='15757940034@163.com' ) LIMIT 1   [ RunTime:0.000000s ]
INFO: [ app_end ] --START--
INFO: Run Behavior\ShowPageTraceBehavior [ RunTime:0.000000s ]
INFO: [ app_end ] --END-- [ RunTime:0.000000s ]

[ 2016-05-24T21:22:39+08:00 ] 127.0.0.1 /Home/Login/yzm.html
INFO: [ app_begin ] --START--
INFO: Run Behavior\ReadHtmlCacheBehavior [ RunTime:0.000000s ]
INFO: [ app_begin ] --END-- [ RunTime:0.000000s ]

[ 2016-05-24T21:22:39+08:00 ] 127.0.0.1 /Home/Login/logindo.html
INFO: [ app_begin ] --START--
INFO: Run Behavior\ReadHtmlCacheBehavior [ RunTime:0.000000s ]
INFO: [ app_begin ] --END-- [ RunTime:0.015625s ]
SQL: SHOW COLUMNS FROM `user_verify` [ RunTime:0.015625s ]
SQL: SELECT * FROM `user_verify` WHERE ( `User_Email`='15757940034@163.com'AND `User_Pwd`='e10adc3949ba59abbe56e057f20f883e' ) LIMIT 1   [ RunTime:0.000000s ]
NOTIC: [8] A session had already been started - ignoring session_start() C:\wamp\www\Project\guoke\Home\Controller\LoginController.class.php 第 43 行.
SQL: SHOW COLUMNS FROM `user_info` [ RunTime:0.000000s ]
ERR: Think\Model:filed方法不存在！

[ 2016-05-24T21:22:39+08:00 ] 127.0.0.1 /Home/Login/Emaildo.html?email=15757940034%40163.com
INFO: [ app_begin ] --START--
INFO: Run Behavior\ReadHtmlCacheBehavior [ RunTime:0.000000s ]
INFO: [ app_begin ] --END-- [ RunTime:0.000000s ]
SQL: SHOW COLUMNS FROM `user_verify` [ RunTime:0.000000s ]
SQL: SELECT * FROM `user_verify` WHERE ( `User_Email`='15757940034@163.com' ) LIMIT 1   [ RunTime:0.000000s ]
INFO: [ app_end ] --START--
INFO: Run Behavior\ShowPageTraceBehavior [ RunTime:0.000000s ]
INFO: [ app_end ] --END-- [ RunTime:0.000000s ]

[ 2016-05-24T21:22:39+08:00 ] 127.0.0.1 /Home/Login/yzm.html
INFO: [ app_begin ] --START--
INFO: Run Behavior\ReadHtmlCacheBehavior [ RunTime:0.000000s ]
INFO: [ app_begin ] --END-- [ RunTime:0.000000s ]

[ 2016-05-24T21:22:39+08:00 ] 127.0.0.1 /Home/Login/logindo.html
INFO: [ app_begin ] --START--
INFO: Run Behavior\ReadHtmlCacheBehavior [ RunTime:0.000000s ]
INFO: [ app_begin ] --END-- [ RunTime:0.000000s ]
SQL: SHOW COLUMNS FROM `user_verify` [ RunTime:0.000000s ]
SQL: SELECT * FROM `user_verify` WHERE ( `User_Email`='15757940034@163.com'AND `User_Pwd`='e10adc3949ba59abbe56e057f20f883e' ) LIMIT 1   [ RunTime:0.000000s ]
NOTIC: [8] A session had already been started - ignoring session_start() C:\wamp\www\Project\guoke\Home\Controller\LoginController.class.php 第 43 行.
SQL: SHOW COLUMNS FROM `user_info` [ RunTime:0.000000s ]
ERR: Think\Model:filed方法不存在！

[ 2016-05-24T21:22:41+08:00 ] 127.0.0.1 /Home/Login/Emaildo.html?email=15757940034%40163.com
INFO: [ app_begin ] --START--
INFO: Run Behavior\ReadHtmlCacheBehavior [ RunTime:0.000000s ]
INFO: [ app_begin ] --END-- [ RunTime:0.000000s ]
SQL: SHOW COLUMNS FROM `user_verify` [ RunTime:0.000000s ]
SQL: SELECT * FROM `user_verify` WHERE ( `User_Email`='15757940034@163.com' ) LIMIT 1   [ RunTime:0.000000s ]
INFO: [ app_end ] --START--
INFO: Run Behavior\ShowPageTraceBehavior [ RunTime:0.000000s ]
INFO: [ app_end ] --END-- [ RunTime:0.000000s ]

[ 2016-05-24T21:22:41+08:00 ] 127.0.0.1 /Home/Login/yzm.html
INFO: [ app_begin ] --START--
INFO: Run Behavior\ReadHtmlCacheBehavior [ RunTime:0.000000s ]
INFO: [ app_begin ] --END-- [ RunTime:0.000000s ]

[ 2016-05-24T21:22:41+08:00 ] 127.0.0.1 /Home/Login/logindo.html
INFO: [ app_begin ] --START--
INFO: Run Behavior\ReadHtmlCacheBehavior [ RunTime:0.000000s ]
INFO: [ app_begin ] --END-- [ RunTime:0.000000s ]
SQL: SHOW COLUMNS FROM `user_verify` [ RunTime:0.000000s ]
SQL: SELECT * FROM `user_verify` WHERE ( `User_Email`='15757940034@163.com'AND `User_Pwd`='e10adc3949ba59abbe56e057f20f883e' ) LIMIT 1   [ RunTime:0.000000s ]
NOTIC: [8] A session had already been started - ignoring session_start() C:\wamp\www\Project\guoke\Home\Controller\LoginController.class.php 第 43 行.
SQL: SHOW COLUMNS FROM `user_info` [ RunTime:0.000000s ]
ERR: Think\Model:filed方法不存在！

[ 2016-05-24T21:22:41+08:00 ] 127.0.0.1 /Home/Login/Emaildo.html?email=15757940034%40163.com
INFO: [ app_begin ] --START--
INFO: Run Behavior\ReadHtmlCacheBehavior [ RunTime:0.000000s ]
INFO: [ app_begin ] --END-- [ RunTime:0.000000s ]
SQL: SHOW COLUMNS FROM `user_verify` [ RunTime:0.000000s ]
SQL: SELECT * FROM `user_verify` WHERE ( `User_Email`='15757940034@163.com' ) LIMIT 1   [ RunTime:0.000000s ]
INFO: [ app_end ] --START--
INFO: Run Behavior\ShowPageTraceBehavior [ RunTime:0.000000s ]
INFO: [ app_end ] --END-- [ RunTime:0.000000s ]

[ 2016-05-24T21:22:41+08:00 ] 127.0.0.1 /Home/Login/yzm.html
INFO: [ app_begin ] --START--
INFO: Run Behavior\ReadHtmlCacheBehavior [ RunTime:0.000000s ]
INFO: [ app_begin ] --END-- [ RunTime:0.000000s ]

[ 2016-05-24T21:22:41+08:00 ] 127.0.0.1 /Home/Login/logindo.html
INFO: [ app_begin ] --START--
INFO: Run Behavior\ReadHtmlCacheBehavior [ RunTime:0.000000s ]
INFO: [ app_begin ] --END-- [ RunTime:0.000000s ]
SQL: SHOW COLUMNS FROM `user_verify` [ RunTime:0.000000s ]
SQL: SELECT * FROM `user_verify` WHERE ( `User_Email`='15757940034@163.com'AND `User_Pwd`='e10adc3949ba59abbe56e057f20f883e' ) LIMIT 1   [ RunTime:0.000000s ]
NOTIC: [8] A session had already been started - ignoring session_start() C:\wamp\www\Project\guoke\Home\Controller\LoginController.class.php 第 43 行.
SQL: SHOW COLUMNS FROM `user_info` [ RunTime:0.000000s ]
ERR: Think\Model:filed方法不存在！

[ 2016-05-24T21:22:42+08:00 ] 127.0.0.1 /Home/Login/Emaildo.html?email=15757940034%40163.com
INFO: [ app_begin ] --START--
INFO: Run Behavior\ReadHtmlCacheBehavior [ RunTime:0.000000s ]
INFO: [ app_begin ] --END-- [ RunTime:0.000000s ]
SQL: SHOW COLUMNS FROM `user_verify` [ RunTime:0.000000s ]
SQL: SELECT * FROM `user_verify` WHERE ( `User_Email`='15757940034@163.com' ) LIMIT 1   [ RunTime:0.015625s ]
INFO: [ app_end ] --START--
INFO: Run Behavior\ShowPageTraceBehavior [ RunTime:0.000000s ]
INFO: [ app_end ] --END-- [ RunTime:0.000000s ]

[ 2016-05-24T21:22:42+08:00 ] 127.0.0.1 /Home/Login/yzm.html
INFO: [ app_begin ] --START--
INFO: Run Behavior\ReadHtmlCacheBehavior [ RunTime:0.015625s ]
INFO: [ app_begin ] --END-- [ RunTime:0.015625s ]

[ 2016-05-24T21:22:42+08:00 ] 127.0.0.1 /Home/Login/logindo.html
INFO: [ app_begin ] --START--
INFO: Run Behavior\ReadHtmlCacheBehavior [ RunTime:0.000000s ]
INFO: [ app_begin ] --END-- [ RunTime:0.000000s ]
SQL: SHOW COLUMNS FROM `user_verify` [ RunTime:0.000000s ]
SQL: SELECT * FROM `user_verify` WHERE ( `User_Email`='15757940034@163.com'AND `User_Pwd`='e10adc3949ba59abbe56e057f20f883e' ) LIMIT 1   [ RunTime:0.000000s ]
NOTIC: [8] A session had already been started - ignoring session_start() C:\wamp\www\Project\guoke\Home\Controller\LoginController.class.php 第 43 行.
SQL: SHOW COLUMNS FROM `user_info` [ RunTime:0.000000s ]
ERR: Think\Model:filed方法不存在！

[ 2016-05-24T21:22:42+08:00 ] 127.0.0.1 /Home/Login/Emaildo.html?email=15757940034%40163.com
INFO: [ app_begin ] --START--
INFO: Run Behavior\ReadHtmlCacheBehavior [ RunTime:0.000000s ]
INFO: [ app_begin ] --END-- [ RunTime:0.000000s ]
SQL: SHOW COLUMNS FROM `user_verify` [ RunTime:0.000000s ]
SQL: SELECT * FROM `user_verify` WHERE ( `User_Email`='15757940034@163.com' ) LIMIT 1   [ RunTime:0.000000s ]
INFO: [ app_end ] --START--
INFO: Run Behavior\ShowPageTraceBehavior [ RunTime:0.015625s ]
INFO: [ app_end ] --END-- [ RunTime:0.015625s ]

[ 2016-05-24T21:22:42+08:00 ] 127.0.0.1 /Home/Login/yzm.html
INFO: [ app_begin ] --START--
INFO: Run Behavior\ReadHtmlCacheBehavior [ RunTime:0.000000s ]
INFO: [ app_begin ] --END-- [ RunTime:0.000000s ]

[ 2016-05-24T21:22:43+08:00 ] 127.0.0.1 /Home/Login/logindo.html
INFO: [ app_begin ] --START--
INFO: Run Behavior\ReadHtmlCacheBehavior [ RunTime:0.000000s ]
INFO: [ app_begin ] --END-- [ RunTime:0.000000s ]
SQL: SHOW COLUMNS FROM `user_verify` [ RunTime:0.000000s ]
SQL: SELECT * FROM `user_verify` WHERE ( `User_Email`='15757940034@163.com'AND `User_Pwd`='e10adc3949ba59abbe56e057f20f883e' ) LIMIT 1   [ RunTime:0.000000s ]
NOTIC: [8] A session had already been started - ignoring session_start() C:\wamp\www\Project\guoke\Home\Controller\LoginController.class.php 第 43 行.
SQL: SHOW COLUMNS FROM `user_info` [ RunTime:0.000000s ]
ERR: Think\Model:filed方法不存在！

[ 2016-05-24T21:22:43+08:00 ] 127.0.0.1 /Home/Login/Emaildo.html?email=15757940034%40163.com
INFO: [ app_begin ] --START--
INFO: Run Behavior\ReadHtmlCacheBehavior [ RunTime:0.000000s ]
INFO: [ app_begin ] --END-- [ RunTime:0.000000s ]
SQL: SHOW COLUMNS FROM `user_verify` [ RunTime:0.000000s ]
SQL: SELECT * FROM `user_verify` WHERE ( `User_Email`='15757940034@163.com' ) LIMIT 1   [ RunTime:0.000000s ]
INFO: [ app_end ] --START--
INFO: Run Behavior\ShowPageTraceBehavior [ RunTime:0.015625s ]
INFO: [ app_end ] --END-- [ RunTime:0.015625s ]

[ 2016-05-24T21:22:43+08:00 ] 127.0.0.1 /Home/Login/yzm.html
INFO: [ app_begin ] --START--
INFO: Run Behavior\ReadHtmlCacheBehavior [ RunTime:0.000000s ]
INFO: [ app_begin ] --END-- [ RunTime:0.000000s ]

[ 2016-05-24T21:22:43+08:00 ] 127.0.0.1 /Home/Login/logindo.html
INFO: [ app_begin ] --START--
INFO: Run Behavior\ReadHtmlCacheBehavior [ RunTime:0.000000s ]
INFO: [ app_begin ] --END-- [ RunTime:0.000000s ]
SQL: SHOW COLUMNS FROM `user_verify` [ RunTime:0.000000s ]
SQL: SELECT * FROM `user_verify` WHERE ( `User_Email`='15757940034@163.com'AND `User_Pwd`='e10adc3949ba59abbe56e057f20f883e' ) LIMIT 1   [ RunTime:0.000000s ]
NOTIC: [8] A session had already been started - ignoring session_start() C:\wamp\www\Project\guoke\Home\Controller\LoginController.class.php 第 43 行.
SQL: SHOW COLUMNS FROM `user_info` [ RunTime:0.000000s ]
ERR: Think\Model:filed方法不存在！

[ 2016-05-24T21:22:43+08:00 ] 127.0.0.1 /Home/Login/Emaildo.html?email=15757940034%40163.com
INFO: [ app_begin ] --START--
INFO: Run Behavior\ReadHtmlCacheBehavior [ RunTime:0.000000s ]
INFO: [ app_begin ] --END-- [ RunTime:0.000000s ]
SQL: SHOW COLUMNS FROM `user_verify` [ RunTime:0.000000s ]
SQL: SELECT * FROM `user_verify` WHERE ( `User_Email`='15757940034@163.com' ) LIMIT 1   [ RunTime:0.000000s ]
INFO: [ app_end ] --START--
INFO: Run Behavior\ShowPageTraceBehavior [ RunTime:0.015625s ]
INFO: [ app_end ] --END-- [ RunTime:0.015625s ]

[ 2016-05-24T21:22:43+08:00 ] 127.0.0.1 /Home/Login/yzm.html
INFO: [ app_begin ] --START--
INFO: Run Behavior\ReadHtmlCacheBehavior [ RunTime:0.000000s ]
INFO: [ app_begin ] --END-- [ RunTime:0.000000s ]

[ 2016-05-24T21:22:43+08:00 ] 127.0.0.1 /Home/Login/logindo.html
INFO: [ app_begin ] --START--
INFO: Run Behavior\ReadHtmlCacheBehavior [ RunTime:0.000000s ]
INFO: [ app_begin ] --END-- [ RunTime:0.015625s ]
SQL: SHOW COLUMNS FROM `user_verify` [ RunTime:0.015625s ]
SQL: SELECT * FROM `user_verify` WHERE ( `User_Email`='15757940034@163.com'AND `User_Pwd`='e10adc3949ba59abbe56e057f20f883e' ) LIMIT 1   [ RunTime:0.000000s ]
NOTIC: [8] A session had already been started - ignoring session_start() C:\wamp\www\Project\guoke\Home\Controller\LoginController.class.php 第 43 行.
SQL: SHOW COLUMNS FROM `user_info` [ RunTime:0.000000s ]
ERR: Think\Model:filed方法不存在！

[ 2016-05-24T21:22:54+08:00 ] 127.0.0.1 /Home/Login/Emaildo.html?email=15757940034%40163.com
INFO: [ app_begin ] --START--
INFO: Run Behavior\ReadHtmlCacheBehavior [ RunTime:0.000000s ]
INFO: [ app_begin ] --END-- [ RunTime:0.000000s ]
SQL: SHOW COLUMNS FROM `user_verify` [ RunTime:0.000000s ]
SQL: SELECT * FROM `user_verify` WHERE ( `User_Email`='15757940034@163.com' ) LIMIT 1   [ RunTime:0.000000s ]
INFO: [ app_end ] --START--
INFO: Run Behavior\ShowPageTraceBehavior [ RunTime:0.000000s ]
INFO: [ app_end ] --END-- [ RunTime:0.015625s ]

[ 2016-05-24T21:22:54+08:00 ] 127.0.0.1 /Home/Login/yzm.html
INFO: [ app_begin ] --START--
INFO: Run Behavior\ReadHtmlCacheBehavior [ RunTime:0.000000s ]
INFO: [ app_begin ] --END-- [ RunTime:0.000000s ]

[ 2016-05-24T21:22:54+08:00 ] 127.0.0.1 /Home/Login/logindo.html
INFO: [ app_begin ] --START--
INFO: Run Behavior\ReadHtmlCacheBehavior [ RunTime:0.000000s ]
INFO: [ app_begin ] --END-- [ RunTime:0.000000s ]
SQL: SHOW COLUMNS FROM `user_verify` [ RunTime:0.015625s ]
SQL: SELECT * FROM `user_verify` WHERE ( `User_Email`='15757940034@163.com'AND `User_Pwd`='e10adc3949ba59abbe56e057f20f883e' ) LIMIT 1   [ RunTime:0.000000s ]
NOTIC: [8] A session had already been started - ignoring session_start() C:\wamp\www\Project\guoke\Home\Controller\LoginController.class.php 第 43 行.
SQL: SHOW COLUMNS FROM `user_info` [ RunTime:0.000000s ]
ERR: Think\Model:filed方法不存在！

[ 2016-05-24T21:23:16+08:00 ] 127.0.0.1 /Home/Login/yzm.html
INFO: [ app_begin ] --START--
INFO: Run Behavior\ReadHtmlCacheBehavior [ RunTime:0.000000s ]
INFO: [ app_begin ] --END-- [ RunTime:0.000000s ]
INFO: [ app_end ] --START--
INFO: Run Behavior\ShowPageTraceBehavior [ RunTime:0.000000s ]
INFO: [ app_end ] --END-- [ RunTime:0.000000s ]

[ 2016-05-24T21:23:19+08:00 ] 127.0.0.1 /Home/Login/yzm.html
INFO: [ app_begin ] --START--
INFO: Run Behavior\ReadHtmlCacheBehavior [ RunTime:0.000000s ]
INFO: [ app_begin ] --END-- [ RunTime:0.000000s ]

[ 2016-05-24T21:23:19+08:00 ] 127.0.0.1 /Home/Login/Emaildo.html?email=15757940034%40163.com
INFO: [ app_begin ] --START--
INFO: Run Behavior\ReadHtmlCacheBehavior [ RunTime:0.015625s ]
INFO: [ app_begin ] --END-- [ RunTime:0.015625s ]
SQL: SHOW COLUMNS FROM `user_verify` [ RunTime:0.000000s ]
SQL: SELECT * FROM `user_verify` WHERE ( `User_Email`='15757940034@163.com' ) LIMIT 1   [ RunTime:0.000000s ]
INFO: [ app_end ] --START--
INFO: Run Behavior\ShowPageTraceBehavior [ RunTime:0.000000s ]
INFO: [ app_end ] --END-- [ RunTime:0.000000s ]

[ 2016-05-24T21:23:19+08:00 ] 127.0.0.1 /Home/Login/yzm.html
INFO: [ app_begin ] --START--
INFO: Run Behavior\ReadHtmlCacheBehavior [ RunTime:0.000000s ]
INFO: [ app_begin ] --END-- [ RunTime:0.000000s ]

[ 2016-05-24T21:23:19+08:00 ] 127.0.0.1 /Home/Login/logindo.html
INFO: [ app_begin ] --START--
INFO: Run Behavior\ReadHtmlCacheBehavior [ RunTime:0.000000s ]
INFO: [ app_begin ] --END-- [ RunTime:0.000000s ]
SQL: SHOW COLUMNS FROM `user_verify` [ RunTime:0.015625s ]
SQL: SELECT * FROM `user_verify` WHERE ( `User_Email`='15757940034@163.com'AND `User_Pwd`='e10adc3949ba59abbe56e057f20f883e' ) LIMIT 1   [ RunTime:0.000000s ]
NOTIC: [8] A session had already been started - ignoring session_start() C:\wamp\www\Project\guoke\Home\Controller\LoginController.class.php 第 43 行.
SQL: SHOW COLUMNS FROM `user_info` [ RunTime:0.000000s ]
SQL: SELECT `User_Nickname` FROM `user_info` WHERE ( `U_PID`='3' ) LIMIT 1   [ RunTime:0.000000s ]
NOTIC: [8] Undefined index: User_Email C:\wamp\www\Project\guoke\Home\Controller\LoginController.class.php 第 50 行.
NOTIC: [8] Undefined index: User_Pwd C:\wamp\www\Project\guoke\Home\Controller\LoginController.class.php 第 51 行.
NOTIC: [8] Undefined index: U_id C:\wamp\www\Project\guoke\Home\Controller\LoginController.class.php 第 54 行.

[ 2016-05-24T21:23:25+08:00 ] 127.0.0.1 /Home/Login/yzm.html
INFO: [ app_begin ] --START--
INFO: Run Behavior\ReadHtmlCacheBehavior [ RunTime:0.000000s ]
INFO: [ app_begin ] --END-- [ RunTime:0.000000s ]

[ 2016-05-24T21:23:28+08:00 ] 127.0.0.1 /Home/Login/yzm.html
INFO: [ app_begin ] --START--
INFO: Run Behavior\ReadHtmlCacheBehavior [ RunTime:0.015625s ]
INFO: [ app_begin ] --END-- [ RunTime:0.015625s ]

[ 2016-05-24T21:23:29+08:00 ] 127.0.0.1 /Home/Login/Emaildo.html?email=15757940034%40163.com
INFO: [ app_begin ] --START--
INFO: Run Behavior\ReadHtmlCacheBehavior [ RunTime:0.000000s ]
INFO: [ app_begin ] --END-- [ RunTime:0.000000s ]
SQL: SHOW COLUMNS FROM `user_verify` [ RunTime:0.015625s ]
SQL: SELECT * FROM `user_verify` WHERE ( `User_Email`='15757940034@163.com' ) LIMIT 1   [ RunTime:0.000000s ]
INFO: [ app_end ] --START--
INFO: Run Behavior\ShowPageTraceBehavior [ RunTime:0.000000s ]
INFO: [ app_end ] --END-- [ RunTime:0.000000s ]

[ 2016-05-24T21:23:29+08:00 ] 127.0.0.1 /Home/Login/yzm.html
INFO: [ app_begin ] --START--
INFO: Run Behavior\ReadHtmlCacheBehavior [ RunTime:0.000000s ]
INFO: [ app_begin ] --END-- [ RunTime:0.015625s ]

[ 2016-05-24T21:23:29+08:00 ] 127.0.0.1 /Home/Login/logindo.html
INFO: [ app_begin ] --START--
INFO: Run Behavior\ReadHtmlCacheBehavior [ RunTime:0.000000s ]
INFO: [ app_begin ] --END-- [ RunTime:0.000000s ]
SQL: SHOW COLUMNS FROM `user_verify` [ RunTime:0.015625s ]
SQL: SELECT * FROM `user_verify` WHERE ( `User_Email`='15757940034@163.com'AND `User_Pwd`='e10adc3949ba59abbe56e057f20f883e' ) LIMIT 1   [ RunTime:0.000000s ]
NOTIC: [8] A session had already been started - ignoring session_start() C:\wamp\www\Project\guoke\Home\Controller\LoginController.class.php 第 43 行.
SQL: SHOW COLUMNS FROM `user_info` [ RunTime:0.000000s ]
SQL: SELECT `User_Nickname` FROM `user_info` WHERE ( `U_PID`='3' ) LIMIT 1   [ RunTime:0.000000s ]
NOTIC: [8] Undefined index: User_Email C:\wamp\www\Project\guoke\Home\Controller\LoginController.class.php 第 50 行.
NOTIC: [8] Undefined index: User_Pwd C:\wamp\www\Project\guoke\Home\Controller\LoginController.class.php 第 51 行.
NOTIC: [8] Undefined index: U_id C:\wamp\www\Project\guoke\Home\Controller\LoginController.class.php 第 54 行.

[ 2016-05-24T21:23:53+08:00 ] 127.0.0.1 /Home/Login/Emaildo.html?email=15757940034%40163.com
INFO: [ app_begin ] --START--
INFO: Run Behavior\ReadHtmlCacheBehavior [ RunTime:0.000000s ]
INFO: [ app_begin ] --END-- [ RunTime:0.000000s ]
SQL: SHOW COLUMNS FROM `user_verify` [ RunTime:0.000000s ]
SQL: SELECT * FROM `user_verify` WHERE ( `User_Email`='15757940034@163.com' ) LIMIT 1   [ RunTime:0.000000s ]
INFO: [ app_end ] --START--
INFO: Run Behavior\ShowPageTraceBehavior [ RunTime:0.000000s ]
INFO: [ app_end ] --END-- [ RunTime:0.000000s ]

[ 2016-05-24T21:23:53+08:00 ] 127.0.0.1 /Home/Login/yzm.html
INFO: [ app_begin ] --START--
INFO: Run Behavior\ReadHtmlCacheBehavior [ RunTime:0.000000s ]
INFO: [ app_begin ] --END-- [ RunTime:0.000000s ]

[ 2016-05-24T21:23:53+08:00 ] 127.0.0.1 /Home/Login/logindo.html
INFO: [ app_begin ] --START--
INFO: Run Behavior\ReadHtmlCacheBehavior [ RunTime:0.000000s ]
INFO: [ app_begin ] --END-- [ RunTime:0.000000s ]
SQL: SHOW COLUMNS FROM `user_verify` [ RunTime:0.015625s ]
SQL: SELECT * FROM `user_verify` WHERE ( `User_Email`='15757940034@163.com'AND `User_Pwd`='e10adc3949ba59abbe56e057f20f883e' ) LIMIT 1   [ RunTime:0.000000s ]
NOTIC: [8] A session had already been started - ignoring session_start() C:\wamp\www\Project\guoke\Home\Controller\LoginController.class.php 第 43 行.
SQL: SHOW COLUMNS FROM `user_info` [ RunTime:0.015625s ]
SQL: SELECT `User_Nickname` FROM `user_info` WHERE ( `U_PID`='3' ) LIMIT 1   [ RunTime:0.000000s ]
NOTIC: [8] Undefined index: User_Email C:\wamp\www\Project\guoke\Home\Controller\LoginController.class.php 第 51 行.
NOTIC: [8] Undefined index: User_Pwd C:\wamp\www\Project\guoke\Home\Controller\LoginController.class.php 第 52 行.
NOTIC: [8] Undefined index: U_id C:\wamp\www\Project\guoke\Home\Controller\LoginController.class.php 第 55 行.

[ 2016-05-24T21:25:19+08:00 ] 127.0.0.1 /Home/Login/yzm.html
INFO: [ app_begin ] --START--
INFO: Run Behavior\ReadHtmlCacheBehavior [ RunTime:0.000000s ]
INFO: [ app_begin ] --END-- [ RunTime:0.000000s ]

[ 2016-05-24T21:25:19+08:00 ] 127.0.0.1 /Home/Login/Emaildo.html?email=15757940034%40163.com
INFO: [ app_begin ] --START--
INFO: Run Behavior\ReadHtmlCacheBehavior [ RunTime:0.000000s ]
INFO: [ app_begin ] --END-- [ RunTime:0.000000s ]
SQL: SHOW COLUMNS FROM `user_verify` [ RunTime:0.000000s ]
SQL: SELECT * FROM `user_verify` WHERE ( `User_Email`='15757940034@163.com' ) LIMIT 1   [ RunTime:0.000000s ]
INFO: [ app_end ] --START--
INFO: Run Behavior\ShowPageTraceBehavior [ RunTime:0.000000s ]
INFO: [ app_end ] --END-- [ RunTime:0.000000s ]

[ 2016-05-24T21:25:19+08:00 ] 127.0.0.1 /Home/Login/yzm.html
INFO: [ app_begin ] --START--
INFO: Run Behavior\ReadHtmlCacheBehavior [ RunTime:0.000000s ]
INFO: [ app_begin ] --END-- [ RunTime:0.000000s ]

[ 2016-05-24T21:25:19+08:00 ] 127.0.0.1 /Home/Login/logindo.html
INFO: [ app_begin ] --START--
INFO: Run Behavior\ReadHtmlCacheBehavior [ RunTime:0.000000s ]
INFO: [ app_begin ] --END-- [ RunTime:0.000000s ]
SQL: SHOW COLUMNS FROM `user_verify` [ RunTime:0.015625s ]
SQL: SELECT * FROM `user_verify` WHERE ( `User_Email`='15757940034@163.com'AND `User_Pwd`='e10adc3949ba59abbe56e057f20f883e' ) LIMIT 1   [ RunTime:0.000000s ]
NOTIC: [8] A session had already been started - ignoring session_start() C:\wamp\www\Project\guoke\Home\Controller\LoginController.class.php 第 43 行.
SQL: SHOW COLUMNS FROM `user_info` [ RunTime:0.000000s ]
SQL: SELECT `User_Nickname` FROM `user_info` WHERE ( `U_PID`='3' ) LIMIT 1   [ RunTime:0.000000s ]
NOTIC: [8] Undefined index: User_Email C:\wamp\www\Project\guoke\Home\Controller\LoginController.class.php 第 51 行.

[ 2016-05-24T21:26:01+08:00 ] 127.0.0.1 /Home/Login/Emaildo.html?email=15757940034%40163.com
INFO: [ app_begin ] --START--
INFO: Run Behavior\ReadHtmlCacheBehavior [ RunTime:0.000000s ]
INFO: [ app_begin ] --END-- [ RunTime:0.015625s ]
SQL: SHOW COLUMNS FROM `user_verify` [ RunTime:0.015625s ]
SQL: SELECT * FROM `user_verify` WHERE ( `User_Email`='15757940034@163.com' ) LIMIT 1   [ RunTime:0.000000s ]
INFO: [ app_end ] --START--
INFO: Run Behavior\ShowPageTraceBehavior [ RunTime:0.000000s ]
INFO: [ app_end ] --END-- [ RunTime:0.000000s ]

[ 2016-05-24T21:26:04+08:00 ] 127.0.0.1 /Home/Login/yzm.html
INFO: [ app_begin ] --START--
INFO: Run Behavior\ReadHtmlCacheBehavior [ RunTime:0.000000s ]
INFO: [ app_begin ] --END-- [ RunTime:0.000000s ]

[ 2016-05-24T21:26:04+08:00 ] 127.0.0.1 /Home/Login/Emaildo.html?email=15757940034%40163.com
INFO: [ app_begin ] --START--
INFO: Run Behavior\ReadHtmlCacheBehavior [ RunTime:0.000000s ]
INFO: [ app_begin ] --END-- [ RunTime:0.000000s ]
SQL: SHOW COLUMNS FROM `user_verify` [ RunTime:0.015625s ]
SQL: SELECT * FROM `user_verify` WHERE ( `User_Email`='15757940034@163.com' ) LIMIT 1   [ RunTime:0.000000s ]
INFO: [ app_end ] --START--
INFO: Run Behavior\ShowPageTraceBehavior [ RunTime:0.000000s ]
INFO: [ app_end ] --END-- [ RunTime:0.000000s ]

[ 2016-05-24T21:26:04+08:00 ] 127.0.0.1 /Home/Login/yzm.html
INFO: [ app_begin ] --START--
INFO: Run Behavior\ReadHtmlCacheBehavior [ RunTime:0.000000s ]
INFO: [ app_begin ] --END-- [ RunTime:0.000000s ]

[ 2016-05-24T21:26:05+08:00 ] 127.0.0.1 /Home/Login/logindo.html
INFO: [ app_begin ] --START--
INFO: Run Behavior\ReadHtmlCacheBehavior [ RunTime:0.000000s ]
INFO: [ app_begin ] --END-- [ RunTime:0.000000s ]
SQL: SHOW COLUMNS FROM `user_verify` [ RunTime:0.015625s ]
SQL: SELECT * FROM `user_verify` WHERE ( `User_Email`='15757940034@163.com'AND `User_Pwd`='e10adc3949ba59abbe56e057f20f883e' ) LIMIT 1   [ RunTime:0.000000s ]
NOTIC: [8] A session had already been started - ignoring session_start() C:\wamp\www\Project\guoke\Home\Controller\LoginController.class.php 第 43 行.
SQL: SHOW COLUMNS FROM `user_info` [ RunTime:0.000000s ]
SQL: SELECT `User_Nickname` FROM `user_info` WHERE ( `U_PID`='3' ) LIMIT 1   [ RunTime:0.000000s ]
NOTIC: [8] Undefined index: User_Email C:\wamp\www\Project\guoke\Home\Controller\LoginController.class.php 第 51 行.

[ 2016-05-24T21:26:37+08:00 ] 127.0.0.1 /Home/Login/Emaildo.html?email=15757940034%40163.com
INFO: [ app_begin ] --START--
INFO: Run Behavior\ReadHtmlCacheBehavior [ RunTime:0.000000s ]
INFO: [ app_begin ] --END-- [ RunTime:0.000000s ]
SQL: SHOW COLUMNS FROM `user_verify` [ RunTime:0.015625s ]
SQL: SELECT * FROM `user_verify` WHERE ( `User_Email`='15757940034@163.com' ) LIMIT 1   [ RunTime:0.000000s ]
INFO: [ app_end ] --START--
INFO: Run Behavior\ShowPageTraceBehavior [ RunTime:0.000000s ]
INFO: [ app_end ] --END-- [ RunTime:0.000000s ]

[ 2016-05-24T21:26:40+08:00 ] 127.0.0.1 /Home/Login/yzm.html
INFO: [ app_begin ] --START--
INFO: Run Behavior\ReadHtmlCacheBehavior [ RunTime:0.000000s ]
INFO: [ app_begin ] --END-- [ RunTime:0.000000s ]
INFO: [ app_end ] --START--
INFO: Run Behavior\ShowPageTraceBehavior [ RunTime:0.000000s ]
INFO: [ app_end ] --END-- [ RunTime:0.000000s ]

[ 2016-05-24T21:26:43+08:00 ] 127.0.0.1 /Home/Login/yzm.html
INFO: [ app_begin ] --START--
INFO: Run Behavior\ReadHtmlCacheBehavior [ RunTime:0.000000s ]
INFO: [ app_begin ] --END-- [ RunTime:0.000000s ]

[ 2016-05-24T21:26:44+08:00 ] 127.0.0.1 /Home/Login/Emaildo.html?email=15757940034%40163.com
INFO: [ app_begin ] --START--
INFO: Run Behavior\ReadHtmlCacheBehavior [ RunTime:0.000000s ]
INFO: [ app_begin ] --END-- [ RunTime:0.000000s ]
SQL: SHOW COLUMNS FROM `user_verify` [ RunTime:0.015625s ]
SQL: SELECT * FROM `user_verify` WHERE ( `User_Email`='15757940034@163.com' ) LIMIT 1   [ RunTime:0.000000s ]
INFO: [ app_end ] --START--
INFO: Run Behavior\ShowPageTraceBehavior [ RunTime:0.000000s ]
INFO: [ app_end ] --END-- [ RunTime:0.000000s ]

[ 2016-05-24T21:26:44+08:00 ] 127.0.0.1 /Home/Login/yzm.html
INFO: [ app_begin ] --START--
INFO: Run Behavior\ReadHtmlCacheBehavior [ RunTime:0.000000s ]
INFO: [ app_begin ] --END-- [ RunTime:0.000000s ]

[ 2016-05-24T21:26:44+08:00 ] 127.0.0.1 /Home/Login/logindo.html
INFO: [ app_begin ] --START--
INFO: Run Behavior\ReadHtmlCacheBehavior [ RunTime:0.000000s ]
INFO: [ app_begin ] --END-- [ RunTime:0.000000s ]
SQL: SHOW COLUMNS FROM `user_verify` [ RunTime:0.000000s ]
SQL: SELECT * FROM `user_verify` WHERE ( `User_Email`='15757940034@163.com'AND `User_Pwd`='e10adc3949ba59abbe56e057f20f883e' ) LIMIT 1   [ RunTime:0.000000s ]
NOTIC: [8] A session had already been started - ignoring session_start() C:\wamp\www\Project\guoke\Home\Controller\LoginController.class.php 第 43 行.
SQL: SHOW COLUMNS FROM `user_info` [ RunTime:0.000000s ]
SQL: SELECT `User_Nickname` FROM `user_info` WHERE ( `U_PID`='3' ) LIMIT 1   [ RunTime:0.000000s ]

[ 2016-05-24T21:28:46+08:00 ] 127.0.0.1 /Home/Login/Emaildo.html?email=15757940034%40163.com
INFO: [ app_begin ] --START--
INFO: Run Behavior\ReadHtmlCacheBehavior [ RunTime:0.000000s ]
INFO: [ app_begin ] --END-- [ RunTime:0.000000s ]
SQL: SHOW COLUMNS FROM `user_verify` [ RunTime:0.000000s ]
SQL: SELECT * FROM `user_verify` WHERE ( `User_Email`='15757940034@163.com' ) LIMIT 1   [ RunTime:0.000000s ]
INFO: [ app_end ] --START--
INFO: Run Behavior\ShowPageTraceBehavior [ RunTime:0.000000s ]
INFO: [ app_end ] --END-- [ RunTime:0.015625s ]

[ 2016-05-24T21:28:48+08:00 ] 127.0.0.1 /Home/Login/yzm.html
INFO: [ app_begin ] --START--
INFO: Run Behavior\ReadHtmlCacheBehavior [ RunTime:0.000000s ]
INFO: [ app_begin ] --END-- [ RunTime:0.000000s ]
INFO: [ app_end ] --START--
INFO: Run Behavior\ShowPageTraceBehavior [ RunTime:0.000000s ]
INFO: [ app_end ] --END-- [ RunTime:0.000000s ]

[ 2016-05-24T21:28:54+08:00 ] 127.0.0.1 /Home/Login/yzm.html
INFO: [ app_begin ] --START--
INFO: Run Behavior\ReadHtmlCacheBehavior [ RunTime:0.000000s ]
INFO: [ app_begin ] --END-- [ RunTime:0.000000s ]
INFO: [ app_end ] --START--
INFO: Run Behavior\ShowPageTraceBehavior [ RunTime:0.000000s ]
INFO: [ app_end ] --END-- [ RunTime:0.000000s ]

[ 2016-05-24T21:28:54+08:00 ] 127.0.0.1 /Home/Login/Emaildo.html?email=15757940034%40163.com
INFO: [ app_begin ] --START--
INFO: Run Behavior\ReadHtmlCacheBehavior [ RunTime:0.000000s ]
INFO: [ app_begin ] --END-- [ RunTime:0.000000s ]
SQL: SHOW COLUMNS FROM `user_verify` [ RunTime:0.000000s ]
SQL: SELECT * FROM `user_verify` WHERE ( `User_Email`='15757940034@163.com' ) LIMIT 1   [ RunTime:0.000000s ]
INFO: [ app_end ] --START--
INFO: Run Behavior\ShowPageTraceBehavior [ RunTime:0.000000s ]
INFO: [ app_end ] --END-- [ RunTime:0.000000s ]

[ 2016-05-24T21:28:54+08:00 ] 127.0.0.1 /Home/Login/yzm.html
INFO: [ app_begin ] --START--
INFO: Run Behavior\ReadHtmlCacheBehavior [ RunTime:0.000000s ]
INFO: [ app_begin ] --END-- [ RunTime:0.000000s ]
INFO: [ app_end ] --START--
INFO: Run Behavior\ShowPageTraceBehavior [ RunTime:0.015625s ]
INFO: [ app_end ] --END-- [ RunTime:0.015625s ]

[ 2016-05-24T21:28:58+08:00 ] 127.0.0.1 /Home/Login/yzm.html
INFO: [ app_begin ] --START--
INFO: Run Behavior\ReadHtmlCacheBehavior [ RunTime:0.000000s ]
INFO: [ app_begin ] --END-- [ RunTime:0.000000s ]

[ 2016-05-24T21:28:58+08:00 ] 127.0.0.1 /Home/Login/Emaildo.html?email=15757940034%40163.com
INFO: [ app_begin ] --START--
INFO: Run Behavior\ReadHtmlCacheBehavior [ RunTime:0.000000s ]
INFO: [ app_begin ] --END-- [ RunTime:0.000000s ]
SQL: SHOW COLUMNS FROM `user_verify` [ RunTime:0.015625s ]
SQL: SELECT * FROM `user_verify` WHERE ( `User_Email`='15757940034@163.com' ) LIMIT 1   [ RunTime:0.000000s ]
INFO: [ app_end ] --START--
INFO: Run Behavior\ShowPageTraceBehavior [ RunTime:0.000000s ]
INFO: [ app_end ] --END-- [ RunTime:0.000000s ]

[ 2016-05-24T21:28:58+08:00 ] 127.0.0.1 /Home/Login/yzm.html
INFO: [ app_begin ] --START--
INFO: Run Behavior\ReadHtmlCacheBehavior [ RunTime:0.000000s ]
INFO: [ app_begin ] --END-- [ RunTime:0.000000s ]

[ 2016-05-24T21:28:58+08:00 ] 127.0.0.1 /Home/Login/logindo.html
INFO: [ app_begin ] --START--
INFO: Run Behavior\ReadHtmlCacheBehavior [ RunTime:0.000000s ]
INFO: [ app_begin ] --END-- [ RunTime:0.000000s ]
SQL: SHOW COLUMNS FROM `user_verify` [ RunTime:0.000000s ]
SQL: SELECT * FROM `user_verify` WHERE ( `User_Email`='15757940034@163.com'AND `User_Pwd`='e10adc3949ba59abbe56e057f20f883e' ) LIMIT 1   [ RunTime:0.000000s ]
NOTIC: [8] A session had already been started - ignoring session_start() C:\wamp\www\Project\guoke\Home\Controller\LoginController.class.php 第 43 行.
SQL: SHOW COLUMNS FROM `user_info` [ RunTime:0.000000s ]
SQL: SELECT `User_Nickname` FROM `user_info` WHERE ( `U_PID`='3' ) LIMIT 1   [ RunTime:0.000000s ]

[ 2016-05-24T21:30:50+08:00 ] 127.0.0.1 /Home/Sign/signdo.html?email=15757940034%40163.com
INFO: [ app_begin ] --START--
INFO: Run Behavior\ReadHtmlCacheBehavior [ RunTime:0.000000s ]
INFO: [ app_begin ] --END-- [ RunTime:0.000000s ]
SQL: SHOW COLUMNS FROM `user_verify` [ RunTime:0.015625s ]
SQL: SELECT * FROM `user_verify` WHERE ( `User_Email`='15757940034@163.com' ) LIMIT 1   [ RunTime:0.000000s ]

[ 2016-05-24T21:30:52+08:00 ] 127.0.0.1 /Home/Sign/signdo.html?email=15757940034%40163.com
INFO: [ app_begin ] --START--
INFO: Run Behavior\ReadHtmlCacheBehavior [ RunTime:0.000000s ]
INFO: [ app_begin ] --END-- [ RunTime:0.015625s ]
SQL: SHOW COLUMNS FROM `user_verify` [ RunTime:0.000000s ]
SQL: SELECT * FROM `user_verify` WHERE ( `User_Email`='15757940034@163.com' ) LIMIT 1   [ RunTime:0.000000s ]

[ 2016-05-24T21:30:55+08:00 ] 127.0.0.1 /Home/Sign/signdo.html?email=15757940034%40163.com
INFO: [ app_begin ] --START--
INFO: Run Behavior\ReadHtmlCacheBehavior [ RunTime:0.015625s ]
INFO: [ app_begin ] --END-- [ RunTime:0.015625s ]
SQL: SHOW COLUMNS FROM `user_verify` [ RunTime:0.015625s ]
SQL: SELECT * FROM `user_verify` WHERE ( `User_Email`='15757940034@163.com' ) LIMIT 1   [ RunTime:0.000000s ]

[ 2016-05-24T21:30:57+08:00 ] 127.0.0.1 /Home/Sign/Email.html
INFO: [ app_begin ] --START--
INFO: Run Behavior\ReadHtmlCacheBehavior [ RunTime:0.000000s ]
INFO: [ app_begin ] --END-- [ RunTime:0.000000s ]
NOTIC: [8] Undefined index: email C:\wamp\www\Project\guoke\Home\Controller\SignController.class.php 第 24 行.
SQL: SHOW COLUMNS FROM `user_verify` [ RunTime:0.000000s ]
SQL: UPDATE `user_verify` SET `token`='b5e30cc8bcf31aec09a11d9e6785e786' WHERE ( `User_Email`='' ) [ RunTime:0.000000s ]
NOTIC: [8] Undefined variable: name C:\wamp\www\Project\guoke\Common\Common\function.php 第 28 行.
INFO: [ view_parse ] --START--
INFO: [ template_filter ] --START--
INFO: Run Behavior\ContentReplaceBehavior [ RunTime:0.000000s ]
INFO: [ template_filter ] --END-- [ RunTime:0.000000s ]
INFO: Run Behavior\ParseTemplateBehavior [ RunTime:0.015625s ]
INFO: [ view_parse ] --END-- [ RunTime:0.015625s ]
INFO: [ view_filter ] --START--
INFO: Run Behavior\WriteHtmlCacheBehavior [ RunTime:0.000000s ]
INFO: [ view_filter ] --END-- [ RunTime:0.000000s ]
INFO: [ app_end ] --START--
INFO: Run Behavior\ShowPageTraceBehavior [ RunTime:0.015625s ]
INFO: [ app_end ] --END-- [ RunTime:0.015625s ]

[ 2016-05-24T21:31:45+08:00 ] 127.0.0.1 /Home/Sign/Verify.html?email=%E6%B2%88%E6%B3%95
INFO: [ app_begin ] --START--
INFO: Run Behavior\ReadHtmlCacheBehavior [ RunTime:0.000000s ]
INFO: [ app_begin ] --END-- [ RunTime:0.000000s ]
SQL: SHOW COLUMNS FROM `user_info` [ RunTime:0.000000s ]
SQL: SELECT * FROM `user_info` WHERE ( `User_Nickname`='沈法' ) LIMIT 1   [ RunTime:0.000000s ]

[ 2016-05-24T21:31:51+08:00 ] 127.0.0.1 /Home/Sign/Verify.html?email=%E6%B2%88%E6%B3%95
INFO: [ app_begin ] --START--
INFO: Run Behavior\ReadHtmlCacheBehavior [ RunTime:0.000000s ]
INFO: [ app_begin ] --END-- [ RunTime:0.000000s ]
SQL: SHOW COLUMNS FROM `user_info` [ RunTime:0.015625s ]
SQL: SELECT * FROM `user_info` WHERE ( `User_Nickname`='沈法' ) LIMIT 1   [ RunTime:0.000000s ]

[ 2016-05-24T21:31:51+08:00 ] 127.0.0.1 /Home/Sign/CreateAdd.html
INFO: [ app_begin ] --START--
INFO: Run Behavior\ReadHtmlCacheBehavior [ RunTime:0.000000s ]
INFO: [ app_begin ] --END-- [ RunTime:0.015625s ]
SQL: SHOW COLUMNS FROM `user_info` [ RunTime:0.000000s ]
SQL: UPDATE `user_info` SET `User_Nickname`='沈法' WHERE ( `U_PID`='4' ) [ RunTime:0.000000s ]
SQL: SHOW COLUMNS FROM `user_verify` [ RunTime:0.000000s ]
SQL: UPDATE `user_verify` SET `User_Pwd`='e10adc3949ba59abbe56e057f20f883e' WHERE ( `U_id`='4' ) [ RunTime:0.000000s ]

[ 2016-05-24T21:46:17+08:00 ] 127.0.0.1 /Home/Login/Emaildo.html?email=15757940034%40163.com
INFO: [ app_begin ] --START--
INFO: Run Behavior\ReadHtmlCacheBehavior [ RunTime:0.000000s ]
INFO: [ app_begin ] --END-- [ RunTime:0.000000s ]
SQL: SHOW COLUMNS FROM `user_verify` [ RunTime:0.000000s ]
SQL: SELECT * FROM `user_verify` WHERE ( `User_Email`='15757940034@163.com' ) LIMIT 1   [ RunTime:0.000000s ]
INFO: [ app_end ] --START--
INFO: Run Behavior\ShowPageTraceBehavior [ RunTime:0.000000s ]
INFO: [ app_end ] --END-- [ RunTime:0.000000s ]

[ 2016-05-24T21:46:21+08:00 ] 127.0.0.1 /Home/Login/yzm.html
INFO: [ app_begin ] --START--
INFO: Run Behavior\ReadHtmlCacheBehavior [ RunTime:0.000000s ]
INFO: [ app_begin ] --END-- [ RunTime:0.000000s ]

[ 2016-05-24T21:46:23+08:00 ] 127.0.0.1 /Home/Login/Emaildo.html?email=15757940034%40163.com
INFO: [ app_begin ] --START--
INFO: Run Behavior\ReadHtmlCacheBehavior [ RunTime:0.000000s ]
INFO: [ app_begin ] --END-- [ RunTime:0.000000s ]
SQL: SHOW COLUMNS FROM `user_verify` [ RunTime:0.000000s ]
SQL: SELECT * FROM `user_verify` WHERE ( `User_Email`='15757940034@163.com' ) LIMIT 1   [ RunTime:0.000000s ]
INFO: [ app_end ] --START--
INFO: Run Behavior\ShowPageTraceBehavior [ RunTime:0.000000s ]
INFO: [ app_end ] --END-- [ RunTime:0.000000s ]

[ 2016-05-24T21:46:23+08:00 ] 127.0.0.1 /Home/Login/yzm.html
INFO: [ app_begin ] --START--
INFO: Run Behavior\ReadHtmlCacheBehavior [ RunTime:0.000000s ]
INFO: [ app_begin ] --END-- [ RunTime:0.015625s ]

[ 2016-05-24T21:46:23+08:00 ] 127.0.0.1 /Home/Login/logindo.html
INFO: [ app_begin ] --START--
INFO: Run Behavior\ReadHtmlCacheBehavior [ RunTime:0.000000s ]
INFO: [ app_begin ] --END-- [ RunTime:0.000000s ]
SQL: SHOW COLUMNS FROM `user_verify` [ RunTime:0.015625s ]
SQL: SELECT * FROM `user_verify` WHERE ( `User_Email`='15757940034@163.com'AND `User_Pwd`='e10adc3949ba59abbe56e057f20f883e' ) LIMIT 1   [ RunTime:0.000000s ]
NOTIC: [8] A session had already been started - ignoring session_start() C:\wamp\www\Project\guoke\Home\Controller\LoginController.class.php 第 43 行.
NOTIC: [8] Undefined index: checked C:\wamp\www\Project\guoke\Home\Controller\LoginController.class.php 第 46 行.

[ 2016-05-24T21:49:27+08:00 ] 127.0.0.1 /Home/Login/Emaildo.html?email=15757940034%40163.com
INFO: [ app_begin ] --START--
INFO: Run Behavior\ReadHtmlCacheBehavior [ RunTime:0.015625s ]
INFO: [ app_begin ] --END-- [ RunTime:0.015625s ]
SQL: SHOW COLUMNS FROM `user_verify` [ RunTime:0.000000s ]
SQL: SELECT * FROM `user_verify` WHERE ( `User_Email`='15757940034@163.com' ) LIMIT 1   [ RunTime:0.000000s ]
INFO: [ app_end ] --START--
INFO: Run Behavior\ShowPageTraceBehavior [ RunTime:0.015625s ]
INFO: [ app_end ] --END-- [ RunTime:0.015625s ]

[ 2016-05-24T21:49:31+08:00 ] 127.0.0.1 /Home/Login/yzm.html
INFO: [ app_begin ] --START--
INFO: Run Behavior\ReadHtmlCacheBehavior [ RunTime:0.000000s ]
INFO: [ app_begin ] --END-- [ RunTime:0.000000s ]

[ 2016-05-24T21:49:33+08:00 ] 127.0.0.1 /Home/Login/Emaildo.html?email=15757940034%40163.com
INFO: [ app_begin ] --START--
INFO: Run Behavior\ReadHtmlCacheBehavior [ RunTime:0.000000s ]
INFO: [ app_begin ] --END-- [ RunTime:0.015625s ]
SQL: SHOW COLUMNS FROM `user_verify` [ RunTime:0.000000s ]
SQL: SELECT * FROM `user_verify` WHERE ( `User_Email`='15757940034@163.com' ) LIMIT 1   [ RunTime:0.000000s ]
INFO: [ app_end ] --START--
INFO: Run Behavior\ShowPageTraceBehavior [ RunTime:0.000000s ]
INFO: [ app_end ] --END-- [ RunTime:0.000000s ]

[ 2016-05-24T21:49:33+08:00 ] 127.0.0.1 /Home/Login/yzm.html
INFO: [ app_begin ] --START--
INFO: Run Behavior\ReadHtmlCacheBehavior [ RunTime:0.000000s ]
INFO: [ app_begin ] --END-- [ RunTime:0.000000s ]

[ 2016-05-24T21:49:33+08:00 ] 127.0.0.1 /Home/Login/logindo.html
INFO: [ app_begin ] --START--
INFO: Run Behavior\ReadHtmlCacheBehavior [ RunTime:0.000000s ]
INFO: [ app_begin ] --END-- [ RunTime:0.000000s ]
SQL: SHOW COLUMNS FROM `user_verify` [ RunTime:0.015625s ]
SQL: SELECT * FROM `user_verify` WHERE ( `User_Email`='15757940034@163.com'AND `User_Pwd`='e10adc3949ba59abbe56e057f20f883e' ) LIMIT 1   [ RunTime:0.000000s ]
NOTIC: [8] A session had already been started - ignoring session_start() C:\wamp\www\Project\guoke\Home\Controller\LoginController.class.php 第 43 行.
NOTIC: [8] Undefined index: checked C:\wamp\www\Project\guoke\Home\Controller\LoginController.class.php 第 46 行.

[ 2016-05-24T21:51:05+08:00 ] 127.0.0.1 /Home/Login/Emaildo.html?email=15757940034%40163.com
INFO: [ app_begin ] --START--
INFO: Run Behavior\ReadHtmlCacheBehavior [ RunTime:0.000000s ]
INFO: [ app_begin ] --END-- [ RunTime:0.000000s ]
SQL: SHOW COLUMNS FROM `user_verify` [ RunTime:0.000000s ]
SQL: SELECT * FROM `user_verify` WHERE ( `User_Email`='15757940034@163.com' ) LIMIT 1   [ RunTime:0.000000s ]
INFO: [ app_end ] --START--
INFO: Run Behavior\ShowPageTraceBehavior [ RunTime:0.000000s ]
INFO: [ app_end ] --END-- [ RunTime:0.000000s ]

[ 2016-05-24T21:51:08+08:00 ] 127.0.0.1 /Home/Login/yzm.html
INFO: [ app_begin ] --START--
INFO: Run Behavior\ReadHtmlCacheBehavior [ RunTime:0.000000s ]
INFO: [ app_begin ] --END-- [ RunTime:0.000000s ]

[ 2016-05-24T21:51:09+08:00 ] 127.0.0.1 /Home/Login/Emaildo.html?email=15757940034%40163.com
INFO: [ app_begin ] --START--
INFO: Run Behavior\ReadHtmlCacheBehavior [ RunTime:0.000000s ]
INFO: [ app_begin ] --END-- [ RunTime:0.000000s ]
SQL: SHOW COLUMNS FROM `user_verify` [ RunTime:0.000000s ]
SQL: SELECT * FROM `user_verify` WHERE ( `User_Email`='15757940034@163.com' ) LIMIT 1   [ RunTime:0.000000s ]
INFO: [ app_end ] --START--
INFO: Run Behavior\ShowPageTraceBehavior [ RunTime:0.000000s ]
INFO: [ app_end ] --END-- [ RunTime:0.000000s ]

[ 2016-05-24T21:51:09+08:00 ] 127.0.0.1 /Home/Login/yzm.html
INFO: [ app_begin ] --START--
INFO: Run Behavior\ReadHtmlCacheBehavior [ RunTime:0.000000s ]
INFO: [ app_begin ] --END-- [ RunTime:0.000000s ]

[ 2016-05-24T21:51:09+08:00 ] 127.0.0.1 /Home/Login/logindo.html
INFO: [ app_begin ] --START--
INFO: Run Behavior\ReadHtmlCacheBehavior [ RunTime:0.000000s ]
INFO: [ app_begin ] --END-- [ RunTime:0.000000s ]
SQL: SHOW COLUMNS FROM `user_verify` [ RunTime:0.015625s ]
SQL: SELECT * FROM `user_verify` WHERE ( `User_Email`='15757940034@163.com'AND `User_Pwd`='e10adc3949ba59abbe56e057f20f883e' ) LIMIT 1   [ RunTime:0.000000s ]
NOTIC: [8] A session had already been started - ignoring session_start() C:\wamp\www\Project\guoke\Home\Controller\LoginController.class.php 第 43 行.
SQL: SHOW COLUMNS FROM `user_info` [ RunTime:0.000000s ]
SQL: SELECT `User_Nickname` FROM `user_info` WHERE ( `U_PID`='4' ) LIMIT 1   [ RunTime:0.000000s ]

[ 2016-05-24T21:51:43+08:00 ] 127.0.0.1 /Home/Login/Emaildo.html?email=15757940034%40163.com
INFO: [ app_begin ] --START--
INFO: Run Behavior\ReadHtmlCacheBehavior [ RunTime:0.000000s ]
INFO: [ app_begin ] --END-- [ RunTime:0.000000s ]
SQL: SHOW COLUMNS FROM `user_verify` [ RunTime:0.000000s ]
SQL: SELECT * FROM `user_verify` WHERE ( `User_Email`='15757940034@163.com' ) LIMIT 1   [ RunTime:0.000000s ]
INFO: [ app_end ] --START--
INFO: Run Behavior\ShowPageTraceBehavior [ RunTime:0.000000s ]
INFO: [ app_end ] --END-- [ RunTime:0.000000s ]

[ 2016-05-24T21:51:46+08:00 ] 127.0.0.1 /Home/Login/yzm.html
INFO: [ app_begin ] --START--
INFO: Run Behavior\ReadHtmlCacheBehavior [ RunTime:0.000000s ]
INFO: [ app_begin ] --END-- [ RunTime:0.000000s ]
INFO: [ app_end ] --START--
INFO: Run Behavior\ShowPageTraceBehavior [ RunTime:0.000000s ]
INFO: [ app_end ] --END-- [ RunTime:0.000000s ]

[ 2016-05-24T21:51:49+08:00 ] 127.0.0.1 /Home/Login/yzm.html
INFO: [ app_begin ] --START--
INFO: Run Behavior\ReadHtmlCacheBehavior [ RunTime:0.000000s ]
INFO: [ app_begin ] --END-- [ RunTime:0.000000s ]

[ 2016-05-24T21:51:53+08:00 ] 127.0.0.1 /Home/Login/Emaildo.html?email=15757940034%40163.com
INFO: [ app_begin ] --START--
INFO: Run Behavior\ReadHtmlCacheBehavior [ RunTime:0.000000s ]
INFO: [ app_begin ] --END-- [ RunTime:0.000000s ]
SQL: SHOW COLUMNS FROM `user_verify` [ RunTime:0.000000s ]
SQL: SELECT * FROM `user_verify` WHERE ( `User_Email`='15757940034@163.com' ) LIMIT 1   [ RunTime:0.000000s ]
INFO: [ app_end ] --START--
INFO: Run Behavior\ShowPageTraceBehavior [ RunTime:0.000000s ]
INFO: [ app_end ] --END-- [ RunTime:0.000000s ]

[ 2016-05-24T21:51:53+08:00 ] 127.0.0.1 /Home/Login/yzm.html
INFO: [ app_begin ] --START--
INFO: Run Behavior\ReadHtmlCacheBehavior [ RunTime:0.000000s ]
INFO: [ app_begin ] --END-- [ RunTime:0.000000s ]

[ 2016-05-24T21:51:53+08:00 ] 127.0.0.1 /Home/Login/logindo.html
INFO: [ app_begin ] --START--
INFO: Run Behavior\ReadHtmlCacheBehavior [ RunTime:0.000000s ]
INFO: [ app_begin ] --END-- [ RunTime:0.000000s ]
SQL: SHOW COLUMNS FROM `user_verify` [ RunTime:0.000000s ]
SQL: SELECT * FROM `user_verify` WHERE ( `User_Email`='15757940034@163.com'AND `User_Pwd`='e10adc3949ba59abbe56e057f20f883e' ) LIMIT 1   [ RunTime:0.000000s ]
NOTIC: [8] A session had already been started - ignoring session_start() C:\wamp\www\Project\guoke\Home\Controller\LoginController.class.php 第 43 行.
NOTIC: [8] Undefined index: checked C:\wamp\www\Project\guoke\Home\Controller\LoginController.class.php 第 46 行.

[ 2016-05-24T22:17:00+08:00 ] 127.0.0.1 /Home/Login/Emaildo.html?email=15757940034%40163.com
INFO: [ app_begin ] --START--
INFO: Run Behavior\ReadHtmlCacheBehavior [ RunTime:0.000000s ]
INFO: [ app_begin ] --END-- [ RunTime:0.000000s ]
SQL: SHOW COLUMNS FROM `user_verify` [ RunTime:0.000000s ]
SQL: SELECT * FROM `user_verify` WHERE ( `User_Email`='15757940034@163.com' ) LIMIT 1   [ RunTime:0.000000s ]
INFO: [ app_end ] --START--
INFO: Run Behavior\ShowPageTraceBehavior [ RunTime:0.000000s ]
INFO: [ app_end ] --END-- [ RunTime:0.000000s ]

[ 2016-05-24T22:17:03+08:00 ] 127.0.0.1 /Home/Login/yzm.html
INFO: [ app_begin ] --START--
INFO: Run Behavior\ReadHtmlCacheBehavior [ RunTime:0.000000s ]
INFO: [ app_begin ] --END-- [ RunTime:0.000000s ]

[ 2016-05-24T22:17:03+08:00 ] 127.0.0.1 /Home/Login/Emaildo.html?email=15757940034%40163.com
INFO: [ app_begin ] --START--
INFO: Run Behavior\ReadHtmlCacheBehavior [ RunTime:0.015625s ]
INFO: [ app_begin ] --END-- [ RunTime:0.015625s ]
SQL: SHOW COLUMNS FROM `user_verify` [ RunTime:0.000000s ]
SQL: SELECT * FROM `user_verify` WHERE ( `User_Email`='15757940034@163.com' ) LIMIT 1   [ RunTime:0.000000s ]
INFO: [ app_end ] --START--
INFO: Run Behavior\ShowPageTraceBehavior [ RunTime:0.000000s ]
INFO: [ app_end ] --END-- [ RunTime:0.000000s ]

[ 2016-05-24T22:17:04+08:00 ] 127.0.0.1 /Home/Login/yzm.html
INFO: [ app_begin ] --START--
INFO: Run Behavior\ReadHtmlCacheBehavior [ RunTime:0.000000s ]
INFO: [ app_begin ] --END-- [ RunTime:0.015625s ]

[ 2016-05-24T22:17:04+08:00 ] 127.0.0.1 /Home/Login/logindo.html
INFO: [ app_begin ] --START--
INFO: Run Behavior\ReadHtmlCacheBehavior [ RunTime:0.000000s ]
INFO: [ app_begin ] --END-- [ RunTime:0.000000s ]
SQL: SHOW COLUMNS FROM `user_verify` [ RunTime:0.015625s ]
SQL: SELECT * FROM `user_verify` WHERE ( `User_Email`='15757940034@163.com'AND `User_Pwd`='e10adc3949ba59abbe56e057f20f883e' ) LIMIT 1   [ RunTime:0.000000s ]
NOTIC: [8] A session had already been started - ignoring session_start() C:\wamp\www\Project\guoke\Home\Controller\LoginController.class.php 第 43 行.
SQL: SHOW COLUMNS FROM `user_info` [ RunTime:0.015625s ]
SQL: SELECT `User_Nickname` FROM `user_info` WHERE ( `U_PID`='4' ) LIMIT 1   [ RunTime:0.000000s ]

